<?xml version="1.0" encoding="UTF-8"?>
<testsuite xmlns:xsi="http://www.w3.org/2001/XMLSchema-instance" xsi:noNamespaceSchemaLocation="https://maven.apache.org/surefire/maven-surefire-plugin/xsd/surefire-test-report-3.0.xsd" version="3.0" name="com.TA.acceptancetests.shopping" time="44.117" tests="1" errors="0" skipped="0" failures="0">
  <properties>
    <property name="sun.desktop" value="windows"/>
    <property name="awt.toolkit" value="sun.awt.windows.WToolkit"/>
    <property name="java.specification.version" value="11"/>
    <property name="webdriver.chrome.driver" value="C:\Users\Emumba\.cache\selenium\chromedriver\win32\98.0.4758.80\chromedriver.exe"/>
    <property name="sun.cpu.isalist" value="amd64"/>
    <property name="sun.jnu.encoding" value="Cp1252"/>
    <property name="java.class.path" value="D:\Emumba\MVN_Projects\Assignment(NewUpdate)\target\test-classes;D:\Emumba\MVN_Projects\Assignment(NewUpdate)\target\classes;C:\Users\Emumba\.m2\repository\net\serenity-bdd\serenity-core\3.1.15\serenity-core-3.1.15.jar;C:\Users\Emumba\.m2\repository\net\serenity-bdd\serenity-model\3.1.15\serenity-model-3.1.15.jar;C:\Users\Emumba\.m2\repository\org\apache\commons\commons-text\1.9\commons-text-1.9.jar;C:\Users\Emumba\.m2\repository\commons-net\commons-net\3.6\commons-net-3.6.jar;C:\Users\Emumba\.m2\repository\com\google\guava\guava\31.0.1-jre\guava-31.0.1-jre.jar;C:\Users\Emumba\.m2\repository\com\google\guava\failureaccess\1.0.1\failureaccess-1.0.1.jar;C:\Users\Emumba\.m2\repository\com\google\guava\listenablefuture\9999.0-empty-to-avoid-conflict-with-guava\listenablefuture-9999.0-empty-to-avoid-conflict-with-guava.jar;C:\Users\Emumba\.m2\repository\com\google\code\findbugs\jsr305\3.0.2\jsr305-3.0.2.jar;C:\Users\Emumba\.m2\repository\org\checkerframework\checker-qual\3.12.0\checker-qual-3.12.0.jar;C:\Users\Emumba\.m2\repository\com\google\errorprone\error_prone_annotations\2.7.1\error_prone_annotations-2.7.1.jar;C:\Users\Emumba\.m2\repository\com\google\j2objc\j2objc-annotations\1.3\j2objc-annotations-1.3.jar;C:\Users\Emumba\.m2\repository\com\google\inject\guice\5.0.1\guice-5.0.1.jar;C:\Users\Emumba\.m2\repository\javax\inject\javax.inject\1\javax.inject-1.jar;C:\Users\Emumba\.m2\repository\aopalliance\aopalliance\1.0\aopalliance-1.0.jar;C:\Users\Emumba\.m2\repository\org\jsoup\jsoup\1.14.3\jsoup-1.14.3.jar;C:\Users\Emumba\.m2\repository\com\thoughtworks\xstream\xstream\1.4.18\xstream-1.4.18.jar;C:\Users\Emumba\.m2\repository\io\github\x-stream\mxparser\1.2.2\mxparser-1.2.2.jar;C:\Users\Emumba\.m2\repository\xmlpull\xmlpull\1.1.3.1\xmlpull-1.1.3.1.jar;C:\Users\Emumba\.m2\repository\io\cucumber\cucumber-java\7.0.0\cucumber-java-7.0.0.jar;C:\Users\Emumba\.m2\repository\com\typesafe\config\1.3.1\config-1.3.1.jar;C:\Users\Emumba\.m2\repository\org\imgscalr\imgscalr-lib\4.2\imgscalr-lib-4.2.jar;C:\Users\Emumba\.m2\repository\org\awaitility\awaitility\4.1.0\awaitility-4.1.0.jar;C:\Users\Emumba\.m2\repository\org\freemarker\freemarker\2.3.31\freemarker-2.3.31.jar;C:\Users\Emumba\.m2\repository\org\reflections\reflections\0.10.2\reflections-0.10.2.jar;C:\Users\Emumba\.m2\repository\org\javassist\javassist\3.28.0-GA\javassist-3.28.0-GA.jar;C:\Users\Emumba\.m2\repository\net\sourceforge\jexcelapi\jxl\2.6.12\jxl-2.6.12.jar;C:\Users\Emumba\.m2\repository\net\bytebuddy\byte-buddy\1.12.3\byte-buddy-1.12.3.jar;C:\Users\Emumba\.m2\repository\net\bytebuddy\byte-buddy-agent\1.12.3\byte-buddy-agent-1.12.3.jar;C:\Users\Emumba\.m2\repository\org\objenesis\objenesis\3.1\objenesis-3.1.jar;C:\Users\Emumba\.m2\repository\net\serenity-bdd\serenity-reports\3.1.15\serenity-reports-3.1.15.jar;C:\Users\Emumba\.m2\repository\net\serenity-bdd\serenity-stats\3.1.15\serenity-stats-3.1.15.jar;C:\Users\Emumba\.m2\repository\net\serenity-bdd\serenity-reports-configuration\3.1.15\serenity-reports-configuration-3.1.15.jar;C:\Users\Emumba\.m2\repository\com\vladsch\flexmark\flexmark-all\0.34.30\flexmark-all-0.34.30.jar;C:\Users\Emumba\.m2\repository\com\vladsch\flexmark\flexmark\0.34.30\flexmark-0.34.30.jar;C:\Users\Emumba\.m2\repository\com\vladsch\flexmark\flexmark-ext-abbreviation\0.34.30\flexmark-ext-abbreviation-0.34.30.jar;C:\Users\Emumba\.m2\repository\com\vladsch\flexmark\flexmark-ext-admonition\0.34.30\flexmark-ext-admonition-0.34.30.jar;C:\Users\Emumba\.m2\repository\com\vladsch\flexmark\flexmark-ext-anchorlink\0.34.30\flexmark-ext-anchorlink-0.34.30.jar;C:\Users\Emumba\.m2\repository\com\vladsch\flexmark\flexmark-ext-aside\0.34.30\flexmark-ext-aside-0.34.30.jar;C:\Users\Emumba\.m2\repository\com\vladsch\flexmark\flexmark-ext-attributes\0.34.30\flexmark-ext-attributes-0.34.30.jar;C:\Users\Emumba\.m2\repository\com\vladsch\flexmark\flexmark-ext-autolink\0.34.30\flexmark-ext-autolink-0.34.30.jar;C:\Users\Emumba\.m2\repository\org\nibor\autolink\autolink\0.6.0\autolink-0.6.0.jar;C:\Users\Emumba\.m2\repository\com\vladsch\flexmark\flexmark-ext-definition\0.34.30\flexmark-ext-definition-0.34.30.jar;C:\Users\Emumba\.m2\repository\com\vladsch\flexmark\flexmark-ext-emoji\0.34.30\flexmark-ext-emoji-0.34.30.jar;C:\Users\Emumba\.m2\repository\com\vladsch\flexmark\flexmark-ext-enumerated-reference\0.34.30\flexmark-ext-enumerated-reference-0.34.30.jar;C:\Users\Emumba\.m2\repository\com\vladsch\flexmark\flexmark-ext-escaped-character\0.34.30\flexmark-ext-escaped-character-0.34.30.jar;C:\Users\Emumba\.m2\repository\com\vladsch\flexmark\flexmark-ext-footnotes\0.34.30\flexmark-ext-footnotes-0.34.30.jar;C:\Users\Emumba\.m2\repository\com\vladsch\flexmark\flexmark-ext-gfm-issues\0.34.30\flexmark-ext-gfm-issues-0.34.30.jar;C:\Users\Emumba\.m2\repository\com\vladsch\flexmark\flexmark-ext-gfm-strikethrough\0.34.30\flexmark-ext-gfm-strikethrough-0.34.30.jar;C:\Users\Emumba\.m2\repository\com\vladsch\flexmark\flexmark-ext-gfm-tables\0.34.30\flexmark-ext-gfm-tables-0.34.30.jar;C:\Users\Emumba\.m2\repository\com\vladsch\flexmark\flexmark-ext-gfm-tasklist\0.34.30\flexmark-ext-gfm-tasklist-0.34.30.jar;C:\Users\Emumba\.m2\repository\com\vladsch\flexmark\flexmark-ext-gfm-users\0.34.30\flexmark-ext-gfm-users-0.34.30.jar;C:\Users\Emumba\.m2\repository\com\vladsch\flexmark\flexmark-ext-gitlab\0.34.30\flexmark-ext-gitlab-0.34.30.jar;C:\Users\Emumba\.m2\repository\com\vladsch\flexmark\flexmark-ext-jekyll-front-matter\0.34.30\flexmark-ext-jekyll-front-matter-0.34.30.jar;C:\Users\Emumba\.m2\repository\com\vladsch\flexmark\flexmark-ext-jekyll-tag\0.34.30\flexmark-ext-jekyll-tag-0.34.30.jar;C:\Users\Emumba\.m2\repository\com\vladsch\flexmark\flexmark-ext-media-tags\0.34.30\flexmark-ext-media-tags-0.34.30.jar;C:\Users\Emumba\.m2\repository\com\vladsch\flexmark\flexmark-test-util\0.34.30\flexmark-test-util-0.34.30.jar;C:\Users\Emumba\.m2\repository\com\vladsch\flexmark\flexmark-ext-ins\0.34.30\flexmark-ext-ins-0.34.30.jar;C:\Users\Emumba\.m2\repository\com\vladsch\flexmark\flexmark-ext-xwiki-macros\0.34.30\flexmark-ext-xwiki-macros-0.34.30.jar;C:\Users\Emumba\.m2\repository\com\vladsch\flexmark\flexmark-ext-superscript\0.34.30\flexmark-ext-superscript-0.34.30.jar;C:\Users\Emumba\.m2\repository\com\vladsch\flexmark\flexmark-ext-tables\0.34.30\flexmark-ext-tables-0.34.30.jar;C:\Users\Emumba\.m2\repository\com\vladsch\flexmark\flexmark-ext-toc\0.34.30\flexmark-ext-toc-0.34.30.jar;C:\Users\Emumba\.m2\repository\com\vladsch\flexmark\flexmark-ext-typographic\0.34.30\flexmark-ext-typographic-0.34.30.jar;C:\Users\Emumba\.m2\repository\com\vladsch\flexmark\flexmark-ext-wikilink\0.34.30\flexmark-ext-wikilink-0.34.30.jar;C:\Users\Emumba\.m2\repository\com\vladsch\flexmark\flexmark-ext-yaml-front-matter\0.34.30\flexmark-ext-yaml-front-matter-0.34.30.jar;C:\Users\Emumba\.m2\repository\com\vladsch\flexmark\flexmark-ext-youtube-embedded\0.34.30\flexmark-ext-youtube-embedded-0.34.30.jar;C:\Users\Emumba\.m2\repository\com\vladsch\flexmark\flexmark-formatter\0.34.30\flexmark-formatter-0.34.30.jar;C:\Users\Emumba\.m2\repository\com\vladsch\flexmark\flexmark-html-parser\0.34.30\flexmark-html-parser-0.34.30.jar;C:\Users\Emumba\.m2\repository\com\vladsch\flexmark\flexmark-jira-converter\0.34.30\flexmark-jira-converter-0.34.30.jar;C:\Users\Emumba\.m2\repository\com\vladsch\flexmark\flexmark-pdf-converter\0.34.30\flexmark-pdf-converter-0.34.30.jar;C:\Users\Emumba\.m2\repository\com\openhtmltopdf\openhtmltopdf-core\0.0.1-RC13\openhtmltopdf-core-0.0.1-RC13.jar;C:\Users\Emumba\.m2\repository\com\openhtmltopdf\openhtmltopdf-pdfbox\0.0.1-RC13\openhtmltopdf-pdfbox-0.0.1-RC13.jar;C:\Users\Emumba\.m2\repository\org\apache\pdfbox\pdfbox\2.0.8\pdfbox-2.0.8.jar;C:\Users\Emumba\.m2\repository\org\apache\pdfbox\fontbox\2.0.8\fontbox-2.0.8.jar;C:\Users\Emumba\.m2\repository\commons-logging\commons-logging\1.2\commons-logging-1.2.jar;C:\Users\Emumba\.m2\repository\org\apache\pdfbox\xmpbox\2.0.8\xmpbox-2.0.8.jar;C:\Users\Emumba\.m2\repository\de\rototor\pdfbox\graphics2d\0.12\graphics2d-0.12.jar;C:\Users\Emumba\.m2\repository\com\openhtmltopdf\openhtmltopdf-rtl-support\0.0.1-RC13\openhtmltopdf-rtl-support-0.0.1-RC13.jar;C:\Users\Emumba\.m2\repository\com\ibm\icu\icu4j\59.1\icu4j-59.1.jar;C:\Users\Emumba\.m2\repository\com\openhtmltopdf\openhtmltopdf-jsoup-dom-converter\0.0.1-RC13\openhtmltopdf-jsoup-dom-converter-0.0.1-RC13.jar;C:\Users\Emumba\.m2\repository\com\vladsch\flexmark\flexmark-profile-pegdown\0.34.30\flexmark-profile-pegdown-0.34.30.jar;C:\Users\Emumba\.m2\repository\com\vladsch\flexmark\flexmark-util\0.34.30\flexmark-util-0.34.30.jar;C:\Users\Emumba\.m2\repository\com\vladsch\flexmark\flexmark-youtrack-converter\0.34.30\flexmark-youtrack-converter-0.34.30.jar;C:\Users\Emumba\.m2\repository\es\nitaur\markdown\txtmark\0.16\txtmark-0.16.jar;C:\Users\Emumba\.m2\repository\net\serenity-bdd\serenity-report-resources\3.1.15\serenity-report-resources-3.1.15.jar;C:\Users\Emumba\.m2\repository\com\fasterxml\jackson\core\jackson-core\2.12.4\jackson-core-2.12.4.jar;C:\Users\Emumba\.m2\repository\com\fasterxml\jackson\core\jackson-databind\2.12.4\jackson-databind-2.12.4.jar;C:\Users\Emumba\.m2\repository\com\fasterxml\jackson\core\jackson-annotations\2.12.4\jackson-annotations-2.12.4.jar;C:\Users\Emumba\.m2\repository\commons-codec\commons-codec\1.15\commons-codec-1.15.jar;C:\Users\Emumba\.m2\repository\commons-io\commons-io\2.8.0\commons-io-2.8.0.jar;C:\Users\Emumba\.m2\repository\org\seleniumhq\selenium\selenium-java\4.1.1\selenium-java-4.1.1.jar;C:\Users\Emumba\.m2\repository\org\seleniumhq\selenium\selenium-devtools-v85\4.1.1\selenium-devtools-v85-4.1.1.jar;C:\Users\Emumba\.m2\repository\org\seleniumhq\selenium\selenium-devtools-v94\4.1.1\selenium-devtools-v94-4.1.1.jar;C:\Users\Emumba\.m2\repository\org\seleniumhq\selenium\selenium-devtools-v95\4.1.1\selenium-devtools-v95-4.1.1.jar;C:\Users\Emumba\.m2\repository\org\seleniumhq\selenium\selenium-devtools-v96\4.1.1\selenium-devtools-v96-4.1.1.jar;C:\Users\Emumba\.m2\repository\org\seleniumhq\selenium\selenium-firefox-xpi-driver\4.1.1\selenium-firefox-xpi-driver-4.1.1.jar;C:\Users\Emumba\.m2\repository\org\seleniumhq\selenium\selenium-opera-driver\4.1.1\selenium-opera-driver-4.1.1.jar;C:\Users\Emumba\.m2\repository\org\seleniumhq\selenium\selenium-remote-driver\4.1.1\selenium-remote-driver-4.1.1.jar;C:\Users\Emumba\.m2\repository\com\beust\jcommander\1.81\jcommander-1.81.jar;C:\Users\Emumba\.m2\repository\io\netty\netty-buffer\4.1.70.Final\netty-buffer-4.1.70.Final.jar;C:\Users\Emumba\.m2\repository\io\netty\netty-codec-http\4.1.70.Final\netty-codec-http-4.1.70.Final.jar;C:\Users\Emumba\.m2\repository\io\netty\netty-codec\4.1.70.Final\netty-codec-4.1.70.Final.jar;C:\Users\Emumba\.m2\repository\io\netty\netty-handler\4.1.70.Final\netty-handler-4.1.70.Final.jar;C:\Users\Emumba\.m2\repository\io\netty\netty-common\4.1.70.Final\netty-common-4.1.70.Final.jar;C:\Users\Emumba\.m2\repository\io\netty\netty-transport-classes-epoll\4.1.70.Final\netty-transport-classes-epoll-4.1.70.Final.jar;C:\Users\Emumba\.m2\repository\io\netty\netty-transport-classes-kqueue\4.1.70.Final\netty-transport-classes-kqueue-4.1.70.Final.jar;C:\Users\Emumba\.m2\repository\io\netty\netty-transport-native-unix-common\4.1.70.Final\netty-transport-native-unix-common-4.1.70.Final.jar;C:\Users\Emumba\.m2\repository\io\netty\netty-transport\4.1.70.Final\netty-transport-4.1.70.Final.jar;C:\Users\Emumba\.m2\repository\io\netty\netty-resolver\4.1.70.Final\netty-resolver-4.1.70.Final.jar;C:\Users\Emumba\.m2\repository\io\opentelemetry\opentelemetry-api\1.9.1\opentelemetry-api-1.9.1.jar;C:\Users\Emumba\.m2\repository\io\opentelemetry\opentelemetry-context\1.9.1\opentelemetry-context-1.9.1.jar;C:\Users\Emumba\.m2\repository\io\opentelemetry\opentelemetry-exporter-logging\1.9.1\opentelemetry-exporter-logging-1.9.1.jar;C:\Users\Emumba\.m2\repository\io\opentelemetry\opentelemetry-sdk-metrics\1.9.1-alpha\opentelemetry-sdk-metrics-1.9.1-alpha.jar;C:\Users\Emumba\.m2\repository\io\opentelemetry\opentelemetry-sdk-logs\1.9.1-alpha\opentelemetry-sdk-logs-1.9.1-alpha.jar;C:\Users\Emumba\.m2\repository\io\opentelemetry\opentelemetry-sdk-common\1.9.1\opentelemetry-sdk-common-1.9.1.jar;C:\Users\Emumba\.m2\repository\io\opentelemetry\opentelemetry-sdk-extension-autoconfigure-spi\1.9.1\opentelemetry-sdk-extension-autoconfigure-spi-1.9.1.jar;C:\Users\Emumba\.m2\repository\io\opentelemetry\opentelemetry-sdk-extension-autoconfigure\1.9.1-alpha\opentelemetry-sdk-extension-autoconfigure-1.9.1-alpha.jar;C:\Users\Emumba\.m2\repository\io\opentelemetry\opentelemetry-sdk-trace\1.9.1\opentelemetry-sdk-trace-1.9.1.jar;C:\Users\Emumba\.m2\repository\io\opentelemetry\opentelemetry-api-metrics\1.9.1-alpha\opentelemetry-api-metrics-1.9.1-alpha.jar;C:\Users\Emumba\.m2\repository\io\opentelemetry\opentelemetry-sdk\1.9.1\opentelemetry-sdk-1.9.1.jar;C:\Users\Emumba\.m2\repository\io\opentelemetry\opentelemetry-semconv\1.9.1-alpha\opentelemetry-semconv-1.9.1-alpha.jar;C:\Users\Emumba\.m2\repository\io\ous\jtoml\2.0.0\jtoml-2.0.0.jar;C:\Users\Emumba\.m2\repository\org\apache\commons\commons-exec\1.3\commons-exec-1.3.jar;C:\Users\Emumba\.m2\repository\org\asynchttpclient\async-http-client\2.12.3\async-http-client-2.12.3.jar;C:\Users\Emumba\.m2\repository\org\asynchttpclient\async-http-client-netty-utils\2.12.3\async-http-client-netty-utils-2.12.3.jar;C:\Users\Emumba\.m2\repository\io\netty\netty-codec-socks\4.1.60.Final\netty-codec-socks-4.1.60.Final.jar;C:\Users\Emumba\.m2\repository\io\netty\netty-handler-proxy\4.1.60.Final\netty-handler-proxy-4.1.60.Final.jar;C:\Users\Emumba\.m2\repository\io\netty\netty-transport-native-epoll\4.1.60.Final\netty-transport-native-epoll-4.1.60.Final-linux-x86_64.jar;C:\Users\Emumba\.m2\repository\io\netty\netty-transport-native-kqueue\4.1.60.Final\netty-transport-native-kqueue-4.1.60.Final-osx-x86_64.jar;C:\Users\Emumba\.m2\repository\org\reactivestreams\reactive-streams\1.0.3\reactive-streams-1.0.3.jar;C:\Users\Emumba\.m2\repository\com\typesafe\netty\netty-reactive-streams\2.0.4\netty-reactive-streams-2.0.4.jar;C:\Users\Emumba\.m2\repository\org\seleniumhq\selenium\selenium-http\4.1.1\selenium-http-4.1.1.jar;C:\Users\Emumba\.m2\repository\net\jodah\failsafe\2.4.4\failsafe-2.4.4.jar;C:\Users\Emumba\.m2\repository\org\seleniumhq\selenium\selenium-safari-driver\4.1.1\selenium-safari-driver-4.1.1.jar;C:\Users\Emumba\.m2\repository\org\seleniumhq\selenium\selenium-api\4.1.1\selenium-api-4.1.1.jar;C:\Users\Emumba\.m2\repository\org\seleniumhq\selenium\selenium-support\4.1.1\selenium-support-4.1.1.jar;C:\Users\Emumba\.m2\repository\com\google\auto\service\auto-service-annotations\1.0.1\auto-service-annotations-1.0.1.jar;C:\Users\Emumba\.m2\repository\com\google\auto\service\auto-service\1.0.1\auto-service-1.0.1.jar;C:\Users\Emumba\.m2\repository\com\google\auto\auto-common\1.2\auto-common-1.2.jar;C:\Users\Emumba\.m2\repository\org\seleniumhq\selenium\selenium-json\4.1.1\selenium-json-4.1.1.jar;C:\Users\Emumba\.m2\repository\org\seleniumhq\selenium\selenium-chrome-driver\4.1.1\selenium-chrome-driver-4.1.1.jar;C:\Users\Emumba\.m2\repository\org\seleniumhq\selenium\selenium-chromium-driver\4.1.1\selenium-chromium-driver-4.1.1.jar;C:\Users\Emumba\.m2\repository\org\seleniumhq\selenium\selenium-firefox-driver\4.1.1\selenium-firefox-driver-4.1.1.jar;C:\Users\Emumba\.m2\repository\org\seleniumhq\selenium\selenium-edge-driver\4.1.1\selenium-edge-driver-4.1.1.jar;C:\Users\Emumba\.m2\repository\org\seleniumhq\selenium\selenium-ie-driver\4.1.1\selenium-ie-driver-4.1.1.jar;C:\Users\Emumba\.m2\repository\org\projectlombok\lombok\1.18.20\lombok-1.18.20.jar;C:\Users\Emumba\.m2\repository\io\appium\java-client\8.0.0-beta\java-client-8.0.0-beta.jar;C:\Users\Emumba\.m2\repository\commons-validator\commons-validator\1.7\commons-validator-1.7.jar;C:\Users\Emumba\.m2\repository\commons-digester\commons-digester\2.1\commons-digester-2.1.jar;C:\Users\Emumba\.m2\repository\org\aspectj\aspectjweaver\1.9.7\aspectjweaver-1.9.7.jar;C:\Users\Emumba\.m2\repository\org\codehaus\groovy\groovy\3.0.9\groovy-3.0.9.jar;C:\Users\Emumba\.m2\repository\net\sf\opencsv\opencsv\2.0\opencsv-2.0.jar;C:\Users\Emumba\.m2\repository\commons-beanutils\commons-beanutils\1.9.4\commons-beanutils-1.9.4.jar;C:\Users\Emumba\.m2\repository\org\apache\commons\commons-lang3\3.11\commons-lang3-3.11.jar;C:\Users\Emumba\.m2\repository\commons-collections\commons-collections\3.2.2\commons-collections-3.2.2.jar;C:\Users\Emumba\.m2\repository\org\fluentlenium\fluentlenium-core\0.10.2\fluentlenium-core-0.10.2.jar;C:\Users\Emumba\.m2\repository\io\github\bonigarcia\webdrivermanager\5.0.3\webdrivermanager-5.0.3.jar;C:\Users\Emumba\.m2\repository\com\github\docker-java\docker-java\3.2.12\docker-java-3.2.12.jar;C:\Users\Emumba\.m2\repository\com\github\docker-java\docker-java-core\3.2.12\docker-java-core-3.2.12.jar;C:\Users\Emumba\.m2\repository\com\github\docker-java\docker-java-api\3.2.12\docker-java-api-3.2.12.jar;C:\Users\Emumba\.m2\repository\org\apache\commons\commons-compress\1.21\commons-compress-1.21.jar;C:\Users\Emumba\.m2\repository\commons-lang\commons-lang\2.6\commons-lang-2.6.jar;C:\Users\Emumba\.m2\repository\org\bouncycastle\bcpkix-jdk15on\1.64\bcpkix-jdk15on-1.64.jar;C:\Users\Emumba\.m2\repository\org\bouncycastle\bcprov-jdk15on\1.64\bcprov-jdk15on-1.64.jar;C:\Users\Emumba\.m2\repository\org\slf4j\jcl-over-slf4j\1.7.30\jcl-over-slf4j-1.7.30.jar;C:\Users\Emumba\.m2\repository\com\github\docker-java\docker-java-transport-httpclient5\3.2.12\docker-java-transport-httpclient5-3.2.12.jar;C:\Users\Emumba\.m2\repository\com\github\docker-java\docker-java-transport\3.2.12\docker-java-transport-3.2.12.jar;C:\Users\Emumba\.m2\repository\org\apache\httpcomponents\client5\httpclient5\5.0.3\httpclient5-5.0.3.jar;C:\Users\Emumba\.m2\repository\org\apache\httpcomponents\core5\httpcore5\5.0.2\httpcore5-5.0.2.jar;C:\Users\Emumba\.m2\repository\net\java\dev\jna\jna\5.8.0\jna-5.8.0.jar;C:\Users\Emumba\.m2\repository\org\brotli\dec\0.1.2\dec-0.1.2.jar;C:\Users\Emumba\.m2\repository\com\jhlabs\filters\2.0.235\filters-2.0.235.jar;C:\Users\Emumba\.m2\repository\com\paulhammant\ngwebdriver\1.1.5\ngwebdriver-1.1.5.jar;C:\Users\Emumba\.m2\repository\joda-time\joda-time\2.8.2\joda-time-2.8.2.jar;C:\Users\Emumba\.m2\repository\org\hamcrest\hamcrest\2.2\hamcrest-2.2.jar;C:\Users\Emumba\.m2\repository\com\google\jimfs\jimfs\1.1\jimfs-1.1.jar;C:\Users\Emumba\.m2\repository\org\mockito\mockito-core\3.3.3\mockito-core-3.3.3.jar;C:\Users\Emumba\.m2\repository\javax\xml\bind\jaxb-api\2.3.1\jaxb-api-2.3.1.jar;C:\Users\Emumba\.m2\repository\javax\activation\javax.activation-api\1.2.0\javax.activation-api-1.2.0.jar;C:\Users\Emumba\.m2\repository\com\sun\xml\bind\jaxb-core\2.3.0.1\jaxb-core-2.3.0.1.jar;C:\Users\Emumba\.m2\repository\com\sun\xml\bind\jaxb-impl\2.3.3\jaxb-impl-2.3.3.jar;C:\Users\Emumba\.m2\repository\jakarta\xml\bind\jakarta.xml.bind-api\2.3.3\jakarta.xml.bind-api-2.3.3.jar;C:\Users\Emumba\.m2\repository\com\sun\activation\jakarta.activation\1.2.2\jakarta.activation-1.2.2.jar;C:\Users\Emumba\.m2\repository\javax\activation\activation\1.1.1\activation-1.1.1.jar;C:\Users\Emumba\.m2\repository\net\serenity-bdd\serenity-cucumber\3.1.15\serenity-cucumber-3.1.15.jar;C:\Users\Emumba\.m2\repository\io\cucumber\cucumber-core\7.0.0\cucumber-core-7.0.0.jar;C:\Users\Emumba\.m2\repository\io\cucumber\cucumber-gherkin\7.0.0\cucumber-gherkin-7.0.0.jar;C:\Users\Emumba\.m2\repository\io\cucumber\cucumber-gherkin-messages\7.0.0\cucumber-gherkin-messages-7.0.0.jar;C:\Users\Emumba\.m2\repository\io\cucumber\messages\17.1.1\messages-17.1.1.jar;C:\Users\Emumba\.m2\repository\io\cucumber\tag-expressions\4.0.2\tag-expressions-4.0.2.jar;C:\Users\Emumba\.m2\repository\io\cucumber\cucumber-expressions\13.0.1\cucumber-expressions-13.0.1.jar;C:\Users\Emumba\.m2\repository\io\cucumber\datatable\7.0.0\datatable-7.0.0.jar;C:\Users\Emumba\.m2\repository\io\cucumber\cucumber-plugin\7.0.0\cucumber-plugin-7.0.0.jar;C:\Users\Emumba\.m2\repository\io\cucumber\docstring\7.0.0\docstring-7.0.0.jar;C:\Users\Emumba\.m2\repository\io\cucumber\html-formatter\17.0.0\html-formatter-17.0.0.jar;C:\Users\Emumba\.m2\repository\io\cucumber\create-meta\6.0.1\create-meta-6.0.1.jar;C:\Users\Emumba\.m2\repository\io\cucumber\cucumber-junit\7.0.0\cucumber-junit-7.0.0.jar;C:\Users\Emumba\.m2\repository\org\apache\commons\commons-csv\1.5\commons-csv-1.5.jar;C:\Users\Emumba\.m2\repository\net\serenity-bdd\serenity-screenplay\3.1.15\serenity-screenplay-3.1.15.jar;C:\Users\Emumba\.m2\repository\net\serenity-bdd\serenity-screenplay-webdriver\3.1.15\serenity-screenplay-webdriver-3.1.15.jar;C:\Users\Emumba\.m2\repository\net\serenity-bdd\serenity-ensure\3.1.15\serenity-ensure-3.1.15.jar;C:\Users\Emumba\.m2\repository\net\serenity-bdd\serenity-junit\3.1.15\serenity-junit-3.1.15.jar;C:\Users\Emumba\.m2\repository\org\jetbrains\kotlin\kotlin-stdlib\1.6.0\kotlin-stdlib-1.6.0.jar;C:\Users\Emumba\.m2\repository\org\jetbrains\annotations\13.0\annotations-13.0.jar;C:\Users\Emumba\.m2\repository\org\jetbrains\kotlin\kotlin-stdlib-common\1.6.0\kotlin-stdlib-common-1.6.0.jar;C:\Users\Emumba\.m2\repository\org\junit\platform\junit-platform-launcher\1.8.1\junit-platform-launcher-1.8.1.jar;C:\Users\Emumba\.m2\repository\org\junit\platform\junit-platform-engine\1.8.1\junit-platform-engine-1.8.1.jar;C:\Users\Emumba\.m2\repository\org\opentest4j\opentest4j\1.2.0\opentest4j-1.2.0.jar;C:\Users\Emumba\.m2\repository\org\junit\platform\junit-platform-commons\1.8.1\junit-platform-commons-1.8.1.jar;C:\Users\Emumba\.m2\repository\org\apiguardian\apiguardian-api\1.1.2\apiguardian-api-1.1.2.jar;C:\Users\Emumba\.m2\repository\org\junit\jupiter\junit-jupiter-engine\5.8.2\junit-jupiter-engine-5.8.2.jar;C:\Users\Emumba\.m2\repository\org\junit\jupiter\junit-jupiter-api\5.8.2\junit-jupiter-api-5.8.2.jar;C:\Users\Emumba\.m2\repository\org\junit\vintage\junit-vintage-engine\5.8.2\junit-vintage-engine-5.8.2.jar;C:\Users\Emumba\.m2\repository\junit\junit\4.13.2\junit-4.13.2.jar;C:\Users\Emumba\.m2\repository\org\hamcrest\hamcrest-core\1.3\hamcrest-core-1.3.jar;C:\Users\Emumba\.m2\repository\ch\qos\logback\logback-classic\1.0.13\logback-classic-1.0.13.jar;C:\Users\Emumba\.m2\repository\ch\qos\logback\logback-core\1.0.13\logback-core-1.0.13.jar;C:\Users\Emumba\.m2\repository\org\slf4j\slf4j-api\1.7.5\slf4j-api-1.7.5.jar;C:\Users\Emumba\.m2\repository\org\assertj\assertj-core\3.6.2\assertj-core-3.6.2.jar;C:\Users\Emumba\.m2\repository\com\google\code\gson\gson\2.8.8\gson-2.8.8.jar;"/>
    <property name="java.vm.vendor" value="Oracle Corporation"/>
    <property name="sun.arch.data.model" value="64"/>
    <property name="user.variant" value=""/>
    <property name="java.vendor.url" value="https://openjdk.java.net/"/>
    <property name="user.timezone" value="Asia/Karachi"/>
    <property name="java.vm.specification.version" value="11"/>
    <property name="os.name" value="Windows 10"/>
    <property name="sun.java.launcher" value="SUN_STANDARD"/>
    <property name="user.country" value="US"/>
    <property name="sun.boot.library.path" value="C:\Program Files\Java\jdk-11.0.11\bin"/>
    <property name="sun.java.command" value="C:\Users\Emumba\AppData\Local\Temp\surefire16290842803265575018\surefirebooter15185083547864550137.jar C:\Users\Emumba\AppData\Local\Temp\surefire16290842803265575018 2022-02-15T17-52-20_024-jvmRun1 surefire17475730394728624314tmp surefire_03461821893570520tmp"/>
    <property name="jdk.debug" value="release"/>
    <property name="test" value="shopping"/>
    <property name="surefire.test.class.path" value="D:\Emumba\MVN_Projects\Assignment(NewUpdate)\target\test-classes;D:\Emumba\MVN_Projects\Assignment(NewUpdate)\target\classes;C:\Users\Emumba\.m2\repository\net\serenity-bdd\serenity-core\3.1.15\serenity-core-3.1.15.jar;C:\Users\Emumba\.m2\repository\net\serenity-bdd\serenity-model\3.1.15\serenity-model-3.1.15.jar;C:\Users\Emumba\.m2\repository\org\apache\commons\commons-text\1.9\commons-text-1.9.jar;C:\Users\Emumba\.m2\repository\commons-net\commons-net\3.6\commons-net-3.6.jar;C:\Users\Emumba\.m2\repository\com\google\guava\guava\31.0.1-jre\guava-31.0.1-jre.jar;C:\Users\Emumba\.m2\repository\com\google\guava\failureaccess\1.0.1\failureaccess-1.0.1.jar;C:\Users\Emumba\.m2\repository\com\google\guava\listenablefuture\9999.0-empty-to-avoid-conflict-with-guava\listenablefuture-9999.0-empty-to-avoid-conflict-with-guava.jar;C:\Users\Emumba\.m2\repository\com\google\code\findbugs\jsr305\3.0.2\jsr305-3.0.2.jar;C:\Users\Emumba\.m2\repository\org\checkerframework\checker-qual\3.12.0\checker-qual-3.12.0.jar;C:\Users\Emumba\.m2\repository\com\google\errorprone\error_prone_annotations\2.7.1\error_prone_annotations-2.7.1.jar;C:\Users\Emumba\.m2\repository\com\google\j2objc\j2objc-annotations\1.3\j2objc-annotations-1.3.jar;C:\Users\Emumba\.m2\repository\com\google\inject\guice\5.0.1\guice-5.0.1.jar;C:\Users\Emumba\.m2\repository\javax\inject\javax.inject\1\javax.inject-1.jar;C:\Users\Emumba\.m2\repository\aopalliance\aopalliance\1.0\aopalliance-1.0.jar;C:\Users\Emumba\.m2\repository\org\jsoup\jsoup\1.14.3\jsoup-1.14.3.jar;C:\Users\Emumba\.m2\repository\com\thoughtworks\xstream\xstream\1.4.18\xstream-1.4.18.jar;C:\Users\Emumba\.m2\repository\io\github\x-stream\mxparser\1.2.2\mxparser-1.2.2.jar;C:\Users\Emumba\.m2\repository\xmlpull\xmlpull\1.1.3.1\xmlpull-1.1.3.1.jar;C:\Users\Emumba\.m2\repository\io\cucumber\cucumber-java\7.0.0\cucumber-java-7.0.0.jar;C:\Users\Emumba\.m2\repository\com\typesafe\config\1.3.1\config-1.3.1.jar;C:\Users\Emumba\.m2\repository\org\imgscalr\imgscalr-lib\4.2\imgscalr-lib-4.2.jar;C:\Users\Emumba\.m2\repository\org\awaitility\awaitility\4.1.0\awaitility-4.1.0.jar;C:\Users\Emumba\.m2\repository\org\freemarker\freemarker\2.3.31\freemarker-2.3.31.jar;C:\Users\Emumba\.m2\repository\org\reflections\reflections\0.10.2\reflections-0.10.2.jar;C:\Users\Emumba\.m2\repository\org\javassist\javassist\3.28.0-GA\javassist-3.28.0-GA.jar;C:\Users\Emumba\.m2\repository\net\sourceforge\jexcelapi\jxl\2.6.12\jxl-2.6.12.jar;C:\Users\Emumba\.m2\repository\net\bytebuddy\byte-buddy\1.12.3\byte-buddy-1.12.3.jar;C:\Users\Emumba\.m2\repository\net\bytebuddy\byte-buddy-agent\1.12.3\byte-buddy-agent-1.12.3.jar;C:\Users\Emumba\.m2\repository\org\objenesis\objenesis\3.1\objenesis-3.1.jar;C:\Users\Emumba\.m2\repository\net\serenity-bdd\serenity-reports\3.1.15\serenity-reports-3.1.15.jar;C:\Users\Emumba\.m2\repository\net\serenity-bdd\serenity-stats\3.1.15\serenity-stats-3.1.15.jar;C:\Users\Emumba\.m2\repository\net\serenity-bdd\serenity-reports-configuration\3.1.15\serenity-reports-configuration-3.1.15.jar;C:\Users\Emumba\.m2\repository\com\vladsch\flexmark\flexmark-all\0.34.30\flexmark-all-0.34.30.jar;C:\Users\Emumba\.m2\repository\com\vladsch\flexmark\flexmark\0.34.30\flexmark-0.34.30.jar;C:\Users\Emumba\.m2\repository\com\vladsch\flexmark\flexmark-ext-abbreviation\0.34.30\flexmark-ext-abbreviation-0.34.30.jar;C:\Users\Emumba\.m2\repository\com\vladsch\flexmark\flexmark-ext-admonition\0.34.30\flexmark-ext-admonition-0.34.30.jar;C:\Users\Emumba\.m2\repository\com\vladsch\flexmark\flexmark-ext-anchorlink\0.34.30\flexmark-ext-anchorlink-0.34.30.jar;C:\Users\Emumba\.m2\repository\com\vladsch\flexmark\flexmark-ext-aside\0.34.30\flexmark-ext-aside-0.34.30.jar;C:\Users\Emumba\.m2\repository\com\vladsch\flexmark\flexmark-ext-attributes\0.34.30\flexmark-ext-attributes-0.34.30.jar;C:\Users\Emumba\.m2\repository\com\vladsch\flexmark\flexmark-ext-autolink\0.34.30\flexmark-ext-autolink-0.34.30.jar;C:\Users\Emumba\.m2\repository\org\nibor\autolink\autolink\0.6.0\autolink-0.6.0.jar;C:\Users\Emumba\.m2\repository\com\vladsch\flexmark\flexmark-ext-definition\0.34.30\flexmark-ext-definition-0.34.30.jar;C:\Users\Emumba\.m2\repository\com\vladsch\flexmark\flexmark-ext-emoji\0.34.30\flexmark-ext-emoji-0.34.30.jar;C:\Users\Emumba\.m2\repository\com\vladsch\flexmark\flexmark-ext-enumerated-reference\0.34.30\flexmark-ext-enumerated-reference-0.34.30.jar;C:\Users\Emumba\.m2\repository\com\vladsch\flexmark\flexmark-ext-escaped-character\0.34.30\flexmark-ext-escaped-character-0.34.30.jar;C:\Users\Emumba\.m2\repository\com\vladsch\flexmark\flexmark-ext-footnotes\0.34.30\flexmark-ext-footnotes-0.34.30.jar;C:\Users\Emumba\.m2\repository\com\vladsch\flexmark\flexmark-ext-gfm-issues\0.34.30\flexmark-ext-gfm-issues-0.34.30.jar;C:\Users\Emumba\.m2\repository\com\vladsch\flexmark\flexmark-ext-gfm-strikethrough\0.34.30\flexmark-ext-gfm-strikethrough-0.34.30.jar;C:\Users\Emumba\.m2\repository\com\vladsch\flexmark\flexmark-ext-gfm-tables\0.34.30\flexmark-ext-gfm-tables-0.34.30.jar;C:\Users\Emumba\.m2\repository\com\vladsch\flexmark\flexmark-ext-gfm-tasklist\0.34.30\flexmark-ext-gfm-tasklist-0.34.30.jar;C:\Users\Emumba\.m2\repository\com\vladsch\flexmark\flexmark-ext-gfm-users\0.34.30\flexmark-ext-gfm-users-0.34.30.jar;C:\Users\Emumba\.m2\repository\com\vladsch\flexmark\flexmark-ext-gitlab\0.34.30\flexmark-ext-gitlab-0.34.30.jar;C:\Users\Emumba\.m2\repository\com\vladsch\flexmark\flexmark-ext-jekyll-front-matter\0.34.30\flexmark-ext-jekyll-front-matter-0.34.30.jar;C:\Users\Emumba\.m2\repository\com\vladsch\flexmark\flexmark-ext-jekyll-tag\0.34.30\flexmark-ext-jekyll-tag-0.34.30.jar;C:\Users\Emumba\.m2\repository\com\vladsch\flexmark\flexmark-ext-media-tags\0.34.30\flexmark-ext-media-tags-0.34.30.jar;C:\Users\Emumba\.m2\repository\com\vladsch\flexmark\flexmark-test-util\0.34.30\flexmark-test-util-0.34.30.jar;C:\Users\Emumba\.m2\repository\com\vladsch\flexmark\flexmark-ext-ins\0.34.30\flexmark-ext-ins-0.34.30.jar;C:\Users\Emumba\.m2\repository\com\vladsch\flexmark\flexmark-ext-xwiki-macros\0.34.30\flexmark-ext-xwiki-macros-0.34.30.jar;C:\Users\Emumba\.m2\repository\com\vladsch\flexmark\flexmark-ext-superscript\0.34.30\flexmark-ext-superscript-0.34.30.jar;C:\Users\Emumba\.m2\repository\com\vladsch\flexmark\flexmark-ext-tables\0.34.30\flexmark-ext-tables-0.34.30.jar;C:\Users\Emumba\.m2\repository\com\vladsch\flexmark\flexmark-ext-toc\0.34.30\flexmark-ext-toc-0.34.30.jar;C:\Users\Emumba\.m2\repository\com\vladsch\flexmark\flexmark-ext-typographic\0.34.30\flexmark-ext-typographic-0.34.30.jar;C:\Users\Emumba\.m2\repository\com\vladsch\flexmark\flexmark-ext-wikilink\0.34.30\flexmark-ext-wikilink-0.34.30.jar;C:\Users\Emumba\.m2\repository\com\vladsch\flexmark\flexmark-ext-yaml-front-matter\0.34.30\flexmark-ext-yaml-front-matter-0.34.30.jar;C:\Users\Emumba\.m2\repository\com\vladsch\flexmark\flexmark-ext-youtube-embedded\0.34.30\flexmark-ext-youtube-embedded-0.34.30.jar;C:\Users\Emumba\.m2\repository\com\vladsch\flexmark\flexmark-formatter\0.34.30\flexmark-formatter-0.34.30.jar;C:\Users\Emumba\.m2\repository\com\vladsch\flexmark\flexmark-html-parser\0.34.30\flexmark-html-parser-0.34.30.jar;C:\Users\Emumba\.m2\repository\com\vladsch\flexmark\flexmark-jira-converter\0.34.30\flexmark-jira-converter-0.34.30.jar;C:\Users\Emumba\.m2\repository\com\vladsch\flexmark\flexmark-pdf-converter\0.34.30\flexmark-pdf-converter-0.34.30.jar;C:\Users\Emumba\.m2\repository\com\openhtmltopdf\openhtmltopdf-core\0.0.1-RC13\openhtmltopdf-core-0.0.1-RC13.jar;C:\Users\Emumba\.m2\repository\com\openhtmltopdf\openhtmltopdf-pdfbox\0.0.1-RC13\openhtmltopdf-pdfbox-0.0.1-RC13.jar;C:\Users\Emumba\.m2\repository\org\apache\pdfbox\pdfbox\2.0.8\pdfbox-2.0.8.jar;C:\Users\Emumba\.m2\repository\org\apache\pdfbox\fontbox\2.0.8\fontbox-2.0.8.jar;C:\Users\Emumba\.m2\repository\commons-logging\commons-logging\1.2\commons-logging-1.2.jar;C:\Users\Emumba\.m2\repository\org\apache\pdfbox\xmpbox\2.0.8\xmpbox-2.0.8.jar;C:\Users\Emumba\.m2\repository\de\rototor\pdfbox\graphics2d\0.12\graphics2d-0.12.jar;C:\Users\Emumba\.m2\repository\com\openhtmltopdf\openhtmltopdf-rtl-support\0.0.1-RC13\openhtmltopdf-rtl-support-0.0.1-RC13.jar;C:\Users\Emumba\.m2\repository\com\ibm\icu\icu4j\59.1\icu4j-59.1.jar;C:\Users\Emumba\.m2\repository\com\openhtmltopdf\openhtmltopdf-jsoup-dom-converter\0.0.1-RC13\openhtmltopdf-jsoup-dom-converter-0.0.1-RC13.jar;C:\Users\Emumba\.m2\repository\com\vladsch\flexmark\flexmark-profile-pegdown\0.34.30\flexmark-profile-pegdown-0.34.30.jar;C:\Users\Emumba\.m2\repository\com\vladsch\flexmark\flexmark-util\0.34.30\flexmark-util-0.34.30.jar;C:\Users\Emumba\.m2\repository\com\vladsch\flexmark\flexmark-youtrack-converter\0.34.30\flexmark-youtrack-converter-0.34.30.jar;C:\Users\Emumba\.m2\repository\es\nitaur\markdown\txtmark\0.16\txtmark-0.16.jar;C:\Users\Emumba\.m2\repository\net\serenity-bdd\serenity-report-resources\3.1.15\serenity-report-resources-3.1.15.jar;C:\Users\Emumba\.m2\repository\com\fasterxml\jackson\core\jackson-core\2.12.4\jackson-core-2.12.4.jar;C:\Users\Emumba\.m2\repository\com\fasterxml\jackson\core\jackson-databind\2.12.4\jackson-databind-2.12.4.jar;C:\Users\Emumba\.m2\repository\com\fasterxml\jackson\core\jackson-annotations\2.12.4\jackson-annotations-2.12.4.jar;C:\Users\Emumba\.m2\repository\commons-codec\commons-codec\1.15\commons-codec-1.15.jar;C:\Users\Emumba\.m2\repository\commons-io\commons-io\2.8.0\commons-io-2.8.0.jar;C:\Users\Emumba\.m2\repository\org\seleniumhq\selenium\selenium-java\4.1.1\selenium-java-4.1.1.jar;C:\Users\Emumba\.m2\repository\org\seleniumhq\selenium\selenium-devtools-v85\4.1.1\selenium-devtools-v85-4.1.1.jar;C:\Users\Emumba\.m2\repository\org\seleniumhq\selenium\selenium-devtools-v94\4.1.1\selenium-devtools-v94-4.1.1.jar;C:\Users\Emumba\.m2\repository\org\seleniumhq\selenium\selenium-devtools-v95\4.1.1\selenium-devtools-v95-4.1.1.jar;C:\Users\Emumba\.m2\repository\org\seleniumhq\selenium\selenium-devtools-v96\4.1.1\selenium-devtools-v96-4.1.1.jar;C:\Users\Emumba\.m2\repository\org\seleniumhq\selenium\selenium-firefox-xpi-driver\4.1.1\selenium-firefox-xpi-driver-4.1.1.jar;C:\Users\Emumba\.m2\repository\org\seleniumhq\selenium\selenium-opera-driver\4.1.1\selenium-opera-driver-4.1.1.jar;C:\Users\Emumba\.m2\repository\org\seleniumhq\selenium\selenium-remote-driver\4.1.1\selenium-remote-driver-4.1.1.jar;C:\Users\Emumba\.m2\repository\com\beust\jcommander\1.81\jcommander-1.81.jar;C:\Users\Emumba\.m2\repository\io\netty\netty-buffer\4.1.70.Final\netty-buffer-4.1.70.Final.jar;C:\Users\Emumba\.m2\repository\io\netty\netty-codec-http\4.1.70.Final\netty-codec-http-4.1.70.Final.jar;C:\Users\Emumba\.m2\repository\io\netty\netty-codec\4.1.70.Final\netty-codec-4.1.70.Final.jar;C:\Users\Emumba\.m2\repository\io\netty\netty-handler\4.1.70.Final\netty-handler-4.1.70.Final.jar;C:\Users\Emumba\.m2\repository\io\netty\netty-common\4.1.70.Final\netty-common-4.1.70.Final.jar;C:\Users\Emumba\.m2\repository\io\netty\netty-transport-classes-epoll\4.1.70.Final\netty-transport-classes-epoll-4.1.70.Final.jar;C:\Users\Emumba\.m2\repository\io\netty\netty-transport-classes-kqueue\4.1.70.Final\netty-transport-classes-kqueue-4.1.70.Final.jar;C:\Users\Emumba\.m2\repository\io\netty\netty-transport-native-unix-common\4.1.70.Final\netty-transport-native-unix-common-4.1.70.Final.jar;C:\Users\Emumba\.m2\repository\io\netty\netty-transport\4.1.70.Final\netty-transport-4.1.70.Final.jar;C:\Users\Emumba\.m2\repository\io\netty\netty-resolver\4.1.70.Final\netty-resolver-4.1.70.Final.jar;C:\Users\Emumba\.m2\repository\io\opentelemetry\opentelemetry-api\1.9.1\opentelemetry-api-1.9.1.jar;C:\Users\Emumba\.m2\repository\io\opentelemetry\opentelemetry-context\1.9.1\opentelemetry-context-1.9.1.jar;C:\Users\Emumba\.m2\repository\io\opentelemetry\opentelemetry-exporter-logging\1.9.1\opentelemetry-exporter-logging-1.9.1.jar;C:\Users\Emumba\.m2\repository\io\opentelemetry\opentelemetry-sdk-metrics\1.9.1-alpha\opentelemetry-sdk-metrics-1.9.1-alpha.jar;C:\Users\Emumba\.m2\repository\io\opentelemetry\opentelemetry-sdk-logs\1.9.1-alpha\opentelemetry-sdk-logs-1.9.1-alpha.jar;C:\Users\Emumba\.m2\repository\io\opentelemetry\opentelemetry-sdk-common\1.9.1\opentelemetry-sdk-common-1.9.1.jar;C:\Users\Emumba\.m2\repository\io\opentelemetry\opentelemetry-sdk-extension-autoconfigure-spi\1.9.1\opentelemetry-sdk-extension-autoconfigure-spi-1.9.1.jar;C:\Users\Emumba\.m2\repository\io\opentelemetry\opentelemetry-sdk-extension-autoconfigure\1.9.1-alpha\opentelemetry-sdk-extension-autoconfigure-1.9.1-alpha.jar;C:\Users\Emumba\.m2\repository\io\opentelemetry\opentelemetry-sdk-trace\1.9.1\opentelemetry-sdk-trace-1.9.1.jar;C:\Users\Emumba\.m2\repository\io\opentelemetry\opentelemetry-api-metrics\1.9.1-alpha\opentelemetry-api-metrics-1.9.1-alpha.jar;C:\Users\Emumba\.m2\repository\io\opentelemetry\opentelemetry-sdk\1.9.1\opentelemetry-sdk-1.9.1.jar;C:\Users\Emumba\.m2\repository\io\opentelemetry\opentelemetry-semconv\1.9.1-alpha\opentelemetry-semconv-1.9.1-alpha.jar;C:\Users\Emumba\.m2\repository\io\ous\jtoml\2.0.0\jtoml-2.0.0.jar;C:\Users\Emumba\.m2\repository\org\apache\commons\commons-exec\1.3\commons-exec-1.3.jar;C:\Users\Emumba\.m2\repository\org\asynchttpclient\async-http-client\2.12.3\async-http-client-2.12.3.jar;C:\Users\Emumba\.m2\repository\org\asynchttpclient\async-http-client-netty-utils\2.12.3\async-http-client-netty-utils-2.12.3.jar;C:\Users\Emumba\.m2\repository\io\netty\netty-codec-socks\4.1.60.Final\netty-codec-socks-4.1.60.Final.jar;C:\Users\Emumba\.m2\repository\io\netty\netty-handler-proxy\4.1.60.Final\netty-handler-proxy-4.1.60.Final.jar;C:\Users\Emumba\.m2\repository\io\netty\netty-transport-native-epoll\4.1.60.Final\netty-transport-native-epoll-4.1.60.Final-linux-x86_64.jar;C:\Users\Emumba\.m2\repository\io\netty\netty-transport-native-kqueue\4.1.60.Final\netty-transport-native-kqueue-4.1.60.Final-osx-x86_64.jar;C:\Users\Emumba\.m2\repository\org\reactivestreams\reactive-streams\1.0.3\reactive-streams-1.0.3.jar;C:\Users\Emumba\.m2\repository\com\typesafe\netty\netty-reactive-streams\2.0.4\netty-reactive-streams-2.0.4.jar;C:\Users\Emumba\.m2\repository\org\seleniumhq\selenium\selenium-http\4.1.1\selenium-http-4.1.1.jar;C:\Users\Emumba\.m2\repository\net\jodah\failsafe\2.4.4\failsafe-2.4.4.jar;C:\Users\Emumba\.m2\repository\org\seleniumhq\selenium\selenium-safari-driver\4.1.1\selenium-safari-driver-4.1.1.jar;C:\Users\Emumba\.m2\repository\org\seleniumhq\selenium\selenium-api\4.1.1\selenium-api-4.1.1.jar;C:\Users\Emumba\.m2\repository\org\seleniumhq\selenium\selenium-support\4.1.1\selenium-support-4.1.1.jar;C:\Users\Emumba\.m2\repository\com\google\auto\service\auto-service-annotations\1.0.1\auto-service-annotations-1.0.1.jar;C:\Users\Emumba\.m2\repository\com\google\auto\service\auto-service\1.0.1\auto-service-1.0.1.jar;C:\Users\Emumba\.m2\repository\com\google\auto\auto-common\1.2\auto-common-1.2.jar;C:\Users\Emumba\.m2\repository\org\seleniumhq\selenium\selenium-json\4.1.1\selenium-json-4.1.1.jar;C:\Users\Emumba\.m2\repository\org\seleniumhq\selenium\selenium-chrome-driver\4.1.1\selenium-chrome-driver-4.1.1.jar;C:\Users\Emumba\.m2\repository\org\seleniumhq\selenium\selenium-chromium-driver\4.1.1\selenium-chromium-driver-4.1.1.jar;C:\Users\Emumba\.m2\repository\org\seleniumhq\selenium\selenium-firefox-driver\4.1.1\selenium-firefox-driver-4.1.1.jar;C:\Users\Emumba\.m2\repository\org\seleniumhq\selenium\selenium-edge-driver\4.1.1\selenium-edge-driver-4.1.1.jar;C:\Users\Emumba\.m2\repository\org\seleniumhq\selenium\selenium-ie-driver\4.1.1\selenium-ie-driver-4.1.1.jar;C:\Users\Emumba\.m2\repository\org\projectlombok\lombok\1.18.20\lombok-1.18.20.jar;C:\Users\Emumba\.m2\repository\io\appium\java-client\8.0.0-beta\java-client-8.0.0-beta.jar;C:\Users\Emumba\.m2\repository\commons-validator\commons-validator\1.7\commons-validator-1.7.jar;C:\Users\Emumba\.m2\repository\commons-digester\commons-digester\2.1\commons-digester-2.1.jar;C:\Users\Emumba\.m2\repository\org\aspectj\aspectjweaver\1.9.7\aspectjweaver-1.9.7.jar;C:\Users\Emumba\.m2\repository\org\codehaus\groovy\groovy\3.0.9\groovy-3.0.9.jar;C:\Users\Emumba\.m2\repository\net\sf\opencsv\opencsv\2.0\opencsv-2.0.jar;C:\Users\Emumba\.m2\repository\commons-beanutils\commons-beanutils\1.9.4\commons-beanutils-1.9.4.jar;C:\Users\Emumba\.m2\repository\org\apache\commons\commons-lang3\3.11\commons-lang3-3.11.jar;C:\Users\Emumba\.m2\repository\commons-collections\commons-collections\3.2.2\commons-collections-3.2.2.jar;C:\Users\Emumba\.m2\repository\org\fluentlenium\fluentlenium-core\0.10.2\fluentlenium-core-0.10.2.jar;C:\Users\Emumba\.m2\repository\io\github\bonigarcia\webdrivermanager\5.0.3\webdrivermanager-5.0.3.jar;C:\Users\Emumba\.m2\repository\com\github\docker-java\docker-java\3.2.12\docker-java-3.2.12.jar;C:\Users\Emumba\.m2\repository\com\github\docker-java\docker-java-core\3.2.12\docker-java-core-3.2.12.jar;C:\Users\Emumba\.m2\repository\com\github\docker-java\docker-java-api\3.2.12\docker-java-api-3.2.12.jar;C:\Users\Emumba\.m2\repository\org\apache\commons\commons-compress\1.21\commons-compress-1.21.jar;C:\Users\Emumba\.m2\repository\commons-lang\commons-lang\2.6\commons-lang-2.6.jar;C:\Users\Emumba\.m2\repository\org\bouncycastle\bcpkix-jdk15on\1.64\bcpkix-jdk15on-1.64.jar;C:\Users\Emumba\.m2\repository\org\bouncycastle\bcprov-jdk15on\1.64\bcprov-jdk15on-1.64.jar;C:\Users\Emumba\.m2\repository\org\slf4j\jcl-over-slf4j\1.7.30\jcl-over-slf4j-1.7.30.jar;C:\Users\Emumba\.m2\repository\com\github\docker-java\docker-java-transport-httpclient5\3.2.12\docker-java-transport-httpclient5-3.2.12.jar;C:\Users\Emumba\.m2\repository\com\github\docker-java\docker-java-transport\3.2.12\docker-java-transport-3.2.12.jar;C:\Users\Emumba\.m2\repository\org\apache\httpcomponents\client5\httpclient5\5.0.3\httpclient5-5.0.3.jar;C:\Users\Emumba\.m2\repository\org\apache\httpcomponents\core5\httpcore5\5.0.2\httpcore5-5.0.2.jar;C:\Users\Emumba\.m2\repository\net\java\dev\jna\jna\5.8.0\jna-5.8.0.jar;C:\Users\Emumba\.m2\repository\org\brotli\dec\0.1.2\dec-0.1.2.jar;C:\Users\Emumba\.m2\repository\com\jhlabs\filters\2.0.235\filters-2.0.235.jar;C:\Users\Emumba\.m2\repository\com\paulhammant\ngwebdriver\1.1.5\ngwebdriver-1.1.5.jar;C:\Users\Emumba\.m2\repository\joda-time\joda-time\2.8.2\joda-time-2.8.2.jar;C:\Users\Emumba\.m2\repository\org\hamcrest\hamcrest\2.2\hamcrest-2.2.jar;C:\Users\Emumba\.m2\repository\com\google\jimfs\jimfs\1.1\jimfs-1.1.jar;C:\Users\Emumba\.m2\repository\org\mockito\mockito-core\3.3.3\mockito-core-3.3.3.jar;C:\Users\Emumba\.m2\repository\javax\xml\bind\jaxb-api\2.3.1\jaxb-api-2.3.1.jar;C:\Users\Emumba\.m2\repository\javax\activation\javax.activation-api\1.2.0\javax.activation-api-1.2.0.jar;C:\Users\Emumba\.m2\repository\com\sun\xml\bind\jaxb-core\2.3.0.1\jaxb-core-2.3.0.1.jar;C:\Users\Emumba\.m2\repository\com\sun\xml\bind\jaxb-impl\2.3.3\jaxb-impl-2.3.3.jar;C:\Users\Emumba\.m2\repository\jakarta\xml\bind\jakarta.xml.bind-api\2.3.3\jakarta.xml.bind-api-2.3.3.jar;C:\Users\Emumba\.m2\repository\com\sun\activation\jakarta.activation\1.2.2\jakarta.activation-1.2.2.jar;C:\Users\Emumba\.m2\repository\javax\activation\activation\1.1.1\activation-1.1.1.jar;C:\Users\Emumba\.m2\repository\net\serenity-bdd\serenity-cucumber\3.1.15\serenity-cucumber-3.1.15.jar;C:\Users\Emumba\.m2\repository\io\cucumber\cucumber-core\7.0.0\cucumber-core-7.0.0.jar;C:\Users\Emumba\.m2\repository\io\cucumber\cucumber-gherkin\7.0.0\cucumber-gherkin-7.0.0.jar;C:\Users\Emumba\.m2\repository\io\cucumber\cucumber-gherkin-messages\7.0.0\cucumber-gherkin-messages-7.0.0.jar;C:\Users\Emumba\.m2\repository\io\cucumber\messages\17.1.1\messages-17.1.1.jar;C:\Users\Emumba\.m2\repository\io\cucumber\tag-expressions\4.0.2\tag-expressions-4.0.2.jar;C:\Users\Emumba\.m2\repository\io\cucumber\cucumber-expressions\13.0.1\cucumber-expressions-13.0.1.jar;C:\Users\Emumba\.m2\repository\io\cucumber\datatable\7.0.0\datatable-7.0.0.jar;C:\Users\Emumba\.m2\repository\io\cucumber\cucumber-plugin\7.0.0\cucumber-plugin-7.0.0.jar;C:\Users\Emumba\.m2\repository\io\cucumber\docstring\7.0.0\docstring-7.0.0.jar;C:\Users\Emumba\.m2\repository\io\cucumber\html-formatter\17.0.0\html-formatter-17.0.0.jar;C:\Users\Emumba\.m2\repository\io\cucumber\create-meta\6.0.1\create-meta-6.0.1.jar;C:\Users\Emumba\.m2\repository\io\cucumber\cucumber-junit\7.0.0\cucumber-junit-7.0.0.jar;C:\Users\Emumba\.m2\repository\org\apache\commons\commons-csv\1.5\commons-csv-1.5.jar;C:\Users\Emumba\.m2\repository\net\serenity-bdd\serenity-screenplay\3.1.15\serenity-screenplay-3.1.15.jar;C:\Users\Emumba\.m2\repository\net\serenity-bdd\serenity-screenplay-webdriver\3.1.15\serenity-screenplay-webdriver-3.1.15.jar;C:\Users\Emumba\.m2\repository\net\serenity-bdd\serenity-ensure\3.1.15\serenity-ensure-3.1.15.jar;C:\Users\Emumba\.m2\repository\net\serenity-bdd\serenity-junit\3.1.15\serenity-junit-3.1.15.jar;C:\Users\Emumba\.m2\repository\org\jetbrains\kotlin\kotlin-stdlib\1.6.0\kotlin-stdlib-1.6.0.jar;C:\Users\Emumba\.m2\repository\org\jetbrains\annotations\13.0\annotations-13.0.jar;C:\Users\Emumba\.m2\repository\org\jetbrains\kotlin\kotlin-stdlib-common\1.6.0\kotlin-stdlib-common-1.6.0.jar;C:\Users\Emumba\.m2\repository\org\junit\platform\junit-platform-launcher\1.8.1\junit-platform-launcher-1.8.1.jar;C:\Users\Emumba\.m2\repository\org\junit\platform\junit-platform-engine\1.8.1\junit-platform-engine-1.8.1.jar;C:\Users\Emumba\.m2\repository\org\opentest4j\opentest4j\1.2.0\opentest4j-1.2.0.jar;C:\Users\Emumba\.m2\repository\org\junit\platform\junit-platform-commons\1.8.1\junit-platform-commons-1.8.1.jar;C:\Users\Emumba\.m2\repository\org\apiguardian\apiguardian-api\1.1.2\apiguardian-api-1.1.2.jar;C:\Users\Emumba\.m2\repository\org\junit\jupiter\junit-jupiter-engine\5.8.2\junit-jupiter-engine-5.8.2.jar;C:\Users\Emumba\.m2\repository\org\junit\jupiter\junit-jupiter-api\5.8.2\junit-jupiter-api-5.8.2.jar;C:\Users\Emumba\.m2\repository\org\junit\vintage\junit-vintage-engine\5.8.2\junit-vintage-engine-5.8.2.jar;C:\Users\Emumba\.m2\repository\junit\junit\4.13.2\junit-4.13.2.jar;C:\Users\Emumba\.m2\repository\org\hamcrest\hamcrest-core\1.3\hamcrest-core-1.3.jar;C:\Users\Emumba\.m2\repository\ch\qos\logback\logback-classic\1.0.13\logback-classic-1.0.13.jar;C:\Users\Emumba\.m2\repository\ch\qos\logback\logback-core\1.0.13\logback-core-1.0.13.jar;C:\Users\Emumba\.m2\repository\org\slf4j\slf4j-api\1.7.5\slf4j-api-1.7.5.jar;C:\Users\Emumba\.m2\repository\org\assertj\assertj-core\3.6.2\assertj-core-3.6.2.jar;C:\Users\Emumba\.m2\repository\com\google\code\gson\gson\2.8.8\gson-2.8.8.jar;"/>
    <property name="sun.cpu.endian" value="little"/>
    <property name="user.home" value="C:\Users\Emumba"/>
    <property name="user.language" value="en"/>
    <property name="java.specification.vendor" value="Oracle Corporation"/>
    <property name="java.version.date" value="2021-04-20"/>
    <property name="java.home" value="C:\Program Files\Java\jdk-11.0.11"/>
    <property name="file.separator" value="\"/>
    <property name="basedir" value="D:\Emumba\MVN_Projects\Assignment(NewUpdate)"/>
    <property name="java.vm.compressedOopsMode" value="Zero based"/>
    <property name="line.separator" value="&#10;"/>
    <property name="java.specification.name" value="Java Platform API Specification"/>
    <property name="java.vm.specification.vendor" value="Oracle Corporation"/>
    <property name="java.awt.graphicsenv" value="sun.awt.Win32GraphicsEnvironment"/>
    <property name="surefire.real.class.path" value="C:\Users\Emumba\AppData\Local\Temp\surefire16290842803265575018\surefirebooter15185083547864550137.jar"/>
    <property name="user.script" value=""/>
    <property name="java.protocol.handler.pkgs" value="com.google.common"/>
    <property name="sun.management.compiler" value="HotSpot 64-Bit Tiered Compilers"/>
    <property name="java.runtime.version" value="11.0.11+9-LTS-194"/>
    <property name="user.name" value="Emumba"/>
    <property name="path.separator" value=";"/>
    <property name="os.version" value="10.0"/>
    <property name="java.runtime.name" value="Java(TM) SE Runtime Environment"/>
    <property name="file.encoding" value="Cp1252"/>
    <property name="sun.nio.ch.bugLevel" value=""/>
    <property name="java.vm.name" value="Java HotSpot(TM) 64-Bit Server VM"/>
    <property name="java.vendor.version" value="18.9"/>
    <property name="localRepository" value="C:\Users\Emumba\.m2\repository"/>
    <property name="java.vendor.url.bug" value="https://bugreport.java.com/bugreport/"/>
    <property name="java.io.tmpdir" value="C:\Users\Emumba\AppData\Local\Temp\"/>
    <property name="java.version" value="11.0.11"/>
    <property name="user.dir" value="D:\Emumba\MVN_Projects\Assignment(NewUpdate)"/>
    <property name="os.arch" value="amd64"/>
    <property name="webdriver.gecko.driver" value="D:\Emumba\MVN_Projects\Assignment(NewUpdate)\src\test\resources\webdriver\windows\geckodriver.exe"/>
    <property name="java.vm.specification.name" value="Java Virtual Machine Specification"/>
    <property name="java.awt.printerjob" value="sun.awt.windows.WPrinterJob"/>
    <property name="sun.os.patch.level" value=""/>
    <property name="java.library.path" value="C:\Program Files\Java\jdk-11.0.11\bin;C:\Windows\Sun\Java\bin;C:\Windows\system32;C:\Windows;C:\Program Files\Common Files\Oracle\Java\javapath;C:\Program Files\Python37\Scripts\;C:\Program Files\Python37\;C:\Program Files (x86)\Common Files\Oracle\Java\javapath;C:\Windows\system32;C:\Windows;C:\Windows\System32\Wbem;C:\Windows\System32\WindowsPowerShell\v1.0\;C:\Windows\System32\OpenSSH\;C:\Program Files\WireGuard\;C:\Program Files\PuTTY\;C:\Program Files\OpenVPN\bin;C:\Program Files\Java\jdk-17.0.2\bin;C:\Program Files\apache-maven-3.8.4-bin\apache-maven-3.8.4\bin;C:\Program Files\Git\cmd;C:\Program Files\Python37\Scripts\;C:\Program Files\Python37\;C:\Program Files (x86)\Common Files\Oracle\Java\javapath;C:\Windows\system32;C:\Windows;C:\Windows\System32\Wbem;C:\Windows\System32\WindowsPowerShell\v1.0\;C:\Windows\System32\OpenSSH\;C:\Program Files\WireGuard\;C:\Program Files\PuTTY\;C:\Program Files\OpenVPN\bin;C:\Users\Emumba\AppData\Local\Programs\Python\Python310\Scripts\;C:\Users\Emumba\AppData\Local\Programs\Python\Python310\;C:\Users\Emumba\AppData\Local\Microsoft\WindowsApps;C:\Users\Emumba\AppData\Local\Programs\Microsoft VS Code\bin;C:\Users\Emumba\AppData\Local\Programs\Python\Python310\Scripts;C:\Users\Emumba\AppData\Local\GitHubDesktop\bin;D:\Program Files\JetBrains\IntelliJ IDEA Community Edition 2021.3.1\bin;;."/>
    <property name="java.vendor" value="Oracle Corporation"/>
    <property name="java.vm.info" value="mixed mode"/>
    <property name="java.vm.version" value="11.0.11+9-LTS-194"/>
    <property name="sun.io.unicode.encoding" value="UnicodeLittle"/>
    <property name="java.class.version" value="55.0"/>
  </properties>
  <testcase name="User buy items" classname="Shopping" time="33.801">
    <system-out><![CDATA[17:52:22.560 [main] DEBUG n.t.c.u.PropertiesFileLocalPreferences - drivers.linux.webdriver.gecko.driver=src/test/resources/webdriver/linux/geckodriver
17:52:22.560 [main] DEBUG n.t.c.u.PropertiesFileLocalPreferences - environments.default.webdriver.base.url=https://qa-controller.emumbadevops.com
17:52:22.560 [main] DEBUG n.t.c.u.PropertiesFileLocalPreferences - drivers.windows.webdriver.chrome.driver=src/test/resources/webdriver/windows/chromedriver.exe
17:52:22.560 [main] DEBUG n.t.c.u.PropertiesFileLocalPreferences - environments.dev.login.page=#{webdriver.base.url}/login
17:52:22.560 [main] DEBUG n.t.c.u.PropertiesFileLocalPreferences - environments.default.login.page=#{webdriver.base.url}/login
17:52:22.560 [main] DEBUG n.t.c.u.PropertiesFileLocalPreferences - environments.all.serenity.restart.browser.for.each=NEVER
17:52:22.560 [main] DEBUG n.t.c.u.PropertiesFileLocalPreferences - drivers.mac.webdriver.chrome.driver=src/test/resources/webdriver/mac/chromedriver
17:52:22.560 [main] DEBUG n.t.c.u.PropertiesFileLocalPreferences - drivers.linux.webdriver.chrome.driver=src/test/resources/webdriver/linux/chromedriver
17:52:22.560 [main] DEBUG n.t.c.u.PropertiesFileLocalPreferences - drivers.windows.webdriver.ie.driver=src/test/resources/webdriver/windows/IEDriverServer.exe
17:52:22.560 [main] DEBUG n.t.c.u.PropertiesFileLocalPreferences - chrome.switches=--disable-features=VizDisplayCompositor;--start-maximized;--test-type;--no-sandbox;--ignore-certificate-errors;--disable-popup-blocking;--disable-default-apps;--disable-extensions-file-access-check;--incognito;--disable-infobars,--disable-gpu
17:52:22.560 [main] DEBUG n.t.c.u.PropertiesFileLocalPreferences - drivers.windows.webdriver.gecko.driver=src/test/resources/webdriver/windows/geckodriver.exe
17:52:22.560 [main] DEBUG n.t.c.u.PropertiesFileLocalPreferences - environments.staging.webdriver.base.url=https://staging-controller.emumbadevops.com
17:52:22.560 [main] DEBUG n.t.c.u.PropertiesFileLocalPreferences - environments.staging.login.page=#{webdriver.base.url}/login
17:52:22.560 [main] DEBUG n.t.c.u.PropertiesFileLocalPreferences - webdriver.driver=chrome
17:52:22.560 [main] DEBUG n.t.c.u.PropertiesFileLocalPreferences - drivers.mac.webdriver.gecko.driver=src/test/resources/webdriver/mac/geckodriver
17:52:22.560 [main] DEBUG n.t.c.u.PropertiesFileLocalPreferences - headless.mode=false
17:52:22.560 [main] DEBUG n.t.c.u.PropertiesFileLocalPreferences - webdriver.use.driver.service.pool=false
17:52:22.560 [main] DEBUG n.t.c.u.PropertiesFileLocalPreferences - environments.dev.webdriver.base.url=https://controller.emumbadevops.com
17:52:23.392 [main] INFO  i.c.core.plugin.SerenityReporter - Running feature from file:///D:/Emumba/MVN_Projects/Assignment(NewUpdate)/src/test/resources/features/shopping/shopping.feature
17:52:23.611 [main] DEBUG n.t.c.u.PropertiesFileLocalPreferences - drivers.linux.webdriver.gecko.driver=src/test/resources/webdriver/linux/geckodriver
17:52:23.611 [main] DEBUG n.t.c.u.PropertiesFileLocalPreferences - environments.default.webdriver.base.url=https://qa-controller.emumbadevops.com
17:52:23.611 [main] DEBUG n.t.c.u.PropertiesFileLocalPreferences - drivers.windows.webdriver.chrome.driver=src/test/resources/webdriver/windows/chromedriver.exe
17:52:23.611 [main] DEBUG n.t.c.u.PropertiesFileLocalPreferences - environments.dev.login.page=#{webdriver.base.url}/login
17:52:23.611 [main] DEBUG n.t.c.u.PropertiesFileLocalPreferences - environments.default.login.page=#{webdriver.base.url}/login
17:52:23.611 [main] DEBUG n.t.c.u.PropertiesFileLocalPreferences - environments.all.serenity.restart.browser.for.each=NEVER
17:52:23.626 [main] DEBUG n.t.c.u.PropertiesFileLocalPreferences - drivers.mac.webdriver.chrome.driver=src/test/resources/webdriver/mac/chromedriver
17:52:23.626 [main] DEBUG n.t.c.u.PropertiesFileLocalPreferences - drivers.linux.webdriver.chrome.driver=src/test/resources/webdriver/linux/chromedriver
17:52:23.626 [main] DEBUG n.t.c.u.PropertiesFileLocalPreferences - drivers.windows.webdriver.ie.driver=src/test/resources/webdriver/windows/IEDriverServer.exe
17:52:23.626 [main] DEBUG n.t.c.u.PropertiesFileLocalPreferences - chrome.switches=--disable-features=VizDisplayCompositor;--start-maximized;--test-type;--no-sandbox;--ignore-certificate-errors;--disable-popup-blocking;--disable-default-apps;--disable-extensions-file-access-check;--incognito;--disable-infobars,--disable-gpu
17:52:23.626 [main] DEBUG n.t.c.u.PropertiesFileLocalPreferences - drivers.windows.webdriver.gecko.driver=src/test/resources/webdriver/windows/geckodriver.exe
17:52:23.626 [main] DEBUG n.t.c.u.PropertiesFileLocalPreferences - environments.staging.webdriver.base.url=https://staging-controller.emumbadevops.com
17:52:23.626 [main] DEBUG n.t.c.u.PropertiesFileLocalPreferences - environments.staging.login.page=#{webdriver.base.url}/login
17:52:23.626 [main] DEBUG n.t.c.u.PropertiesFileLocalPreferences - webdriver.driver=chrome
17:52:23.626 [main] DEBUG n.t.c.u.PropertiesFileLocalPreferences - drivers.mac.webdriver.gecko.driver=src/test/resources/webdriver/mac/geckodriver
17:52:23.626 [main] DEBUG n.t.c.u.PropertiesFileLocalPreferences - headless.mode=false
17:52:23.626 [main] DEBUG n.t.c.u.PropertiesFileLocalPreferences - webdriver.use.driver.service.pool=false
17:52:23.626 [main] DEBUG n.t.c.u.PropertiesFileLocalPreferences - environments.dev.webdriver.base.url=https://controller.emumbadevops.com
17:52:23.626 [main] INFO   - 

-------------------------------------------------------------------------------------
     _______. _______ .______       _______ .__   __.  __  .___________.____    ____ 
    /       ||   ____||   _  \     |   ____||  \ |  | |  | |           |\   \  /   / 
   |   (----`|  |__   |  |_)  |    |  |__   |   \|  | |  | `---|  |----` \   \/   /  
    \   \    |   __|  |      /     |   __|  |  . `  | |  |     |  |       \_    _/   
.----)   |   |  |____ |  |\  \----.|  |____ |  |\   | |  |     |  |         |  |     
|_______/    |_______|| _| `._____||_______||__| \__| |__|     |__|         |__|    
                                                                                     
 News and tutorials at http://www.serenity-bdd.info                                  
 Documentation at https://wakaleo.gitbooks.io/the-serenity-book/content/             
 Join the Serenity Community on Gitter: https://gitter.im/serenity-bdd/serenity-core 
 Serenity BDD Support and Training at http://serenity-bdd.info/#/trainingandsupport  
-------------------------------------------------------------------------------------

17:52:23.626 [main] DEBUG n.thucydides.core.steps.StepEventBus - Test suite started for story net.thucydides.core.model.Story@b21e9dcf
17:52:23.642 [main] INFO   - Test Suite Started: Shopping
17:52:23.658 [main] INFO  i.c.core.plugin.SerenityReporter - Running feature from file:///D:/Emumba/MVN_Projects/Assignment(NewUpdate)/src/test/resources/features/shopping/shopping.feature
17:52:23.658 [main] DEBUG n.thucydides.core.steps.StepEventBus - Test suite started for story net.thucydides.core.model.Story@b21e9dcf
17:52:23.658 [main] INFO   - Test Suite Started: Shopping
17:52:23.845 [main] INFO  i.c.core.plugin.SerenityReporter - Running feature from file:///D:/Emumba/MVN_Projects/Assignment(NewUpdate)/src/test/resources/features/shopping/shopping.feature
17:52:23.954 [main] INFO   - 
  _____   ___   ___   _____     ___   _____     _     ___   _____   ___   ___  
 |_   _| | __| / __| |_   _|   / __| |_   _|   /_\   | _ \ |_   _| | __| |   \ 
   | |   | _|  \__ \   | |     \__ \   | |    / _ \  |   /   | |   | _|  | |) |
   |_|   |___| |___/   |_|     |___/   |_|   /_/ \_\ |_|_\   |_|   |___| |___/ 

User buy items(shopping;user-buy-items)
--------------------------------------------------------------------------------
17:52:24.095 [main] DEBUG n.t.c.r.m.cucumber.CucumberParser - Added feature Shopping
17:52:24.736 [main] DEBUG n.t.core.steps.StepInterceptor - STARTING STEP: shopping.UserIsOnTheWeatherPage - {0} opens the #url
17:52:24.799 [main] INFO  n.s.c.w.d.ChromeDriverProvider - Using automatically driver download
17:52:25.707 [main] DEBUG i.g.b.wdm.cache.ResolutionCache - Resolution chrome=98 in cache (valid until 18:47:34 15/02/2022 PKT)
17:52:25.707 [main] DEBUG i.g.b.wdm.cache.ResolutionCache - Resolution chrome98=98.0.4758.80 in cache (valid until 18:21:59 15/02/2022 PKT)
17:52:25.707 [main] INFO  i.g.bonigarcia.wdm.WebDriverManager - Using chromedriver 98.0.4758.80 (resolved driver for Chrome 98)
17:52:25.707 [main] DEBUG i.g.bonigarcia.wdm.WebDriverManager - Driver chromedriver 98.0.4758.80 found in cache
17:52:25.722 [main] INFO  i.g.bonigarcia.wdm.WebDriverManager - Exporting webdriver.chrome.driver as C:\Users\Emumba\.cache\selenium\chromedriver\win32\98.0.4758.80\chromedriver.exe
17:52:26.069 [main] DEBUG n.s.c.w.d.ProvideNewDriver - Instantiating driver
17:52:26.073 [main] DEBUG n.s.c.w.d.ProvideNewDriver - Driver capabilities: Capabilities {acceptInsecureCerts: false, browserName: chrome, driver: chrome, goog:chromeOptions: {args: [--disable-features=VizDispl..., --start-maximized, --test-type, --no-sandbox, --ignore-certificate-errors, --disable-popup-blocking, --disable-default-apps, --disable-extensions-file-a..., --incognito, --disable-infobars,--disabl...], extensions: []}, use.driver.service.pool: false}
17:52:26.195 [main] DEBUG i.n.u.i.l.InternalLoggerFactory - Using SLF4J as the default logging framework
17:52:26.195 [main] DEBUG io.netty.util.ResourceLeakDetector - -Dio.netty.leakDetection.level: simple
17:52:26.195 [main] DEBUG io.netty.util.ResourceLeakDetector - -Dio.netty.leakDetection.targetRecords: 4
17:52:26.195 [main] DEBUG i.n.util.ResourceLeakDetectorFactory - Loaded default ResourceLeakDetector: io.netty.util.ResourceLeakDetector@4fbb1144
17:52:26.226 [main] DEBUG i.n.util.internal.PlatformDependent0 - -Dio.netty.noUnsafe: false
17:52:26.226 [main] DEBUG i.n.util.internal.PlatformDependent0 - Java version: 11
17:52:26.226 [main] DEBUG i.n.util.internal.PlatformDependent0 - sun.misc.Unsafe.theUnsafe: available
17:52:26.226 [main] DEBUG i.n.util.internal.PlatformDependent0 - sun.misc.Unsafe.copyMemory: available
17:52:26.226 [main] DEBUG i.n.util.internal.PlatformDependent0 - java.nio.Buffer.address: available
17:52:26.226 [main] DEBUG i.n.util.internal.PlatformDependent0 - direct buffer constructor: unavailable: Reflective setAccessible(true) disabled
17:52:26.226 [main] DEBUG i.n.util.internal.PlatformDependent0 - java.nio.Bits.unaligned: available, true
17:52:26.226 [main] DEBUG i.n.util.internal.PlatformDependent0 - jdk.internal.misc.Unsafe.allocateUninitializedArray(int): unavailable: class io.netty.util.internal.PlatformDependent0$6 cannot access class jdk.internal.misc.Unsafe (in module java.base) because module java.base does not export jdk.internal.misc to unnamed module @40e4ea87
17:52:26.226 [main] DEBUG i.n.util.internal.PlatformDependent0 - java.nio.DirectByteBuffer.<init>(long, int): unavailable
17:52:26.226 [main] DEBUG i.n.util.internal.PlatformDependent - sun.misc.Unsafe: available
17:52:26.226 [main] DEBUG i.n.util.internal.PlatformDependent - maxDirectMemory: 4265607168 bytes (maybe)
17:52:26.226 [main] DEBUG i.n.util.internal.PlatformDependent - -Dio.netty.tmpdir: C:\Users\Emumba\AppData\Local\Temp (java.io.tmpdir)
17:52:26.226 [main] DEBUG i.n.util.internal.PlatformDependent - -Dio.netty.bitMode: 64 (sun.arch.data.model)
17:52:26.226 [main] DEBUG i.n.util.internal.PlatformDependent - Platform: Windows
17:52:26.226 [main] DEBUG i.n.util.internal.PlatformDependent - -Dio.netty.maxDirectMemory: -1 bytes
17:52:26.226 [main] DEBUG i.n.util.internal.PlatformDependent - -Dio.netty.uninitializedArrayAllocationThreshold: -1
17:52:26.226 [main] DEBUG io.netty.util.internal.CleanerJava9 - java.nio.ByteBuffer.cleaner(): available
17:52:26.226 [main] DEBUG i.n.util.internal.PlatformDependent - -Dio.netty.noPreferDirect: false
17:52:26.242 [main] DEBUG i.n.util.internal.PlatformDependent - org.jctools-core.MpscChunkedArrayQueue: available
17:52:26.257 [main] DEBUG i.n.u.i.InternalThreadLocalMap - -Dio.netty.threadLocalMap.stringBuilder.initialSize: 1024
17:52:26.257 [main] DEBUG i.n.u.i.InternalThreadLocalMap - -Dio.netty.threadLocalMap.stringBuilder.maxSize: 4096
17:52:26.288 [main] DEBUG io.netty.handler.ssl.JdkSslContext - Default protocols (JDK): [TLSv1.3, TLSv1.2] 
17:52:26.288 [main] DEBUG io.netty.handler.ssl.JdkSslContext - Default cipher suites (JDK): [TLS_ECDHE_ECDSA_WITH_AES_256_GCM_SHA384, TLS_ECDHE_ECDSA_WITH_AES_128_GCM_SHA256, TLS_ECDHE_RSA_WITH_AES_128_GCM_SHA256, TLS_ECDHE_RSA_WITH_AES_256_GCM_SHA384, TLS_ECDHE_RSA_WITH_AES_128_CBC_SHA, TLS_ECDHE_RSA_WITH_AES_256_CBC_SHA, TLS_RSA_WITH_AES_128_GCM_SHA256, TLS_RSA_WITH_AES_128_CBC_SHA, TLS_RSA_WITH_AES_256_CBC_SHA, TLS_AES_128_GCM_SHA256, TLS_AES_256_GCM_SHA384]
17:52:26.335 [main] DEBUG i.n.c.MultithreadEventLoopGroup - -Dio.netty.eventLoopThreads: 8
17:52:26.335 [main] DEBUG io.netty.channel.nio.NioEventLoop - -Dio.netty.noKeySetOptimization: false
17:52:26.335 [main] DEBUG io.netty.channel.nio.NioEventLoop - -Dio.netty.selectorAutoRebuildThreshold: 512
17:52:26.388 [main] DEBUG i.n.buffer.PooledByteBufAllocator - -Dio.netty.allocator.numHeapArenas: 8
17:52:26.388 [main] DEBUG i.n.buffer.PooledByteBufAllocator - -Dio.netty.allocator.numDirectArenas: 8
17:52:26.388 [main] DEBUG i.n.buffer.PooledByteBufAllocator - -Dio.netty.allocator.pageSize: 8192
17:52:26.404 [main] DEBUG i.n.buffer.PooledByteBufAllocator - -Dio.netty.allocator.maxOrder: 11
17:52:26.404 [main] DEBUG i.n.buffer.PooledByteBufAllocator - -Dio.netty.allocator.chunkSize: 16777216
17:52:26.404 [main] DEBUG i.n.buffer.PooledByteBufAllocator - -Dio.netty.allocator.smallCacheSize: 256
17:52:26.404 [main] DEBUG i.n.buffer.PooledByteBufAllocator - -Dio.netty.allocator.normalCacheSize: 64
17:52:26.404 [main] DEBUG i.n.buffer.PooledByteBufAllocator - -Dio.netty.allocator.maxCachedBufferCapacity: 32768
17:52:26.404 [main] DEBUG i.n.buffer.PooledByteBufAllocator - -Dio.netty.allocator.cacheTrimInterval: 8192
17:52:26.404 [main] DEBUG i.n.buffer.PooledByteBufAllocator - -Dio.netty.allocator.cacheTrimIntervalMillis: 0
17:52:26.404 [main] DEBUG i.n.buffer.PooledByteBufAllocator - -Dio.netty.allocator.useCacheForAllThreads: true
17:52:26.404 [main] DEBUG i.n.buffer.PooledByteBufAllocator - -Dio.netty.allocator.maxCachedByteBuffersPerChunk: 1023
17:52:26.404 [main] DEBUG io.netty.buffer.ByteBufUtil - -Dio.netty.allocator.type: pooled
17:52:26.404 [main] DEBUG io.netty.buffer.ByteBufUtil - -Dio.netty.threadLocalDirectBufferSize: 0
17:52:26.404 [main] DEBUG io.netty.buffer.ByteBufUtil - -Dio.netty.maxThreadLocalCharBufferSize: 16384
17:52:27.244 [Forwarding newSession on session null to remote] DEBUG io.netty.channel.DefaultChannelId - -Dio.netty.processId: 2468 (auto-detected)
17:52:27.260 [Forwarding newSession on session null to remote] DEBUG io.netty.util.NetUtil - -Djava.net.preferIPv4Stack: false
17:52:27.260 [Forwarding newSession on session null to remote] DEBUG io.netty.util.NetUtil - -Djava.net.preferIPv6Addresses: false
17:52:27.545 [Forwarding newSession on session null to remote] DEBUG io.netty.util.NetUtilInitializations - Loopback interface: lo (Software Loopback Interface 1, 127.0.0.1)
17:52:27.545 [Forwarding newSession on session null to remote] DEBUG io.netty.util.NetUtil - Failed to get SOMAXCONN from sysctl and file \proc\sys\net\core\somaxconn. Default: 200
17:52:27.829 [Forwarding newSession on session null to remote] DEBUG io.netty.channel.DefaultChannelId - -Dio.netty.machineId: 44:85:00:ff:fe:b8:08:8f (auto-detected)
17:52:27.892 [AsyncHttpClient-1-2] DEBUG io.netty.buffer.AbstractByteBuf - -Dio.netty.buffer.checkAccessible: true
17:52:27.892 [AsyncHttpClient-1-2] DEBUG io.netty.buffer.AbstractByteBuf - -Dio.netty.buffer.checkBounds: true
17:52:27.892 [AsyncHttpClient-1-2] DEBUG i.n.util.ResourceLeakDetectorFactory - Loaded default ResourceLeakDetector: io.netty.util.ResourceLeakDetector@32b483b1
17:52:27.923 [AsyncHttpClient-1-2] DEBUG o.a.n.channel.NettyConnectListener - Using new Channel '[id: 0x4555661c, L:/127.0.0.1:57365 - R:localhost/127.0.0.1:61800]' for 'POST' to '/session'
17:52:27.938 [AsyncHttpClient-1-2] DEBUG io.netty.util.Recycler - -Dio.netty.recycler.maxCapacityPerThread: 4096
17:52:27.938 [AsyncHttpClient-1-2] DEBUG io.netty.util.Recycler - -Dio.netty.recycler.maxSharedCapacityFactor: 2
17:52:27.938 [AsyncHttpClient-1-2] DEBUG io.netty.util.Recycler - -Dio.netty.recycler.linkCapacity: 16
17:52:27.938 [AsyncHttpClient-1-2] DEBUG io.netty.util.Recycler - -Dio.netty.recycler.ratio: 8
17:52:27.938 [AsyncHttpClient-1-2] DEBUG io.netty.util.Recycler - -Dio.netty.recycler.delayedQueue.ratio: 8
17:52:28.739 [AsyncHttpClient-1-2] DEBUG i.n.handler.codec.compression.Brotli - brotli4j not in the classpath; Brotli support will be unavailable.
17:52:28.743 [AsyncHttpClient-1-2] DEBUG o.a.netty.handler.HttpHandler - 

Request DefaultHttpRequest(decodeResult: success, version: HTTP/1.1)
POST /session HTTP/1.1
User-Agent: selenium/4.1.1 (java windows)
Content-Length: 1243
Content-Type: application/json; charset=utf-8
host: localhost:61800
accept: */*

Response DefaultHttpResponse(decodeResult: success, version: HTTP/1.1)
HTTP/1.1 200 OK
Content-Type: application/json; charset=utf-8
cache-control: no-cache
content-length: 787

17:52:28.757 [AsyncHttpClient-1-2] DEBUG o.a.netty.channel.ChannelManager - Adding key: http://localhost:61800 for channel [id: 0x4555661c, L:/127.0.0.1:57365 - R:localhost/127.0.0.1:61800]
17:52:28.914 [AsyncHttpClient-1-3] DEBUG o.a.n.channel.NettyConnectListener - Using new Channel '[id: 0x99ffc9cb, L:/127.0.0.1:57372 - R:localhost/127.0.0.1:57366]' for 'GET' to '/json/version'
17:52:28.930 [AsyncHttpClient-1-3] DEBUG o.a.netty.handler.HttpHandler - 

Request DefaultFullHttpRequest(decodeResult: success, version: HTTP/1.1, content: EmptyByteBufBE)
GET /json/version HTTP/1.1
User-Agent: selenium/4.1.1 (java windows)
host: localhost:57366
accept: */*

Response DefaultHttpResponse(decodeResult: success, version: HTTP/1.1)
HTTP/1.1 200 OK
Content-Type: application/json; charset=UTF-8
content-length: 423

17:52:28.930 [AsyncHttpClient-1-3] DEBUG o.a.netty.channel.ChannelManager - Adding key: http://localhost:57366 for channel [id: 0x99ffc9cb, L:/127.0.0.1:57372 - R:localhost/127.0.0.1:57366]
17:52:28.954 [main] DEBUG i.n.util.internal.ThreadLocalRandom - -Dio.netty.initialSeedUniquifier: 0x5afe9bddcb6a3ae7
17:52:28.963 [AsyncHttpClient-1-4] DEBUG o.a.n.channel.NettyConnectListener - Using new Channel '[id: 0xaae0289a, L:/127.0.0.1:57374 - R:localhost/127.0.0.1:57366]' for 'GET' to '/devtools/browser/1ac92f1c-c2ce-4074-8137-3fc4b04a686c'
17:52:28.965 [AsyncHttpClient-1-4] DEBUG o.a.netty.handler.WebSocketHandler - 

Request DefaultFullHttpRequest(decodeResult: success, version: HTTP/1.1, content: EmptyByteBufBE)
GET /devtools/browser/1ac92f1c-c2ce-4074-8137-3fc4b04a686c HTTP/1.1
upgrade: websocket
connection: upgrade
sec-websocket-key: lXOMktA8b2QRrLdvkJxe0A==
sec-websocket-version: 13
origin: http://localhost:57366
host: localhost:57366
accept: */*
user-agent: AHC/2.1

Response DefaultHttpResponse(decodeResult: success, version: HTTP/1.1)
HTTP/1.1 101 WebSocket Protocol Handshake
Upgrade: WebSocket
Connection: Upgrade
Sec-WebSocket-Accept: W1qmKwIe8XTlYcDycLT0MYcdci0=

17:52:29.297 [Forwarding get on session 894a5667ed4874eae83f34446ccc6339 to remote] DEBUG o.a.netty.request.NettyRequestSender - Using pooled Channel '[id: 0x4555661c, L:/127.0.0.1:57365 - R:localhost/127.0.0.1:61800]' for 'POST' to 'http://localhost:61800/session/894a5667ed4874eae83f34446ccc6339/url'
17:52:29.297 [Forwarding get on session 894a5667ed4874eae83f34446ccc6339 to remote] DEBUG o.a.netty.request.NettyRequestSender - Using open Channel [id: 0x4555661c, L:/127.0.0.1:57365 - R:localhost/127.0.0.1:61800] for POST '/session/894a5667ed4874eae83f34446ccc6339/url'
17:52:29.563 [AsyncHttpClient-1-1] DEBUG o.a.netty.channel.DefaultChannelPool - Entry count for : http://localhost:57366 : 1
17:52:30.659 [AsyncHttpClient-1-1] DEBUG o.a.netty.channel.DefaultChannelPool - Entry count for : http://localhost:57366 : 1
17:52:31.201 [AsyncHttpClient-1-2] DEBUG o.a.netty.handler.HttpHandler - 

Request DefaultHttpRequest(decodeResult: success, version: HTTP/1.1)
POST /session/894a5667ed4874eae83f34446ccc6339/url HTTP/1.1
User-Agent: selenium/4.1.1 (java windows)
Content-Length: 72
Content-Type: application/json; charset=utf-8
host: localhost:61800
accept: */*

Response DefaultHttpResponse(decodeResult: success, version: HTTP/1.1)
HTTP/1.1 200 OK
Content-Type: application/json; charset=utf-8
cache-control: no-cache
content-length: 14

17:52:31.202 [AsyncHttpClient-1-2] DEBUG o.a.netty.channel.ChannelManager - Adding key: http://localhost:61800 for channel [id: 0x4555661c, L:/127.0.0.1:57365 - R:localhost/127.0.0.1:61800]
17:52:31.210 [Forwarding setTimeout on session 894a5667ed4874eae83f34446ccc6339 to remote] DEBUG o.a.netty.request.NettyRequestSender - Using pooled Channel '[id: 0x4555661c, L:/127.0.0.1:57365 - R:localhost/127.0.0.1:61800]' for 'POST' to 'http://localhost:61800/session/894a5667ed4874eae83f34446ccc6339/timeouts'
17:52:31.211 [Forwarding setTimeout on session 894a5667ed4874eae83f34446ccc6339 to remote] DEBUG o.a.netty.request.NettyRequestSender - Using open Channel [id: 0x4555661c, L:/127.0.0.1:57365 - R:localhost/127.0.0.1:61800] for POST '/session/894a5667ed4874eae83f34446ccc6339/timeouts'
17:52:31.214 [AsyncHttpClient-1-2] DEBUG o.a.netty.handler.HttpHandler - 

Request DefaultHttpRequest(decodeResult: success, version: HTTP/1.1)
POST /session/894a5667ed4874eae83f34446ccc6339/timeouts HTTP/1.1
User-Agent: selenium/4.1.1 (java windows)
Content-Length: 22
Content-Type: application/json; charset=utf-8
host: localhost:61800
accept: */*

Response DefaultHttpResponse(decodeResult: success, version: HTTP/1.1)
HTTP/1.1 200 OK
Content-Type: application/json; charset=utf-8
cache-control: no-cache
content-length: 14

17:52:31.215 [AsyncHttpClient-1-2] DEBUG o.a.netty.channel.ChannelManager - Adding key: http://localhost:61800 for channel [id: 0x4555661c, L:/127.0.0.1:57365 - R:localhost/127.0.0.1:61800]
17:52:31.226 [Forwarding getCurrentUrl on session 894a5667ed4874eae83f34446ccc6339 to remote] DEBUG o.a.netty.request.NettyRequestSender - Using pooled Channel '[id: 0x4555661c, L:/127.0.0.1:57365 - R:localhost/127.0.0.1:61800]' for 'GET' to 'http://localhost:61800/session/894a5667ed4874eae83f34446ccc6339/url'
17:52:31.226 [Forwarding getCurrentUrl on session 894a5667ed4874eae83f34446ccc6339 to remote] DEBUG o.a.netty.request.NettyRequestSender - Using open Channel [id: 0x4555661c, L:/127.0.0.1:57365 - R:localhost/127.0.0.1:61800] for GET '/session/894a5667ed4874eae83f34446ccc6339/url'
17:52:31.234 [AsyncHttpClient-1-2] DEBUG o.a.netty.handler.HttpHandler - 

Request DefaultFullHttpRequest(decodeResult: success, version: HTTP/1.1, content: EmptyByteBufBE)
GET /session/894a5667ed4874eae83f34446ccc6339/url HTTP/1.1
User-Agent: selenium/4.1.1 (java windows)
Cache-Control: no-cache
Content-Type: application/json; charset=utf-8
host: localhost:61800
accept: */*

Response DefaultHttpResponse(decodeResult: success, version: HTTP/1.1)
HTTP/1.1 200 OK
Content-Type: application/json; charset=utf-8
cache-control: no-cache
content-length: 54

17:52:31.235 [AsyncHttpClient-1-2] DEBUG o.a.netty.channel.ChannelManager - Adding key: http://localhost:61800 for channel [id: 0x4555661c, L:/127.0.0.1:57365 - R:localhost/127.0.0.1:61800]
17:52:31.267 [main] DEBUG n.s.core.photography.Darkroom - Opening darkroom
17:52:31.267 [Darkroom Processing Line] DEBUG n.s.c.p.DarkroomProcessingLine - Darkroom processing line starting up
17:52:31.267 [Forwarding screenshot on session 894a5667ed4874eae83f34446ccc6339 to remote] DEBUG o.a.netty.request.NettyRequestSender - Using pooled Channel '[id: 0x4555661c, L:/127.0.0.1:57365 - R:localhost/127.0.0.1:61800]' for 'GET' to 'http://localhost:61800/session/894a5667ed4874eae83f34446ccc6339/screenshot'
17:52:31.267 [Forwarding screenshot on session 894a5667ed4874eae83f34446ccc6339 to remote] DEBUG o.a.netty.request.NettyRequestSender - Using open Channel [id: 0x4555661c, L:/127.0.0.1:57365 - R:localhost/127.0.0.1:61800] for GET '/session/894a5667ed4874eae83f34446ccc6339/screenshot'
17:52:31.530 [AsyncHttpClient-1-2] DEBUG o.a.netty.handler.HttpHandler - 

Request DefaultFullHttpRequest(decodeResult: success, version: HTTP/1.1, content: EmptyByteBufBE)
GET /session/894a5667ed4874eae83f34446ccc6339/screenshot HTTP/1.1
User-Agent: selenium/4.1.1 (java windows)
Cache-Control: no-cache
Content-Type: application/json; charset=utf-8
host: localhost:61800
accept: */*

Response DefaultHttpResponse(decodeResult: success, version: HTTP/1.1)
HTTP/1.1 200 OK
Content-Type: application/json; charset=utf-8
cache-control: no-cache
content-length: 83944

17:52:31.530 [AsyncHttpClient-1-2] DEBUG o.a.netty.channel.ChannelManager - Adding key: http://localhost:61800 for channel [id: 0x4555661c, L:/127.0.0.1:57365 - R:localhost/127.0.0.1:61800]
17:52:31.673 [main] DEBUG n.s.core.photography.Darkroom - Send negative for processing for target\site\serenity\a1929ed9c3924f8725a82f49c5ccf979b877025d0f5f6befdf0666d5200a548f.png
17:52:31.673 [Darkroom Processing Line] DEBUG n.s.c.p.DarkroomProcessingLine - Processing screenshot image in /var/screenshots/screenshot-14392180171233252108
17:52:31.673 [Darkroom Processing Line] DEBUG n.s.c.p.DarkroomProcessingLine - Saving screenshot to target\site\serenity\a1929ed9c3924f8725a82f49c5ccf979b877025d0f5f6befdf0666d5200a548f.png
17:52:31.688 [main] DEBUG n.t.core.steps.StepInterceptor - STEP DONE: {0} opens the #url
17:52:31.720 [main] DEBUG n.s.s.targets.IFrameSwitcher - default content already selected for weather
17:52:31.757 [AsyncHttpClient-1-1] DEBUG o.a.netty.channel.DefaultChannelPool - Entry count for : http://localhost:61800 : 1
17:52:31.757 [AsyncHttpClient-1-1] DEBUG o.a.netty.channel.DefaultChannelPool - Entry count for : http://localhost:57366 : 1
17:52:31.772 [Forwarding findElements on session 894a5667ed4874eae83f34446ccc6339 to remote] DEBUG o.a.netty.request.NettyRequestSender - Using pooled Channel '[id: 0x4555661c, L:/127.0.0.1:57365 - R:localhost/127.0.0.1:61800]' for 'POST' to 'http://localhost:61800/session/894a5667ed4874eae83f34446ccc6339/elements'
17:52:31.772 [Forwarding findElements on session 894a5667ed4874eae83f34446ccc6339 to remote] DEBUG o.a.netty.request.NettyRequestSender - Using open Channel [id: 0x4555661c, L:/127.0.0.1:57365 - R:localhost/127.0.0.1:61800] for POST '/session/894a5667ed4874eae83f34446ccc6339/elements'
17:52:31.788 [AsyncHttpClient-1-2] DEBUG o.a.netty.handler.HttpHandler - 

Request DefaultHttpRequest(decodeResult: success, version: HTTP/1.1)
POST /session/894a5667ed4874eae83f34446ccc6339/elements HTTP/1.1
User-Agent: selenium/4.1.1 (java windows)
Content-Length: 83
Content-Type: application/json; charset=utf-8
host: localhost:61800
accept: */*

Response DefaultHttpResponse(decodeResult: success, version: HTTP/1.1)
HTTP/1.1 200 OK
Content-Type: application/json; charset=utf-8
cache-control: no-cache
content-length: 90

17:52:31.788 [AsyncHttpClient-1-2] DEBUG o.a.netty.channel.ChannelManager - Adding key: http://localhost:61800 for channel [id: 0x4555661c, L:/127.0.0.1:57365 - R:localhost/127.0.0.1:61800]
17:52:31.803 [Forwarding getElementText on session 894a5667ed4874eae83f34446ccc6339 to remote] DEBUG o.a.netty.request.NettyRequestSender - Using pooled Channel '[id: 0x4555661c, L:/127.0.0.1:57365 - R:localhost/127.0.0.1:61800]' for 'GET' to 'http://localhost:61800/session/894a5667ed4874eae83f34446ccc6339/element/bb9294fa-6106-4845-8983-7250f39b5f83/text'
17:52:31.803 [Forwarding getElementText on session 894a5667ed4874eae83f34446ccc6339 to remote] DEBUG o.a.netty.request.NettyRequestSender - Using open Channel [id: 0x4555661c, L:/127.0.0.1:57365 - R:localhost/127.0.0.1:61800] for GET '/session/894a5667ed4874eae83f34446ccc6339/element/bb9294fa-6106-4845-8983-7250f39b5f83/text'
17:52:31.820 [AsyncHttpClient-1-2] DEBUG o.a.netty.handler.HttpHandler - 

Request DefaultFullHttpRequest(decodeResult: success, version: HTTP/1.1, content: EmptyByteBufBE)
GET /session/894a5667ed4874eae83f34446ccc6339/element/bb9294fa-6106-4845-8983-7250f39b5f83/text HTTP/1.1
User-Agent: selenium/4.1.1 (java windows)
Cache-Control: no-cache
Content-Type: application/json; charset=utf-8
host: localhost:61800
accept: */*

Response DefaultHttpResponse(decodeResult: success, version: HTTP/1.1)
HTTP/1.1 200 OK
Content-Type: application/json; charset=utf-8
cache-control: no-cache
content-length: 18

17:52:31.820 [AsyncHttpClient-1-2] DEBUG o.a.netty.channel.ChannelManager - Adding key: http://localhost:61800 for channel [id: 0x4555661c, L:/127.0.0.1:57365 - R:localhost/127.0.0.1:61800]
17:52:31.835 [Forwarding screenshot on session 894a5667ed4874eae83f34446ccc6339 to remote] DEBUG o.a.netty.request.NettyRequestSender - Using pooled Channel '[id: 0x4555661c, L:/127.0.0.1:57365 - R:localhost/127.0.0.1:61800]' for 'GET' to 'http://localhost:61800/session/894a5667ed4874eae83f34446ccc6339/screenshot'
17:52:31.835 [Forwarding screenshot on session 894a5667ed4874eae83f34446ccc6339 to remote] DEBUG o.a.netty.request.NettyRequestSender - Using open Channel [id: 0x4555661c, L:/127.0.0.1:57365 - R:localhost/127.0.0.1:61800] for GET '/session/894a5667ed4874eae83f34446ccc6339/screenshot'
17:52:31.991 [AsyncHttpClient-1-2] DEBUG o.a.netty.handler.HttpHandler - 

Request DefaultFullHttpRequest(decodeResult: success, version: HTTP/1.1, content: EmptyByteBufBE)
GET /session/894a5667ed4874eae83f34446ccc6339/screenshot HTTP/1.1
User-Agent: selenium/4.1.1 (java windows)
Cache-Control: no-cache
Content-Type: application/json; charset=utf-8
host: localhost:61800
accept: */*

Response DefaultHttpResponse(decodeResult: success, version: HTTP/1.1)
HTTP/1.1 200 OK
Content-Type: application/json; charset=utf-8
cache-control: no-cache
content-length: 83944

17:52:31.991 [AsyncHttpClient-1-2] DEBUG o.a.netty.channel.ChannelManager - Adding key: http://localhost:61800 for channel [id: 0x4555661c, L:/127.0.0.1:57365 - R:localhost/127.0.0.1:61800]
17:52:31.991 [main] DEBUG n.s.core.photography.Darkroom - Send negative for processing for target\site\serenity\a1929ed9c3924f8725a82f49c5ccf979b877025d0f5f6befdf0666d5200a548f.png
17:52:32.135 [Forwarding screenshot on session 894a5667ed4874eae83f34446ccc6339 to remote] DEBUG o.a.netty.request.NettyRequestSender - Using pooled Channel '[id: 0x4555661c, L:/127.0.0.1:57365 - R:localhost/127.0.0.1:61800]' for 'GET' to 'http://localhost:61800/session/894a5667ed4874eae83f34446ccc6339/screenshot'
17:52:32.135 [Forwarding screenshot on session 894a5667ed4874eae83f34446ccc6339 to remote] DEBUG o.a.netty.request.NettyRequestSender - Using open Channel [id: 0x4555661c, L:/127.0.0.1:57365 - R:localhost/127.0.0.1:61800] for GET '/session/894a5667ed4874eae83f34446ccc6339/screenshot'
17:52:32.320 [AsyncHttpClient-1-2] DEBUG o.a.netty.handler.HttpHandler - 

Request DefaultFullHttpRequest(decodeResult: success, version: HTTP/1.1, content: EmptyByteBufBE)
GET /session/894a5667ed4874eae83f34446ccc6339/screenshot HTTP/1.1
User-Agent: selenium/4.1.1 (java windows)
Cache-Control: no-cache
Content-Type: application/json; charset=utf-8
host: localhost:61800
accept: */*

Response DefaultHttpResponse(decodeResult: success, version: HTTP/1.1)
HTTP/1.1 200 OK
Content-Type: application/json; charset=utf-8
cache-control: no-cache
content-length: 83944

17:52:32.320 [AsyncHttpClient-1-2] DEBUG o.a.netty.channel.ChannelManager - Adding key: http://localhost:61800 for channel [id: 0x4555661c, L:/127.0.0.1:57365 - R:localhost/127.0.0.1:61800]
17:52:32.320 [main] DEBUG n.s.core.photography.Darkroom - Send negative for processing for target\site\serenity\a1929ed9c3924f8725a82f49c5ccf979b877025d0f5f6befdf0666d5200a548f.png
17:52:32.336 [main] DEBUG n.t.core.steps.StepInterceptor - STARTING STEP: shopping.userNavigatesToItemsPage - !#title
17:52:32.336 [main] DEBUG n.t.core.steps.StepInterceptor - STARTING STEP: shopping.userNavigatesToItemsPage - {0} clicks on #target
17:52:32.336 [main] DEBUG n.s.s.targets.IFrameSwitcher - default content already selected for button
17:52:32.356 [Forwarding findElement on session 894a5667ed4874eae83f34446ccc6339 to remote] DEBUG o.a.netty.request.NettyRequestSender - Using pooled Channel '[id: 0x4555661c, L:/127.0.0.1:57365 - R:localhost/127.0.0.1:61800]' for 'POST' to 'http://localhost:61800/session/894a5667ed4874eae83f34446ccc6339/element'
17:52:32.356 [Forwarding findElement on session 894a5667ed4874eae83f34446ccc6339 to remote] DEBUG o.a.netty.request.NettyRequestSender - Using open Channel [id: 0x4555661c, L:/127.0.0.1:57365 - R:localhost/127.0.0.1:61800] for POST '/session/894a5667ed4874eae83f34446ccc6339/element'
17:52:32.373 [AsyncHttpClient-1-2] DEBUG o.a.netty.handler.HttpHandler - 

Request DefaultHttpRequest(decodeResult: success, version: HTTP/1.1)
POST /session/894a5667ed4874eae83f34446ccc6339/element HTTP/1.1
User-Agent: selenium/4.1.1 (java windows)
Content-Length: 95
Content-Type: application/json; charset=utf-8
host: localhost:61800
accept: */*

Response DefaultHttpResponse(decodeResult: success, version: HTTP/1.1)
HTTP/1.1 200 OK
Content-Type: application/json; charset=utf-8
cache-control: no-cache
content-length: 88

17:52:32.373 [AsyncHttpClient-1-2] DEBUG o.a.netty.channel.ChannelManager - Adding key: http://localhost:61800 for channel [id: 0x4555661c, L:/127.0.0.1:57365 - R:localhost/127.0.0.1:61800]
17:52:32.388 [Forwarding isElementDisplayed on session 894a5667ed4874eae83f34446ccc6339 to remote] DEBUG o.a.netty.request.NettyRequestSender - Using pooled Channel '[id: 0x4555661c, L:/127.0.0.1:57365 - R:localhost/127.0.0.1:61800]' for 'POST' to 'http://localhost:61800/session/894a5667ed4874eae83f34446ccc6339/execute/sync'
17:52:32.388 [Forwarding isElementDisplayed on session 894a5667ed4874eae83f34446ccc6339 to remote] DEBUG o.a.netty.request.NettyRequestSender - Using open Channel [id: 0x4555661c, L:/127.0.0.1:57365 - R:localhost/127.0.0.1:61800] for POST '/session/894a5667ed4874eae83f34446ccc6339/execute/sync'
17:52:32.404 [AsyncHttpClient-1-2] DEBUG o.a.netty.handler.HttpHandler - 

Request DefaultHttpRequest(decodeResult: success, version: HTTP/1.1)
POST /session/894a5667ed4874eae83f34446ccc6339/execute/sync HTTP/1.1
User-Agent: selenium/4.1.1 (java windows)
Content-Length: 48780
Content-Type: application/json; charset=utf-8
host: localhost:61800
accept: */*

Response DefaultHttpResponse(decodeResult: success, version: HTTP/1.1)
HTTP/1.1 200 OK
Content-Type: application/json; charset=utf-8
cache-control: no-cache
content-length: 14

17:52:32.404 [AsyncHttpClient-1-2] DEBUG o.a.netty.channel.ChannelManager - Adding key: http://localhost:61800 for channel [id: 0x4555661c, L:/127.0.0.1:57365 - R:localhost/127.0.0.1:61800]
17:52:32.419 [Forwarding findElement on session 894a5667ed4874eae83f34446ccc6339 to remote] DEBUG o.a.netty.request.NettyRequestSender - Using pooled Channel '[id: 0x4555661c, L:/127.0.0.1:57365 - R:localhost/127.0.0.1:61800]' for 'POST' to 'http://localhost:61800/session/894a5667ed4874eae83f34446ccc6339/element'
17:52:32.419 [Forwarding findElement on session 894a5667ed4874eae83f34446ccc6339 to remote] DEBUG o.a.netty.request.NettyRequestSender - Using open Channel [id: 0x4555661c, L:/127.0.0.1:57365 - R:localhost/127.0.0.1:61800] for POST '/session/894a5667ed4874eae83f34446ccc6339/element'
17:52:32.455 [AsyncHttpClient-1-2] DEBUG o.a.netty.handler.HttpHandler - 

Request DefaultHttpRequest(decodeResult: success, version: HTTP/1.1)
POST /session/894a5667ed4874eae83f34446ccc6339/element HTTP/1.1
User-Agent: selenium/4.1.1 (java windows)
Content-Length: 95
Content-Type: application/json; charset=utf-8
host: localhost:61800
accept: */*

Response DefaultHttpResponse(decodeResult: success, version: HTTP/1.1)
HTTP/1.1 200 OK
Content-Type: application/json; charset=utf-8
cache-control: no-cache
content-length: 88

17:52:32.455 [AsyncHttpClient-1-2] DEBUG o.a.netty.channel.ChannelManager - Adding key: http://localhost:61800 for channel [id: 0x4555661c, L:/127.0.0.1:57365 - R:localhost/127.0.0.1:61800]
17:52:32.465 [Forwarding clickElement on session 894a5667ed4874eae83f34446ccc6339 to remote] DEBUG o.a.netty.request.NettyRequestSender - Using pooled Channel '[id: 0x4555661c, L:/127.0.0.1:57365 - R:localhost/127.0.0.1:61800]' for 'POST' to 'http://localhost:61800/session/894a5667ed4874eae83f34446ccc6339/element/505f687b-0c3e-4efa-821d-7b5ff8885edb/click'
17:52:32.465 [Forwarding clickElement on session 894a5667ed4874eae83f34446ccc6339 to remote] DEBUG o.a.netty.request.NettyRequestSender - Using open Channel [id: 0x4555661c, L:/127.0.0.1:57365 - R:localhost/127.0.0.1:61800] for POST '/session/894a5667ed4874eae83f34446ccc6339/element/505f687b-0c3e-4efa-821d-7b5ff8885edb/click'
17:52:32.863 [AsyncHttpClient-1-1] DEBUG o.a.netty.channel.DefaultChannelPool - Entry count for : http://localhost:57366 : 1
17:52:33.956 [AsyncHttpClient-1-1] DEBUG o.a.netty.channel.DefaultChannelPool - Entry count for : http://localhost:57366 : 1
17:52:34.864 [AsyncHttpClient-1-2] DEBUG o.a.netty.handler.HttpHandler - 

Request DefaultHttpRequest(decodeResult: success, version: HTTP/1.1)
POST /session/894a5667ed4874eae83f34446ccc6339/element/505f687b-0c3e-4efa-821d-7b5ff8885edb/click HTTP/1.1
User-Agent: selenium/4.1.1 (java windows)
Content-Length: 50
Content-Type: application/json; charset=utf-8
host: localhost:61800
accept: */*

Response DefaultHttpResponse(decodeResult: success, version: HTTP/1.1)
HTTP/1.1 200 OK
Content-Type: application/json; charset=utf-8
cache-control: no-cache
content-length: 14

17:52:34.864 [AsyncHttpClient-1-2] DEBUG o.a.netty.channel.ChannelManager - Adding key: http://localhost:61800 for channel [id: 0x4555661c, L:/127.0.0.1:57365 - R:localhost/127.0.0.1:61800]
17:52:34.882 [Forwarding screenshot on session 894a5667ed4874eae83f34446ccc6339 to remote] DEBUG o.a.netty.request.NettyRequestSender - Using pooled Channel '[id: 0x4555661c, L:/127.0.0.1:57365 - R:localhost/127.0.0.1:61800]' for 'GET' to 'http://localhost:61800/session/894a5667ed4874eae83f34446ccc6339/screenshot'
17:52:34.882 [Forwarding screenshot on session 894a5667ed4874eae83f34446ccc6339 to remote] DEBUG o.a.netty.request.NettyRequestSender - Using open Channel [id: 0x4555661c, L:/127.0.0.1:57365 - R:localhost/127.0.0.1:61800] for GET '/session/894a5667ed4874eae83f34446ccc6339/screenshot'
17:52:35.057 [AsyncHttpClient-1-1] DEBUG o.a.netty.channel.DefaultChannelPool - Entry count for : http://localhost:57366 : 1
17:52:35.072 [AsyncHttpClient-1-2] DEBUG o.a.netty.handler.HttpHandler - 

Request DefaultFullHttpRequest(decodeResult: success, version: HTTP/1.1, content: EmptyByteBufBE)
GET /session/894a5667ed4874eae83f34446ccc6339/screenshot HTTP/1.1
User-Agent: selenium/4.1.1 (java windows)
Cache-Control: no-cache
Content-Type: application/json; charset=utf-8
host: localhost:61800
accept: */*

Response DefaultHttpResponse(decodeResult: success, version: HTTP/1.1)
HTTP/1.1 200 OK
Content-Type: application/json; charset=utf-8
cache-control: no-cache
content-length: 135536

17:52:35.072 [AsyncHttpClient-1-2] DEBUG o.a.netty.channel.ChannelManager - Adding key: http://localhost:61800 for channel [id: 0x4555661c, L:/127.0.0.1:57365 - R:localhost/127.0.0.1:61800]
17:52:35.072 [main] DEBUG n.s.core.photography.Darkroom - Send negative for processing for target\site\serenity\39e21ee06cc79f44e837d23a544839d7629a113d80d46e5efd6b349656cb6a7b.png
17:52:35.072 [main] DEBUG n.t.core.steps.StepInterceptor - STEP DONE: {0} clicks on #target
17:52:35.072 [Darkroom Processing Line] DEBUG n.s.c.p.DarkroomProcessingLine - Processing screenshot image in /var/screenshots/screenshot-15213503247505919555
17:52:35.072 [Darkroom Processing Line] DEBUG n.s.c.p.DarkroomProcessingLine - Saving screenshot to target\site\serenity\39e21ee06cc79f44e837d23a544839d7629a113d80d46e5efd6b349656cb6a7b.png
17:52:35.088 [main] DEBUG n.t.core.steps.StepInterceptor - STEP DONE: !#title
17:52:35.104 [main] DEBUG n.s.s.targets.IFrameSwitcher - default content already selected for h2
17:52:35.104 [Forwarding findElements on session 894a5667ed4874eae83f34446ccc6339 to remote] DEBUG o.a.netty.request.NettyRequestSender - Using pooled Channel '[id: 0x4555661c, L:/127.0.0.1:57365 - R:localhost/127.0.0.1:61800]' for 'POST' to 'http://localhost:61800/session/894a5667ed4874eae83f34446ccc6339/elements'
17:52:35.104 [Forwarding findElements on session 894a5667ed4874eae83f34446ccc6339 to remote] DEBUG o.a.netty.request.NettyRequestSender - Using open Channel [id: 0x4555661c, L:/127.0.0.1:57365 - R:localhost/127.0.0.1:61800] for POST '/session/894a5667ed4874eae83f34446ccc6339/elements'
17:52:36.158 [AsyncHttpClient-1-1] DEBUG o.a.netty.channel.DefaultChannelPool - Entry count for : http://localhost:57366 : 1
17:52:37.119 [AsyncHttpClient-1-2] DEBUG o.a.netty.handler.HttpHandler - 

Request DefaultHttpRequest(decodeResult: success, version: HTTP/1.1)
POST /session/894a5667ed4874eae83f34446ccc6339/elements HTTP/1.1
User-Agent: selenium/4.1.1 (java windows)
Content-Length: 72
Content-Type: application/json; charset=utf-8
host: localhost:61800
accept: */*

Response DefaultHttpResponse(decodeResult: success, version: HTTP/1.1)
HTTP/1.1 200 OK
Content-Type: application/json; charset=utf-8
cache-control: no-cache
content-length: 12

17:52:37.119 [AsyncHttpClient-1-2] DEBUG o.a.netty.channel.ChannelManager - Adding key: http://localhost:61800 for channel [id: 0x4555661c, L:/127.0.0.1:57365 - R:localhost/127.0.0.1:61800]
17:52:37.119 [main] DEBUG n.s.s.targets.IFrameSwitcher - default content already selected for p
17:52:37.119 [Forwarding findElements on session 894a5667ed4874eae83f34446ccc6339 to remote] DEBUG o.a.netty.request.NettyRequestSender - Using pooled Channel '[id: 0x4555661c, L:/127.0.0.1:57365 - R:localhost/127.0.0.1:61800]' for 'POST' to 'http://localhost:61800/session/894a5667ed4874eae83f34446ccc6339/elements'
17:52:37.119 [Forwarding findElements on session 894a5667ed4874eae83f34446ccc6339 to remote] DEBUG o.a.netty.request.NettyRequestSender - Using open Channel [id: 0x4555661c, L:/127.0.0.1:57365 - R:localhost/127.0.0.1:61800] for POST '/session/894a5667ed4874eae83f34446ccc6339/elements'
17:52:37.134 [AsyncHttpClient-1-2] DEBUG o.a.netty.handler.HttpHandler - 

Request DefaultHttpRequest(decodeResult: success, version: HTTP/1.1)
POST /session/894a5667ed4874eae83f34446ccc6339/elements HTTP/1.1
User-Agent: selenium/4.1.1 (java windows)
Content-Length: 101
Content-Type: application/json; charset=utf-8
host: localhost:61800
accept: */*

Response DefaultHttpResponse(decodeResult: success, version: HTTP/1.1)
HTTP/1.1 200 OK
Content-Type: application/json; charset=utf-8
cache-control: no-cache
content-length: 248

17:52:37.134 [AsyncHttpClient-1-2] DEBUG o.a.netty.channel.ChannelManager - Adding key: http://localhost:61800 for channel [id: 0x4555661c, L:/127.0.0.1:57365 - R:localhost/127.0.0.1:61800]
17:52:37.150 [Forwarding isElementDisplayed on session 894a5667ed4874eae83f34446ccc6339 to remote] DEBUG o.a.netty.request.NettyRequestSender - Using pooled Channel '[id: 0x4555661c, L:/127.0.0.1:57365 - R:localhost/127.0.0.1:61800]' for 'POST' to 'http://localhost:61800/session/894a5667ed4874eae83f34446ccc6339/execute/sync'
17:52:37.150 [Forwarding isElementDisplayed on session 894a5667ed4874eae83f34446ccc6339 to remote] DEBUG o.a.netty.request.NettyRequestSender - Using open Channel [id: 0x4555661c, L:/127.0.0.1:57365 - R:localhost/127.0.0.1:61800] for POST '/session/894a5667ed4874eae83f34446ccc6339/execute/sync'
17:52:37.166 [AsyncHttpClient-1-2] DEBUG o.a.netty.handler.HttpHandler - 

Request DefaultHttpRequest(decodeResult: success, version: HTTP/1.1)
POST /session/894a5667ed4874eae83f34446ccc6339/execute/sync HTTP/1.1
User-Agent: selenium/4.1.1 (java windows)
Content-Length: 48780
Content-Type: application/json; charset=utf-8
host: localhost:61800
accept: */*

Response DefaultHttpResponse(decodeResult: success, version: HTTP/1.1)
HTTP/1.1 200 OK
Content-Type: application/json; charset=utf-8
cache-control: no-cache
content-length: 14

17:52:37.166 [AsyncHttpClient-1-2] DEBUG o.a.netty.channel.ChannelManager - Adding key: http://localhost:61800 for channel [id: 0x4555661c, L:/127.0.0.1:57365 - R:localhost/127.0.0.1:61800]
17:52:37.181 [Forwarding isElementDisplayed on session 894a5667ed4874eae83f34446ccc6339 to remote] DEBUG o.a.netty.request.NettyRequestSender - Using pooled Channel '[id: 0x4555661c, L:/127.0.0.1:57365 - R:localhost/127.0.0.1:61800]' for 'POST' to 'http://localhost:61800/session/894a5667ed4874eae83f34446ccc6339/execute/sync'
17:52:37.181 [Forwarding isElementDisplayed on session 894a5667ed4874eae83f34446ccc6339 to remote] DEBUG o.a.netty.request.NettyRequestSender - Using open Channel [id: 0x4555661c, L:/127.0.0.1:57365 - R:localhost/127.0.0.1:61800] for POST '/session/894a5667ed4874eae83f34446ccc6339/execute/sync'
17:52:37.197 [AsyncHttpClient-1-2] DEBUG o.a.netty.handler.HttpHandler - 

Request DefaultHttpRequest(decodeResult: success, version: HTTP/1.1)
POST /session/894a5667ed4874eae83f34446ccc6339/execute/sync HTTP/1.1
User-Agent: selenium/4.1.1 (java windows)
Content-Length: 48780
Content-Type: application/json; charset=utf-8
host: localhost:61800
accept: */*

Response DefaultHttpResponse(decodeResult: success, version: HTTP/1.1)
HTTP/1.1 200 OK
Content-Type: application/json; charset=utf-8
cache-control: no-cache
content-length: 14

17:52:37.197 [AsyncHttpClient-1-2] DEBUG o.a.netty.channel.ChannelManager - Adding key: http://localhost:61800 for channel [id: 0x4555661c, L:/127.0.0.1:57365 - R:localhost/127.0.0.1:61800]
17:52:37.197 [Forwarding isElementDisplayed on session 894a5667ed4874eae83f34446ccc6339 to remote] DEBUG o.a.netty.request.NettyRequestSender - Using pooled Channel '[id: 0x4555661c, L:/127.0.0.1:57365 - R:localhost/127.0.0.1:61800]' for 'POST' to 'http://localhost:61800/session/894a5667ed4874eae83f34446ccc6339/execute/sync'
17:52:37.197 [Forwarding isElementDisplayed on session 894a5667ed4874eae83f34446ccc6339 to remote] DEBUG o.a.netty.request.NettyRequestSender - Using open Channel [id: 0x4555661c, L:/127.0.0.1:57365 - R:localhost/127.0.0.1:61800] for POST '/session/894a5667ed4874eae83f34446ccc6339/execute/sync'
17:52:37.213 [AsyncHttpClient-1-2] DEBUG o.a.netty.handler.HttpHandler - 

Request DefaultHttpRequest(decodeResult: success, version: HTTP/1.1)
POST /session/894a5667ed4874eae83f34446ccc6339/execute/sync HTTP/1.1
User-Agent: selenium/4.1.1 (java windows)
Content-Length: 48780
Content-Type: application/json; charset=utf-8
host: localhost:61800
accept: */*

Response DefaultHttpResponse(decodeResult: success, version: HTTP/1.1)
HTTP/1.1 200 OK
Content-Type: application/json; charset=utf-8
cache-control: no-cache
content-length: 14

17:52:37.213 [AsyncHttpClient-1-2] DEBUG o.a.netty.channel.ChannelManager - Adding key: http://localhost:61800 for channel [id: 0x4555661c, L:/127.0.0.1:57365 - R:localhost/127.0.0.1:61800]
17:52:37.228 [Forwarding isElementDisplayed on session 894a5667ed4874eae83f34446ccc6339 to remote] DEBUG o.a.netty.request.NettyRequestSender - Using pooled Channel '[id: 0x4555661c, L:/127.0.0.1:57365 - R:localhost/127.0.0.1:61800]' for 'POST' to 'http://localhost:61800/session/894a5667ed4874eae83f34446ccc6339/execute/sync'
17:52:37.228 [Forwarding isElementDisplayed on session 894a5667ed4874eae83f34446ccc6339 to remote] DEBUG o.a.netty.request.NettyRequestSender - Using open Channel [id: 0x4555661c, L:/127.0.0.1:57365 - R:localhost/127.0.0.1:61800] for POST '/session/894a5667ed4874eae83f34446ccc6339/execute/sync'
17:52:37.228 [AsyncHttpClient-1-2] DEBUG o.a.netty.handler.HttpHandler - 

Request DefaultHttpRequest(decodeResult: success, version: HTTP/1.1)
POST /session/894a5667ed4874eae83f34446ccc6339/execute/sync HTTP/1.1
User-Agent: selenium/4.1.1 (java windows)
Content-Length: 48780
Content-Type: application/json; charset=utf-8
host: localhost:61800
accept: */*

Response DefaultHttpResponse(decodeResult: success, version: HTTP/1.1)
HTTP/1.1 200 OK
Content-Type: application/json; charset=utf-8
cache-control: no-cache
content-length: 14

17:52:37.228 [AsyncHttpClient-1-2] DEBUG o.a.netty.channel.ChannelManager - Adding key: http://localhost:61800 for channel [id: 0x4555661c, L:/127.0.0.1:57365 - R:localhost/127.0.0.1:61800]
17:52:37.244 [Forwarding getElementAttribute on session 894a5667ed4874eae83f34446ccc6339 to remote] DEBUG o.a.netty.request.NettyRequestSender - Using pooled Channel '[id: 0x4555661c, L:/127.0.0.1:57365 - R:localhost/127.0.0.1:61800]' for 'POST' to 'http://localhost:61800/session/894a5667ed4874eae83f34446ccc6339/execute/sync'
17:52:37.244 [Forwarding getElementAttribute on session 894a5667ed4874eae83f34446ccc6339 to remote] DEBUG o.a.netty.request.NettyRequestSender - Using open Channel [id: 0x4555661c, L:/127.0.0.1:57365 - R:localhost/127.0.0.1:61800] for POST '/session/894a5667ed4874eae83f34446ccc6339/execute/sync'
17:52:37.259 [AsyncHttpClient-1-1] DEBUG o.a.netty.channel.DefaultChannelPool - Entry count for : http://localhost:57366 : 1
17:52:37.259 [AsyncHttpClient-1-2] DEBUG o.a.netty.handler.HttpHandler - 

Request DefaultHttpRequest(decodeResult: success, version: HTTP/1.1)
POST /session/894a5667ed4874eae83f34446ccc6339/execute/sync HTTP/1.1
User-Agent: selenium/4.1.1 (java windows)
Content-Length: 47340
Content-Type: application/json; charset=utf-8
host: localhost:61800
accept: */*

Response DefaultHttpResponse(decodeResult: success, version: HTTP/1.1)
HTTP/1.1 200 OK
Content-Type: application/json; charset=utf-8
cache-control: no-cache
content-length: 14

17:52:37.259 [AsyncHttpClient-1-2] DEBUG o.a.netty.channel.ChannelManager - Adding key: http://localhost:61800 for channel [id: 0x4555661c, L:/127.0.0.1:57365 - R:localhost/127.0.0.1:61800]
17:52:37.259 [Forwarding getElementText on session 894a5667ed4874eae83f34446ccc6339 to remote] DEBUG o.a.netty.request.NettyRequestSender - Using pooled Channel '[id: 0x4555661c, L:/127.0.0.1:57365 - R:localhost/127.0.0.1:61800]' for 'GET' to 'http://localhost:61800/session/894a5667ed4874eae83f34446ccc6339/element/9588eb25-ba11-4117-a40b-7ee40a006369/text'
17:52:37.259 [Forwarding getElementText on session 894a5667ed4874eae83f34446ccc6339 to remote] DEBUG o.a.netty.request.NettyRequestSender - Using open Channel [id: 0x4555661c, L:/127.0.0.1:57365 - R:localhost/127.0.0.1:61800] for GET '/session/894a5667ed4874eae83f34446ccc6339/element/9588eb25-ba11-4117-a40b-7ee40a006369/text'
17:52:37.275 [AsyncHttpClient-1-2] DEBUG o.a.netty.handler.HttpHandler - 

Request DefaultFullHttpRequest(decodeResult: success, version: HTTP/1.1, content: EmptyByteBufBE)
GET /session/894a5667ed4874eae83f34446ccc6339/element/9588eb25-ba11-4117-a40b-7ee40a006369/text HTTP/1.1
User-Agent: selenium/4.1.1 (java windows)
Cache-Control: no-cache
Content-Type: application/json; charset=utf-8
host: localhost:61800
accept: */*

Response DefaultHttpResponse(decodeResult: success, version: HTTP/1.1)
HTTP/1.1 200 OK
Content-Type: application/json; charset=utf-8
cache-control: no-cache
content-length: 26

17:52:37.275 [AsyncHttpClient-1-2] DEBUG o.a.netty.channel.ChannelManager - Adding key: http://localhost:61800 for channel [id: 0x4555661c, L:/127.0.0.1:57365 - R:localhost/127.0.0.1:61800]
17:52:37.275 [Forwarding getElementText on session 894a5667ed4874eae83f34446ccc6339 to remote] DEBUG o.a.netty.request.NettyRequestSender - Using pooled Channel '[id: 0x4555661c, L:/127.0.0.1:57365 - R:localhost/127.0.0.1:61800]' for 'GET' to 'http://localhost:61800/session/894a5667ed4874eae83f34446ccc6339/element/9588eb25-ba11-4117-a40b-7ee40a006369/text'
17:52:37.275 [Forwarding getElementText on session 894a5667ed4874eae83f34446ccc6339 to remote] DEBUG o.a.netty.request.NettyRequestSender - Using open Channel [id: 0x4555661c, L:/127.0.0.1:57365 - R:localhost/127.0.0.1:61800] for GET '/session/894a5667ed4874eae83f34446ccc6339/element/9588eb25-ba11-4117-a40b-7ee40a006369/text'
17:52:37.291 [AsyncHttpClient-1-2] DEBUG o.a.netty.handler.HttpHandler - 

Request DefaultFullHttpRequest(decodeResult: success, version: HTTP/1.1, content: EmptyByteBufBE)
GET /session/894a5667ed4874eae83f34446ccc6339/element/9588eb25-ba11-4117-a40b-7ee40a006369/text HTTP/1.1
User-Agent: selenium/4.1.1 (java windows)
Cache-Control: no-cache
Content-Type: application/json; charset=utf-8
host: localhost:61800
accept: */*

Response DefaultHttpResponse(decodeResult: success, version: HTTP/1.1)
HTTP/1.1 200 OK
Content-Type: application/json; charset=utf-8
cache-control: no-cache
content-length: 26

17:52:37.291 [AsyncHttpClient-1-2] DEBUG o.a.netty.channel.ChannelManager - Adding key: http://localhost:61800 for channel [id: 0x4555661c, L:/127.0.0.1:57365 - R:localhost/127.0.0.1:61800]
17:52:37.291 [Forwarding isElementDisplayed on session 894a5667ed4874eae83f34446ccc6339 to remote] DEBUG o.a.netty.request.NettyRequestSender - Using pooled Channel '[id: 0x4555661c, L:/127.0.0.1:57365 - R:localhost/127.0.0.1:61800]' for 'POST' to 'http://localhost:61800/session/894a5667ed4874eae83f34446ccc6339/execute/sync'
17:52:37.291 [Forwarding isElementDisplayed on session 894a5667ed4874eae83f34446ccc6339 to remote] DEBUG o.a.netty.request.NettyRequestSender - Using open Channel [id: 0x4555661c, L:/127.0.0.1:57365 - R:localhost/127.0.0.1:61800] for POST '/session/894a5667ed4874eae83f34446ccc6339/execute/sync'
17:52:37.306 [AsyncHttpClient-1-2] DEBUG o.a.netty.handler.HttpHandler - 

Request DefaultHttpRequest(decodeResult: success, version: HTTP/1.1)
POST /session/894a5667ed4874eae83f34446ccc6339/execute/sync HTTP/1.1
User-Agent: selenium/4.1.1 (java windows)
Content-Length: 48780
Content-Type: application/json; charset=utf-8
host: localhost:61800
accept: */*

Response DefaultHttpResponse(decodeResult: success, version: HTTP/1.1)
HTTP/1.1 200 OK
Content-Type: application/json; charset=utf-8
cache-control: no-cache
content-length: 14

17:52:37.306 [AsyncHttpClient-1-2] DEBUG o.a.netty.channel.ChannelManager - Adding key: http://localhost:61800 for channel [id: 0x4555661c, L:/127.0.0.1:57365 - R:localhost/127.0.0.1:61800]
17:52:37.322 [Forwarding isElementDisplayed on session 894a5667ed4874eae83f34446ccc6339 to remote] DEBUG o.a.netty.request.NettyRequestSender - Using pooled Channel '[id: 0x4555661c, L:/127.0.0.1:57365 - R:localhost/127.0.0.1:61800]' for 'POST' to 'http://localhost:61800/session/894a5667ed4874eae83f34446ccc6339/execute/sync'
17:52:37.322 [Forwarding isElementDisplayed on session 894a5667ed4874eae83f34446ccc6339 to remote] DEBUG o.a.netty.request.NettyRequestSender - Using open Channel [id: 0x4555661c, L:/127.0.0.1:57365 - R:localhost/127.0.0.1:61800] for POST '/session/894a5667ed4874eae83f34446ccc6339/execute/sync'
17:52:37.337 [AsyncHttpClient-1-2] DEBUG o.a.netty.handler.HttpHandler - 

Request DefaultHttpRequest(decodeResult: success, version: HTTP/1.1)
POST /session/894a5667ed4874eae83f34446ccc6339/execute/sync HTTP/1.1
User-Agent: selenium/4.1.1 (java windows)
Content-Length: 48780
Content-Type: application/json; charset=utf-8
host: localhost:61800
accept: */*

Response DefaultHttpResponse(decodeResult: success, version: HTTP/1.1)
HTTP/1.1 200 OK
Content-Type: application/json; charset=utf-8
cache-control: no-cache
content-length: 14

17:52:37.337 [AsyncHttpClient-1-2] DEBUG o.a.netty.channel.ChannelManager - Adding key: http://localhost:61800 for channel [id: 0x4555661c, L:/127.0.0.1:57365 - R:localhost/127.0.0.1:61800]
17:52:37.337 [Forwarding isElementDisplayed on session 894a5667ed4874eae83f34446ccc6339 to remote] DEBUG o.a.netty.request.NettyRequestSender - Using pooled Channel '[id: 0x4555661c, L:/127.0.0.1:57365 - R:localhost/127.0.0.1:61800]' for 'POST' to 'http://localhost:61800/session/894a5667ed4874eae83f34446ccc6339/execute/sync'
17:52:37.337 [Forwarding isElementDisplayed on session 894a5667ed4874eae83f34446ccc6339 to remote] DEBUG o.a.netty.request.NettyRequestSender - Using open Channel [id: 0x4555661c, L:/127.0.0.1:57365 - R:localhost/127.0.0.1:61800] for POST '/session/894a5667ed4874eae83f34446ccc6339/execute/sync'
17:52:37.357 [AsyncHttpClient-1-2] DEBUG o.a.netty.handler.HttpHandler - 

Request DefaultHttpRequest(decodeResult: success, version: HTTP/1.1)
POST /session/894a5667ed4874eae83f34446ccc6339/execute/sync HTTP/1.1
User-Agent: selenium/4.1.1 (java windows)
Content-Length: 48780
Content-Type: application/json; charset=utf-8
host: localhost:61800
accept: */*

Response DefaultHttpResponse(decodeResult: success, version: HTTP/1.1)
HTTP/1.1 200 OK
Content-Type: application/json; charset=utf-8
cache-control: no-cache
content-length: 14

17:52:37.357 [AsyncHttpClient-1-2] DEBUG o.a.netty.channel.ChannelManager - Adding key: http://localhost:61800 for channel [id: 0x4555661c, L:/127.0.0.1:57365 - R:localhost/127.0.0.1:61800]
17:52:37.357 [Forwarding isElementDisplayed on session 894a5667ed4874eae83f34446ccc6339 to remote] DEBUG o.a.netty.request.NettyRequestSender - Using pooled Channel '[id: 0x4555661c, L:/127.0.0.1:57365 - R:localhost/127.0.0.1:61800]' for 'POST' to 'http://localhost:61800/session/894a5667ed4874eae83f34446ccc6339/execute/sync'
17:52:37.357 [Forwarding isElementDisplayed on session 894a5667ed4874eae83f34446ccc6339 to remote] DEBUG o.a.netty.request.NettyRequestSender - Using open Channel [id: 0x4555661c, L:/127.0.0.1:57365 - R:localhost/127.0.0.1:61800] for POST '/session/894a5667ed4874eae83f34446ccc6339/execute/sync'
17:52:37.373 [AsyncHttpClient-1-2] DEBUG o.a.netty.handler.HttpHandler - 

Request DefaultHttpRequest(decodeResult: success, version: HTTP/1.1)
POST /session/894a5667ed4874eae83f34446ccc6339/execute/sync HTTP/1.1
User-Agent: selenium/4.1.1 (java windows)
Content-Length: 48780
Content-Type: application/json; charset=utf-8
host: localhost:61800
accept: */*

Response DefaultHttpResponse(decodeResult: success, version: HTTP/1.1)
HTTP/1.1 200 OK
Content-Type: application/json; charset=utf-8
cache-control: no-cache
content-length: 14

17:52:37.373 [AsyncHttpClient-1-2] DEBUG o.a.netty.channel.ChannelManager - Adding key: http://localhost:61800 for channel [id: 0x4555661c, L:/127.0.0.1:57365 - R:localhost/127.0.0.1:61800]
17:52:37.373 [Forwarding getElementAttribute on session 894a5667ed4874eae83f34446ccc6339 to remote] DEBUG o.a.netty.request.NettyRequestSender - Using pooled Channel '[id: 0x4555661c, L:/127.0.0.1:57365 - R:localhost/127.0.0.1:61800]' for 'POST' to 'http://localhost:61800/session/894a5667ed4874eae83f34446ccc6339/execute/sync'
17:52:37.373 [Forwarding getElementAttribute on session 894a5667ed4874eae83f34446ccc6339 to remote] DEBUG o.a.netty.request.NettyRequestSender - Using open Channel [id: 0x4555661c, L:/127.0.0.1:57365 - R:localhost/127.0.0.1:61800] for POST '/session/894a5667ed4874eae83f34446ccc6339/execute/sync'
17:52:37.388 [AsyncHttpClient-1-2] DEBUG o.a.netty.handler.HttpHandler - 

Request DefaultHttpRequest(decodeResult: success, version: HTTP/1.1)
POST /session/894a5667ed4874eae83f34446ccc6339/execute/sync HTTP/1.1
User-Agent: selenium/4.1.1 (java windows)
Content-Length: 47340
Content-Type: application/json; charset=utf-8
host: localhost:61800
accept: */*

Response DefaultHttpResponse(decodeResult: success, version: HTTP/1.1)
HTTP/1.1 200 OK
Content-Type: application/json; charset=utf-8
cache-control: no-cache
content-length: 14

17:52:37.388 [AsyncHttpClient-1-2] DEBUG o.a.netty.channel.ChannelManager - Adding key: http://localhost:61800 for channel [id: 0x4555661c, L:/127.0.0.1:57365 - R:localhost/127.0.0.1:61800]
17:52:37.388 [Forwarding getElementText on session 894a5667ed4874eae83f34446ccc6339 to remote] DEBUG o.a.netty.request.NettyRequestSender - Using pooled Channel '[id: 0x4555661c, L:/127.0.0.1:57365 - R:localhost/127.0.0.1:61800]' for 'GET' to 'http://localhost:61800/session/894a5667ed4874eae83f34446ccc6339/element/24367150-7b92-4af2-98c3-28a6f6dd1ea8/text'
17:52:37.388 [Forwarding getElementText on session 894a5667ed4874eae83f34446ccc6339 to remote] DEBUG o.a.netty.request.NettyRequestSender - Using open Channel [id: 0x4555661c, L:/127.0.0.1:57365 - R:localhost/127.0.0.1:61800] for GET '/session/894a5667ed4874eae83f34446ccc6339/element/24367150-7b92-4af2-98c3-28a6f6dd1ea8/text'
17:52:37.404 [AsyncHttpClient-1-2] DEBUG o.a.netty.handler.HttpHandler - 

Request DefaultFullHttpRequest(decodeResult: success, version: HTTP/1.1, content: EmptyByteBufBE)
GET /session/894a5667ed4874eae83f34446ccc6339/element/24367150-7b92-4af2-98c3-28a6f6dd1ea8/text HTTP/1.1
User-Agent: selenium/4.1.1 (java windows)
Cache-Control: no-cache
Content-Type: application/json; charset=utf-8
host: localhost:61800
accept: */*

Response DefaultHttpResponse(decodeResult: success, version: HTTP/1.1)
HTTP/1.1 200 OK
Content-Type: application/json; charset=utf-8
cache-control: no-cache
content-length: 26

17:52:37.404 [AsyncHttpClient-1-2] DEBUG o.a.netty.channel.ChannelManager - Adding key: http://localhost:61800 for channel [id: 0x4555661c, L:/127.0.0.1:57365 - R:localhost/127.0.0.1:61800]
17:52:37.404 [Forwarding getElementText on session 894a5667ed4874eae83f34446ccc6339 to remote] DEBUG o.a.netty.request.NettyRequestSender - Using pooled Channel '[id: 0x4555661c, L:/127.0.0.1:57365 - R:localhost/127.0.0.1:61800]' for 'GET' to 'http://localhost:61800/session/894a5667ed4874eae83f34446ccc6339/element/24367150-7b92-4af2-98c3-28a6f6dd1ea8/text'
17:52:37.404 [Forwarding getElementText on session 894a5667ed4874eae83f34446ccc6339 to remote] DEBUG o.a.netty.request.NettyRequestSender - Using open Channel [id: 0x4555661c, L:/127.0.0.1:57365 - R:localhost/127.0.0.1:61800] for GET '/session/894a5667ed4874eae83f34446ccc6339/element/24367150-7b92-4af2-98c3-28a6f6dd1ea8/text'
17:52:37.420 [AsyncHttpClient-1-2] DEBUG o.a.netty.handler.HttpHandler - 

Request DefaultFullHttpRequest(decodeResult: success, version: HTTP/1.1, content: EmptyByteBufBE)
GET /session/894a5667ed4874eae83f34446ccc6339/element/24367150-7b92-4af2-98c3-28a6f6dd1ea8/text HTTP/1.1
User-Agent: selenium/4.1.1 (java windows)
Cache-Control: no-cache
Content-Type: application/json; charset=utf-8
host: localhost:61800
accept: */*

Response DefaultHttpResponse(decodeResult: success, version: HTTP/1.1)
HTTP/1.1 200 OK
Content-Type: application/json; charset=utf-8
cache-control: no-cache
content-length: 26

17:52:37.420 [AsyncHttpClient-1-2] DEBUG o.a.netty.channel.ChannelManager - Adding key: http://localhost:61800 for channel [id: 0x4555661c, L:/127.0.0.1:57365 - R:localhost/127.0.0.1:61800]
17:52:37.451 [Forwarding isElementDisplayed on session 894a5667ed4874eae83f34446ccc6339 to remote] DEBUG o.a.netty.request.NettyRequestSender - Using pooled Channel '[id: 0x4555661c, L:/127.0.0.1:57365 - R:localhost/127.0.0.1:61800]' for 'POST' to 'http://localhost:61800/session/894a5667ed4874eae83f34446ccc6339/execute/sync'
17:52:37.451 [Forwarding isElementDisplayed on session 894a5667ed4874eae83f34446ccc6339 to remote] DEBUG o.a.netty.request.NettyRequestSender - Using open Channel [id: 0x4555661c, L:/127.0.0.1:57365 - R:localhost/127.0.0.1:61800] for POST '/session/894a5667ed4874eae83f34446ccc6339/execute/sync'
17:52:37.467 [AsyncHttpClient-1-2] DEBUG o.a.netty.handler.HttpHandler - 

Request DefaultHttpRequest(decodeResult: success, version: HTTP/1.1)
POST /session/894a5667ed4874eae83f34446ccc6339/execute/sync HTTP/1.1
User-Agent: selenium/4.1.1 (java windows)
Content-Length: 48780
Content-Type: application/json; charset=utf-8
host: localhost:61800
accept: */*

Response DefaultHttpResponse(decodeResult: success, version: HTTP/1.1)
HTTP/1.1 200 OK
Content-Type: application/json; charset=utf-8
cache-control: no-cache
content-length: 14

17:52:37.467 [AsyncHttpClient-1-2] DEBUG o.a.netty.channel.ChannelManager - Adding key: http://localhost:61800 for channel [id: 0x4555661c, L:/127.0.0.1:57365 - R:localhost/127.0.0.1:61800]
17:52:37.467 [Forwarding isElementDisplayed on session 894a5667ed4874eae83f34446ccc6339 to remote] DEBUG o.a.netty.request.NettyRequestSender - Using pooled Channel '[id: 0x4555661c, L:/127.0.0.1:57365 - R:localhost/127.0.0.1:61800]' for 'POST' to 'http://localhost:61800/session/894a5667ed4874eae83f34446ccc6339/execute/sync'
17:52:37.467 [Forwarding isElementDisplayed on session 894a5667ed4874eae83f34446ccc6339 to remote] DEBUG o.a.netty.request.NettyRequestSender - Using open Channel [id: 0x4555661c, L:/127.0.0.1:57365 - R:localhost/127.0.0.1:61800] for POST '/session/894a5667ed4874eae83f34446ccc6339/execute/sync'
17:52:37.482 [AsyncHttpClient-1-2] DEBUG o.a.netty.handler.HttpHandler - 

Request DefaultHttpRequest(decodeResult: success, version: HTTP/1.1)
POST /session/894a5667ed4874eae83f34446ccc6339/execute/sync HTTP/1.1
User-Agent: selenium/4.1.1 (java windows)
Content-Length: 48780
Content-Type: application/json; charset=utf-8
host: localhost:61800
accept: */*

Response DefaultHttpResponse(decodeResult: success, version: HTTP/1.1)
HTTP/1.1 200 OK
Content-Type: application/json; charset=utf-8
cache-control: no-cache
content-length: 14

17:52:37.482 [AsyncHttpClient-1-2] DEBUG o.a.netty.channel.ChannelManager - Adding key: http://localhost:61800 for channel [id: 0x4555661c, L:/127.0.0.1:57365 - R:localhost/127.0.0.1:61800]
17:52:37.482 [Forwarding isElementDisplayed on session 894a5667ed4874eae83f34446ccc6339 to remote] DEBUG o.a.netty.request.NettyRequestSender - Using pooled Channel '[id: 0x4555661c, L:/127.0.0.1:57365 - R:localhost/127.0.0.1:61800]' for 'POST' to 'http://localhost:61800/session/894a5667ed4874eae83f34446ccc6339/execute/sync'
17:52:37.482 [Forwarding isElementDisplayed on session 894a5667ed4874eae83f34446ccc6339 to remote] DEBUG o.a.netty.request.NettyRequestSender - Using open Channel [id: 0x4555661c, L:/127.0.0.1:57365 - R:localhost/127.0.0.1:61800] for POST '/session/894a5667ed4874eae83f34446ccc6339/execute/sync'
17:52:37.498 [AsyncHttpClient-1-2] DEBUG o.a.netty.handler.HttpHandler - 

Request DefaultHttpRequest(decodeResult: success, version: HTTP/1.1)
POST /session/894a5667ed4874eae83f34446ccc6339/execute/sync HTTP/1.1
User-Agent: selenium/4.1.1 (java windows)
Content-Length: 48780
Content-Type: application/json; charset=utf-8
host: localhost:61800
accept: */*

Response DefaultHttpResponse(decodeResult: success, version: HTTP/1.1)
HTTP/1.1 200 OK
Content-Type: application/json; charset=utf-8
cache-control: no-cache
content-length: 14

17:52:37.498 [AsyncHttpClient-1-2] DEBUG o.a.netty.channel.ChannelManager - Adding key: http://localhost:61800 for channel [id: 0x4555661c, L:/127.0.0.1:57365 - R:localhost/127.0.0.1:61800]
17:52:37.498 [Forwarding isElementDisplayed on session 894a5667ed4874eae83f34446ccc6339 to remote] DEBUG o.a.netty.request.NettyRequestSender - Using pooled Channel '[id: 0x4555661c, L:/127.0.0.1:57365 - R:localhost/127.0.0.1:61800]' for 'POST' to 'http://localhost:61800/session/894a5667ed4874eae83f34446ccc6339/execute/sync'
17:52:37.498 [Forwarding isElementDisplayed on session 894a5667ed4874eae83f34446ccc6339 to remote] DEBUG o.a.netty.request.NettyRequestSender - Using open Channel [id: 0x4555661c, L:/127.0.0.1:57365 - R:localhost/127.0.0.1:61800] for POST '/session/894a5667ed4874eae83f34446ccc6339/execute/sync'
17:52:37.513 [AsyncHttpClient-1-2] DEBUG o.a.netty.handler.HttpHandler - 

Request DefaultHttpRequest(decodeResult: success, version: HTTP/1.1)
POST /session/894a5667ed4874eae83f34446ccc6339/execute/sync HTTP/1.1
User-Agent: selenium/4.1.1 (java windows)
Content-Length: 48780
Content-Type: application/json; charset=utf-8
host: localhost:61800
accept: */*

Response DefaultHttpResponse(decodeResult: success, version: HTTP/1.1)
HTTP/1.1 200 OK
Content-Type: application/json; charset=utf-8
cache-control: no-cache
content-length: 14

17:52:37.513 [AsyncHttpClient-1-2] DEBUG o.a.netty.channel.ChannelManager - Adding key: http://localhost:61800 for channel [id: 0x4555661c, L:/127.0.0.1:57365 - R:localhost/127.0.0.1:61800]
17:52:37.513 [Forwarding getElementAttribute on session 894a5667ed4874eae83f34446ccc6339 to remote] DEBUG o.a.netty.request.NettyRequestSender - Using pooled Channel '[id: 0x4555661c, L:/127.0.0.1:57365 - R:localhost/127.0.0.1:61800]' for 'POST' to 'http://localhost:61800/session/894a5667ed4874eae83f34446ccc6339/execute/sync'
17:52:37.513 [Forwarding getElementAttribute on session 894a5667ed4874eae83f34446ccc6339 to remote] DEBUG o.a.netty.request.NettyRequestSender - Using open Channel [id: 0x4555661c, L:/127.0.0.1:57365 - R:localhost/127.0.0.1:61800] for POST '/session/894a5667ed4874eae83f34446ccc6339/execute/sync'
17:52:37.529 [AsyncHttpClient-1-2] DEBUG o.a.netty.handler.HttpHandler - 

Request DefaultHttpRequest(decodeResult: success, version: HTTP/1.1)
POST /session/894a5667ed4874eae83f34446ccc6339/execute/sync HTTP/1.1
User-Agent: selenium/4.1.1 (java windows)
Content-Length: 47340
Content-Type: application/json; charset=utf-8
host: localhost:61800
accept: */*

Response DefaultHttpResponse(decodeResult: success, version: HTTP/1.1)
HTTP/1.1 200 OK
Content-Type: application/json; charset=utf-8
cache-control: no-cache
content-length: 14

17:52:37.529 [AsyncHttpClient-1-2] DEBUG o.a.netty.channel.ChannelManager - Adding key: http://localhost:61800 for channel [id: 0x4555661c, L:/127.0.0.1:57365 - R:localhost/127.0.0.1:61800]
17:52:37.529 [Forwarding getElementText on session 894a5667ed4874eae83f34446ccc6339 to remote] DEBUG o.a.netty.request.NettyRequestSender - Using pooled Channel '[id: 0x4555661c, L:/127.0.0.1:57365 - R:localhost/127.0.0.1:61800]' for 'GET' to 'http://localhost:61800/session/894a5667ed4874eae83f34446ccc6339/element/59f35269-63e2-440e-9a7a-aec358cf92d4/text'
17:52:37.529 [Forwarding getElementText on session 894a5667ed4874eae83f34446ccc6339 to remote] DEBUG o.a.netty.request.NettyRequestSender - Using open Channel [id: 0x4555661c, L:/127.0.0.1:57365 - R:localhost/127.0.0.1:61800] for GET '/session/894a5667ed4874eae83f34446ccc6339/element/59f35269-63e2-440e-9a7a-aec358cf92d4/text'
17:52:37.545 [AsyncHttpClient-1-2] DEBUG o.a.netty.handler.HttpHandler - 

Request DefaultFullHttpRequest(decodeResult: success, version: HTTP/1.1, content: EmptyByteBufBE)
GET /session/894a5667ed4874eae83f34446ccc6339/element/59f35269-63e2-440e-9a7a-aec358cf92d4/text HTTP/1.1
User-Agent: selenium/4.1.1 (java windows)
Cache-Control: no-cache
Content-Type: application/json; charset=utf-8
host: localhost:61800
accept: */*

Response DefaultHttpResponse(decodeResult: success, version: HTTP/1.1)
HTTP/1.1 200 OK
Content-Type: application/json; charset=utf-8
cache-control: no-cache
content-length: 26

17:52:37.545 [AsyncHttpClient-1-2] DEBUG o.a.netty.channel.ChannelManager - Adding key: http://localhost:61800 for channel [id: 0x4555661c, L:/127.0.0.1:57365 - R:localhost/127.0.0.1:61800]
17:52:37.545 [Forwarding getElementText on session 894a5667ed4874eae83f34446ccc6339 to remote] DEBUG o.a.netty.request.NettyRequestSender - Using pooled Channel '[id: 0x4555661c, L:/127.0.0.1:57365 - R:localhost/127.0.0.1:61800]' for 'GET' to 'http://localhost:61800/session/894a5667ed4874eae83f34446ccc6339/element/59f35269-63e2-440e-9a7a-aec358cf92d4/text'
17:52:37.545 [Forwarding getElementText on session 894a5667ed4874eae83f34446ccc6339 to remote] DEBUG o.a.netty.request.NettyRequestSender - Using open Channel [id: 0x4555661c, L:/127.0.0.1:57365 - R:localhost/127.0.0.1:61800] for GET '/session/894a5667ed4874eae83f34446ccc6339/element/59f35269-63e2-440e-9a7a-aec358cf92d4/text'
17:52:37.560 [AsyncHttpClient-1-2] DEBUG o.a.netty.handler.HttpHandler - 

Request DefaultFullHttpRequest(decodeResult: success, version: HTTP/1.1, content: EmptyByteBufBE)
GET /session/894a5667ed4874eae83f34446ccc6339/element/59f35269-63e2-440e-9a7a-aec358cf92d4/text HTTP/1.1
User-Agent: selenium/4.1.1 (java windows)
Cache-Control: no-cache
Content-Type: application/json; charset=utf-8
host: localhost:61800
accept: */*

Response DefaultHttpResponse(decodeResult: success, version: HTTP/1.1)
HTTP/1.1 200 OK
Content-Type: application/json; charset=utf-8
cache-control: no-cache
content-length: 26

17:52:37.560 [AsyncHttpClient-1-2] DEBUG o.a.netty.channel.ChannelManager - Adding key: http://localhost:61800 for channel [id: 0x4555661c, L:/127.0.0.1:57365 - R:localhost/127.0.0.1:61800]
17:52:37.576 [Forwarding screenshot on session 894a5667ed4874eae83f34446ccc6339 to remote] DEBUG o.a.netty.request.NettyRequestSender - Using pooled Channel '[id: 0x4555661c, L:/127.0.0.1:57365 - R:localhost/127.0.0.1:61800]' for 'GET' to 'http://localhost:61800/session/894a5667ed4874eae83f34446ccc6339/screenshot'
17:52:37.576 [Forwarding screenshot on session 894a5667ed4874eae83f34446ccc6339 to remote] DEBUG o.a.netty.request.NettyRequestSender - Using open Channel [id: 0x4555661c, L:/127.0.0.1:57365 - R:localhost/127.0.0.1:61800] for GET '/session/894a5667ed4874eae83f34446ccc6339/screenshot'
17:52:37.788 [AsyncHttpClient-1-2] DEBUG o.a.netty.handler.HttpHandler - 

Request DefaultFullHttpRequest(decodeResult: success, version: HTTP/1.1, content: EmptyByteBufBE)
GET /session/894a5667ed4874eae83f34446ccc6339/screenshot HTTP/1.1
User-Agent: selenium/4.1.1 (java windows)
Cache-Control: no-cache
Content-Type: application/json; charset=utf-8
host: localhost:61800
accept: */*

Response DefaultHttpResponse(decodeResult: success, version: HTTP/1.1)
HTTP/1.1 200 OK
Content-Type: application/json; charset=utf-8
cache-control: no-cache
content-length: 135536

17:52:37.788 [AsyncHttpClient-1-2] DEBUG o.a.netty.channel.ChannelManager - Adding key: http://localhost:61800 for channel [id: 0x4555661c, L:/127.0.0.1:57365 - R:localhost/127.0.0.1:61800]
17:52:37.804 [main] DEBUG n.s.core.photography.Darkroom - Send negative for processing for target\site\serenity\39e21ee06cc79f44e837d23a544839d7629a113d80d46e5efd6b349656cb6a7b.png
17:52:37.804 [main] DEBUG n.t.core.steps.StepInterceptor - STARTING STEP: Moisturizers_Selection.Moisturizer_select - {0} clicks on #target
17:52:37.804 [main] DEBUG n.s.s.targets.IFrameSwitcher - default content already selected for p
17:52:37.804 [Forwarding findElement on session 894a5667ed4874eae83f34446ccc6339 to remote] DEBUG o.a.netty.request.NettyRequestSender - Using pooled Channel '[id: 0x4555661c, L:/127.0.0.1:57365 - R:localhost/127.0.0.1:61800]' for 'POST' to 'http://localhost:61800/session/894a5667ed4874eae83f34446ccc6339/element'
17:52:37.804 [Forwarding findElement on session 894a5667ed4874eae83f34446ccc6339 to remote] DEBUG o.a.netty.request.NettyRequestSender - Using open Channel [id: 0x4555661c, L:/127.0.0.1:57365 - R:localhost/127.0.0.1:61800] for POST '/session/894a5667ed4874eae83f34446ccc6339/element'
17:52:37.822 [AsyncHttpClient-1-2] DEBUG o.a.netty.handler.HttpHandler - 

Request DefaultHttpRequest(decodeResult: success, version: HTTP/1.1)
POST /session/894a5667ed4874eae83f34446ccc6339/element HTTP/1.1
User-Agent: selenium/4.1.1 (java windows)
Content-Length: 156
Content-Type: application/json; charset=utf-8
host: localhost:61800
accept: */*

Response DefaultHttpResponse(decodeResult: success, version: HTTP/1.1)
HTTP/1.1 200 OK
Content-Type: application/json; charset=utf-8
cache-control: no-cache
content-length: 88

17:52:37.822 [AsyncHttpClient-1-2] DEBUG o.a.netty.channel.ChannelManager - Adding key: http://localhost:61800 for channel [id: 0x4555661c, L:/127.0.0.1:57365 - R:localhost/127.0.0.1:61800]
17:52:37.838 [Forwarding isElementDisplayed on session 894a5667ed4874eae83f34446ccc6339 to remote] DEBUG o.a.netty.request.NettyRequestSender - Using pooled Channel '[id: 0x4555661c, L:/127.0.0.1:57365 - R:localhost/127.0.0.1:61800]' for 'POST' to 'http://localhost:61800/session/894a5667ed4874eae83f34446ccc6339/execute/sync'
17:52:37.838 [Forwarding isElementDisplayed on session 894a5667ed4874eae83f34446ccc6339 to remote] DEBUG o.a.netty.request.NettyRequestSender - Using open Channel [id: 0x4555661c, L:/127.0.0.1:57365 - R:localhost/127.0.0.1:61800] for POST '/session/894a5667ed4874eae83f34446ccc6339/execute/sync'
17:52:37.854 [AsyncHttpClient-1-2] DEBUG o.a.netty.handler.HttpHandler - 

Request DefaultHttpRequest(decodeResult: success, version: HTTP/1.1)
POST /session/894a5667ed4874eae83f34446ccc6339/execute/sync HTTP/1.1
User-Agent: selenium/4.1.1 (java windows)
Content-Length: 48780
Content-Type: application/json; charset=utf-8
host: localhost:61800
accept: */*

Response DefaultHttpResponse(decodeResult: success, version: HTTP/1.1)
HTTP/1.1 200 OK
Content-Type: application/json; charset=utf-8
cache-control: no-cache
content-length: 14

17:52:37.854 [AsyncHttpClient-1-2] DEBUG o.a.netty.channel.ChannelManager - Adding key: http://localhost:61800 for channel [id: 0x4555661c, L:/127.0.0.1:57365 - R:localhost/127.0.0.1:61800]
17:52:37.854 [Forwarding findElement on session 894a5667ed4874eae83f34446ccc6339 to remote] DEBUG o.a.netty.request.NettyRequestSender - Using pooled Channel '[id: 0x4555661c, L:/127.0.0.1:57365 - R:localhost/127.0.0.1:61800]' for 'POST' to 'http://localhost:61800/session/894a5667ed4874eae83f34446ccc6339/element'
17:52:37.854 [Forwarding findElement on session 894a5667ed4874eae83f34446ccc6339 to remote] DEBUG o.a.netty.request.NettyRequestSender - Using open Channel [id: 0x4555661c, L:/127.0.0.1:57365 - R:localhost/127.0.0.1:61800] for POST '/session/894a5667ed4874eae83f34446ccc6339/element'
17:52:37.869 [AsyncHttpClient-1-2] DEBUG o.a.netty.handler.HttpHandler - 

Request DefaultHttpRequest(decodeResult: success, version: HTTP/1.1)
POST /session/894a5667ed4874eae83f34446ccc6339/element HTTP/1.1
User-Agent: selenium/4.1.1 (java windows)
Content-Length: 156
Content-Type: application/json; charset=utf-8
host: localhost:61800
accept: */*

Response DefaultHttpResponse(decodeResult: success, version: HTTP/1.1)
HTTP/1.1 200 OK
Content-Type: application/json; charset=utf-8
cache-control: no-cache
content-length: 88

17:52:37.869 [AsyncHttpClient-1-2] DEBUG o.a.netty.channel.ChannelManager - Adding key: http://localhost:61800 for channel [id: 0x4555661c, L:/127.0.0.1:57365 - R:localhost/127.0.0.1:61800]
17:52:37.869 [Forwarding clickElement on session 894a5667ed4874eae83f34446ccc6339 to remote] DEBUG o.a.netty.request.NettyRequestSender - Using pooled Channel '[id: 0x4555661c, L:/127.0.0.1:57365 - R:localhost/127.0.0.1:61800]' for 'POST' to 'http://localhost:61800/session/894a5667ed4874eae83f34446ccc6339/element/1099e277-7011-4b52-9aa8-2e628dd66493/click'
17:52:37.869 [Forwarding clickElement on session 894a5667ed4874eae83f34446ccc6339 to remote] DEBUG o.a.netty.request.NettyRequestSender - Using open Channel [id: 0x4555661c, L:/127.0.0.1:57365 - R:localhost/127.0.0.1:61800] for POST '/session/894a5667ed4874eae83f34446ccc6339/element/1099e277-7011-4b52-9aa8-2e628dd66493/click'
17:52:38.030 [AsyncHttpClient-1-2] DEBUG o.a.netty.handler.HttpHandler - 

Request DefaultHttpRequest(decodeResult: success, version: HTTP/1.1)
POST /session/894a5667ed4874eae83f34446ccc6339/element/1099e277-7011-4b52-9aa8-2e628dd66493/click HTTP/1.1
User-Agent: selenium/4.1.1 (java windows)
Content-Length: 50
Content-Type: application/json; charset=utf-8
host: localhost:61800
accept: */*

Response DefaultHttpResponse(decodeResult: success, version: HTTP/1.1)
HTTP/1.1 200 OK
Content-Type: application/json; charset=utf-8
cache-control: no-cache
content-length: 14

17:52:38.031 [AsyncHttpClient-1-2] DEBUG o.a.netty.channel.ChannelManager - Adding key: http://localhost:61800 for channel [id: 0x4555661c, L:/127.0.0.1:57365 - R:localhost/127.0.0.1:61800]
17:52:38.048 [Forwarding screenshot on session 894a5667ed4874eae83f34446ccc6339 to remote] DEBUG o.a.netty.request.NettyRequestSender - Using pooled Channel '[id: 0x4555661c, L:/127.0.0.1:57365 - R:localhost/127.0.0.1:61800]' for 'GET' to 'http://localhost:61800/session/894a5667ed4874eae83f34446ccc6339/screenshot'
17:52:38.049 [Forwarding screenshot on session 894a5667ed4874eae83f34446ccc6339 to remote] DEBUG o.a.netty.request.NettyRequestSender - Using open Channel [id: 0x4555661c, L:/127.0.0.1:57365 - R:localhost/127.0.0.1:61800] for GET '/session/894a5667ed4874eae83f34446ccc6339/screenshot'
17:52:38.288 [AsyncHttpClient-1-2] DEBUG o.a.netty.handler.HttpHandler - 

Request DefaultFullHttpRequest(decodeResult: success, version: HTTP/1.1, content: EmptyByteBufBE)
GET /session/894a5667ed4874eae83f34446ccc6339/screenshot HTTP/1.1
User-Agent: selenium/4.1.1 (java windows)
Cache-Control: no-cache
Content-Type: application/json; charset=utf-8
host: localhost:61800
accept: */*

Response DefaultHttpResponse(decodeResult: success, version: HTTP/1.1)
HTTP/1.1 200 OK
Content-Type: application/json; charset=utf-8
cache-control: no-cache
content-length: 137416

17:52:38.288 [AsyncHttpClient-1-2] DEBUG o.a.netty.channel.ChannelManager - Adding key: http://localhost:61800 for channel [id: 0x4555661c, L:/127.0.0.1:57365 - R:localhost/127.0.0.1:61800]
17:52:38.303 [main] DEBUG n.s.core.photography.Darkroom - Send negative for processing for target\site\serenity\48b774537863fcc23606fc0d825bf4842379781facf674f0be1a31f5ea5225b2.png
17:52:38.303 [main] DEBUG n.t.core.steps.StepInterceptor - STEP DONE: {0} clicks on #target
17:52:38.303 [Darkroom Processing Line] DEBUG n.s.c.p.DarkroomProcessingLine - Processing screenshot image in /var/screenshots/screenshot-13759427577866578219
17:52:38.303 [Darkroom Processing Line] DEBUG n.s.c.p.DarkroomProcessingLine - Saving screenshot to target\site\serenity\48b774537863fcc23606fc0d825bf4842379781facf674f0be1a31f5ea5225b2.png
17:52:38.303 [main] DEBUG n.s.s.targets.IFrameSwitcher - default content already selected for p
17:52:38.303 [Forwarding findElements on session 894a5667ed4874eae83f34446ccc6339 to remote] DEBUG o.a.netty.request.NettyRequestSender - Using pooled Channel '[id: 0x4555661c, L:/127.0.0.1:57365 - R:localhost/127.0.0.1:61800]' for 'POST' to 'http://localhost:61800/session/894a5667ed4874eae83f34446ccc6339/elements'
17:52:38.303 [Forwarding findElements on session 894a5667ed4874eae83f34446ccc6339 to remote] DEBUG o.a.netty.request.NettyRequestSender - Using open Channel [id: 0x4555661c, L:/127.0.0.1:57365 - R:localhost/127.0.0.1:61800] for POST '/session/894a5667ed4874eae83f34446ccc6339/elements'
17:52:38.319 [AsyncHttpClient-1-2] DEBUG o.a.netty.handler.HttpHandler - 

Request DefaultHttpRequest(decodeResult: success, version: HTTP/1.1)
POST /session/894a5667ed4874eae83f34446ccc6339/elements HTTP/1.1
User-Agent: selenium/4.1.1 (java windows)
Content-Length: 103
Content-Type: application/json; charset=utf-8
host: localhost:61800
accept: */*

Response DefaultHttpResponse(decodeResult: success, version: HTTP/1.1)
HTTP/1.1 200 OK
Content-Type: application/json; charset=utf-8
cache-control: no-cache
content-length: 169

17:52:38.319 [AsyncHttpClient-1-2] DEBUG o.a.netty.channel.ChannelManager - Adding key: http://localhost:61800 for channel [id: 0x4555661c, L:/127.0.0.1:57365 - R:localhost/127.0.0.1:61800]
17:52:38.334 [Forwarding isElementDisplayed on session 894a5667ed4874eae83f34446ccc6339 to remote] DEBUG o.a.netty.request.NettyRequestSender - Using pooled Channel '[id: 0x4555661c, L:/127.0.0.1:57365 - R:localhost/127.0.0.1:61800]' for 'POST' to 'http://localhost:61800/session/894a5667ed4874eae83f34446ccc6339/execute/sync'
17:52:38.334 [Forwarding isElementDisplayed on session 894a5667ed4874eae83f34446ccc6339 to remote] DEBUG o.a.netty.request.NettyRequestSender - Using open Channel [id: 0x4555661c, L:/127.0.0.1:57365 - R:localhost/127.0.0.1:61800] for POST '/session/894a5667ed4874eae83f34446ccc6339/execute/sync'
17:52:38.334 [AsyncHttpClient-1-2] DEBUG o.a.netty.handler.HttpHandler - 

Request DefaultHttpRequest(decodeResult: success, version: HTTP/1.1)
POST /session/894a5667ed4874eae83f34446ccc6339/execute/sync HTTP/1.1
User-Agent: selenium/4.1.1 (java windows)
Content-Length: 48780
Content-Type: application/json; charset=utf-8
host: localhost:61800
accept: */*

Response DefaultHttpResponse(decodeResult: success, version: HTTP/1.1)
HTTP/1.1 200 OK
Content-Type: application/json; charset=utf-8
cache-control: no-cache
content-length: 14

17:52:38.334 [AsyncHttpClient-1-2] DEBUG o.a.netty.channel.ChannelManager - Adding key: http://localhost:61800 for channel [id: 0x4555661c, L:/127.0.0.1:57365 - R:localhost/127.0.0.1:61800]
17:52:38.350 [Forwarding isElementDisplayed on session 894a5667ed4874eae83f34446ccc6339 to remote] DEBUG o.a.netty.request.NettyRequestSender - Using pooled Channel '[id: 0x4555661c, L:/127.0.0.1:57365 - R:localhost/127.0.0.1:61800]' for 'POST' to 'http://localhost:61800/session/894a5667ed4874eae83f34446ccc6339/execute/sync'
17:52:38.350 [Forwarding isElementDisplayed on session 894a5667ed4874eae83f34446ccc6339 to remote] DEBUG o.a.netty.request.NettyRequestSender - Using open Channel [id: 0x4555661c, L:/127.0.0.1:57365 - R:localhost/127.0.0.1:61800] for POST '/session/894a5667ed4874eae83f34446ccc6339/execute/sync'
17:52:38.366 [AsyncHttpClient-1-1] DEBUG o.a.netty.channel.DefaultChannelPool - Entry count for : http://localhost:57366 : 1
17:52:38.366 [AsyncHttpClient-1-2] DEBUG o.a.netty.handler.HttpHandler - 

Request DefaultHttpRequest(decodeResult: success, version: HTTP/1.1)
POST /session/894a5667ed4874eae83f34446ccc6339/execute/sync HTTP/1.1
User-Agent: selenium/4.1.1 (java windows)
Content-Length: 48780
Content-Type: application/json; charset=utf-8
host: localhost:61800
accept: */*

Response DefaultHttpResponse(decodeResult: success, version: HTTP/1.1)
HTTP/1.1 200 OK
Content-Type: application/json; charset=utf-8
cache-control: no-cache
content-length: 14

17:52:38.366 [AsyncHttpClient-1-2] DEBUG o.a.netty.channel.ChannelManager - Adding key: http://localhost:61800 for channel [id: 0x4555661c, L:/127.0.0.1:57365 - R:localhost/127.0.0.1:61800]
17:52:38.366 [Forwarding isElementDisplayed on session 894a5667ed4874eae83f34446ccc6339 to remote] DEBUG o.a.netty.request.NettyRequestSender - Using pooled Channel '[id: 0x4555661c, L:/127.0.0.1:57365 - R:localhost/127.0.0.1:61800]' for 'POST' to 'http://localhost:61800/session/894a5667ed4874eae83f34446ccc6339/execute/sync'
17:52:38.366 [Forwarding isElementDisplayed on session 894a5667ed4874eae83f34446ccc6339 to remote] DEBUG o.a.netty.request.NettyRequestSender - Using open Channel [id: 0x4555661c, L:/127.0.0.1:57365 - R:localhost/127.0.0.1:61800] for POST '/session/894a5667ed4874eae83f34446ccc6339/execute/sync'
17:52:38.382 [AsyncHttpClient-1-2] DEBUG o.a.netty.handler.HttpHandler - 

Request DefaultHttpRequest(decodeResult: success, version: HTTP/1.1)
POST /session/894a5667ed4874eae83f34446ccc6339/execute/sync HTTP/1.1
User-Agent: selenium/4.1.1 (java windows)
Content-Length: 48780
Content-Type: application/json; charset=utf-8
host: localhost:61800
accept: */*

Response DefaultHttpResponse(decodeResult: success, version: HTTP/1.1)
HTTP/1.1 200 OK
Content-Type: application/json; charset=utf-8
cache-control: no-cache
content-length: 14

17:52:38.382 [AsyncHttpClient-1-2] DEBUG o.a.netty.channel.ChannelManager - Adding key: http://localhost:61800 for channel [id: 0x4555661c, L:/127.0.0.1:57365 - R:localhost/127.0.0.1:61800]
17:52:38.382 [Forwarding isElementDisplayed on session 894a5667ed4874eae83f34446ccc6339 to remote] DEBUG o.a.netty.request.NettyRequestSender - Using pooled Channel '[id: 0x4555661c, L:/127.0.0.1:57365 - R:localhost/127.0.0.1:61800]' for 'POST' to 'http://localhost:61800/session/894a5667ed4874eae83f34446ccc6339/execute/sync'
17:52:38.382 [Forwarding isElementDisplayed on session 894a5667ed4874eae83f34446ccc6339 to remote] DEBUG o.a.netty.request.NettyRequestSender - Using open Channel [id: 0x4555661c, L:/127.0.0.1:57365 - R:localhost/127.0.0.1:61800] for POST '/session/894a5667ed4874eae83f34446ccc6339/execute/sync'
17:52:38.398 [AsyncHttpClient-1-2] DEBUG o.a.netty.handler.HttpHandler - 

Request DefaultHttpRequest(decodeResult: success, version: HTTP/1.1)
POST /session/894a5667ed4874eae83f34446ccc6339/execute/sync HTTP/1.1
User-Agent: selenium/4.1.1 (java windows)
Content-Length: 48780
Content-Type: application/json; charset=utf-8
host: localhost:61800
accept: */*

Response DefaultHttpResponse(decodeResult: success, version: HTTP/1.1)
HTTP/1.1 200 OK
Content-Type: application/json; charset=utf-8
cache-control: no-cache
content-length: 14

17:52:38.398 [AsyncHttpClient-1-2] DEBUG o.a.netty.channel.ChannelManager - Adding key: http://localhost:61800 for channel [id: 0x4555661c, L:/127.0.0.1:57365 - R:localhost/127.0.0.1:61800]
17:52:38.398 [Forwarding getElementAttribute on session 894a5667ed4874eae83f34446ccc6339 to remote] DEBUG o.a.netty.request.NettyRequestSender - Using pooled Channel '[id: 0x4555661c, L:/127.0.0.1:57365 - R:localhost/127.0.0.1:61800]' for 'POST' to 'http://localhost:61800/session/894a5667ed4874eae83f34446ccc6339/execute/sync'
17:52:38.398 [Forwarding getElementAttribute on session 894a5667ed4874eae83f34446ccc6339 to remote] DEBUG o.a.netty.request.NettyRequestSender - Using open Channel [id: 0x4555661c, L:/127.0.0.1:57365 - R:localhost/127.0.0.1:61800] for POST '/session/894a5667ed4874eae83f34446ccc6339/execute/sync'
17:52:38.413 [AsyncHttpClient-1-2] DEBUG o.a.netty.handler.HttpHandler - 

Request DefaultHttpRequest(decodeResult: success, version: HTTP/1.1)
POST /session/894a5667ed4874eae83f34446ccc6339/execute/sync HTTP/1.1
User-Agent: selenium/4.1.1 (java windows)
Content-Length: 47340
Content-Type: application/json; charset=utf-8
host: localhost:61800
accept: */*

Response DefaultHttpResponse(decodeResult: success, version: HTTP/1.1)
HTTP/1.1 200 OK
Content-Type: application/json; charset=utf-8
cache-control: no-cache
content-length: 14

17:52:38.413 [AsyncHttpClient-1-2] DEBUG o.a.netty.channel.ChannelManager - Adding key: http://localhost:61800 for channel [id: 0x4555661c, L:/127.0.0.1:57365 - R:localhost/127.0.0.1:61800]
17:52:38.413 [Forwarding getElementText on session 894a5667ed4874eae83f34446ccc6339 to remote] DEBUG o.a.netty.request.NettyRequestSender - Using pooled Channel '[id: 0x4555661c, L:/127.0.0.1:57365 - R:localhost/127.0.0.1:61800]' for 'GET' to 'http://localhost:61800/session/894a5667ed4874eae83f34446ccc6339/element/d6c0138b-23bc-494a-ba0e-e646fa2e91a6/text'
17:52:38.413 [Forwarding getElementText on session 894a5667ed4874eae83f34446ccc6339 to remote] DEBUG o.a.netty.request.NettyRequestSender - Using open Channel [id: 0x4555661c, L:/127.0.0.1:57365 - R:localhost/127.0.0.1:61800] for GET '/session/894a5667ed4874eae83f34446ccc6339/element/d6c0138b-23bc-494a-ba0e-e646fa2e91a6/text'
17:52:38.429 [AsyncHttpClient-1-2] DEBUG o.a.netty.handler.HttpHandler - 

Request DefaultFullHttpRequest(decodeResult: success, version: HTTP/1.1, content: EmptyByteBufBE)
GET /session/894a5667ed4874eae83f34446ccc6339/element/d6c0138b-23bc-494a-ba0e-e646fa2e91a6/text HTTP/1.1
User-Agent: selenium/4.1.1 (java windows)
Cache-Control: no-cache
Content-Type: application/json; charset=utf-8
host: localhost:61800
accept: */*

Response DefaultHttpResponse(decodeResult: success, version: HTTP/1.1)
HTTP/1.1 200 OK
Content-Type: application/json; charset=utf-8
cache-control: no-cache
content-length: 22

17:52:38.429 [AsyncHttpClient-1-2] DEBUG o.a.netty.channel.ChannelManager - Adding key: http://localhost:61800 for channel [id: 0x4555661c, L:/127.0.0.1:57365 - R:localhost/127.0.0.1:61800]
17:52:38.429 [Forwarding getElementText on session 894a5667ed4874eae83f34446ccc6339 to remote] DEBUG o.a.netty.request.NettyRequestSender - Using pooled Channel '[id: 0x4555661c, L:/127.0.0.1:57365 - R:localhost/127.0.0.1:61800]' for 'GET' to 'http://localhost:61800/session/894a5667ed4874eae83f34446ccc6339/element/d6c0138b-23bc-494a-ba0e-e646fa2e91a6/text'
17:52:38.429 [Forwarding getElementText on session 894a5667ed4874eae83f34446ccc6339 to remote] DEBUG o.a.netty.request.NettyRequestSender - Using open Channel [id: 0x4555661c, L:/127.0.0.1:57365 - R:localhost/127.0.0.1:61800] for GET '/session/894a5667ed4874eae83f34446ccc6339/element/d6c0138b-23bc-494a-ba0e-e646fa2e91a6/text'
17:52:38.429 [AsyncHttpClient-1-2] DEBUG o.a.netty.handler.HttpHandler - 

Request DefaultFullHttpRequest(decodeResult: success, version: HTTP/1.1, content: EmptyByteBufBE)
GET /session/894a5667ed4874eae83f34446ccc6339/element/d6c0138b-23bc-494a-ba0e-e646fa2e91a6/text HTTP/1.1
User-Agent: selenium/4.1.1 (java windows)
Cache-Control: no-cache
Content-Type: application/json; charset=utf-8
host: localhost:61800
accept: */*

Response DefaultHttpResponse(decodeResult: success, version: HTTP/1.1)
HTTP/1.1 200 OK
Content-Type: application/json; charset=utf-8
cache-control: no-cache
content-length: 22

17:52:38.429 [AsyncHttpClient-1-2] DEBUG o.a.netty.channel.ChannelManager - Adding key: http://localhost:61800 for channel [id: 0x4555661c, L:/127.0.0.1:57365 - R:localhost/127.0.0.1:61800]
17:52:38.444 [Forwarding isElementDisplayed on session 894a5667ed4874eae83f34446ccc6339 to remote] DEBUG o.a.netty.request.NettyRequestSender - Using pooled Channel '[id: 0x4555661c, L:/127.0.0.1:57365 - R:localhost/127.0.0.1:61800]' for 'POST' to 'http://localhost:61800/session/894a5667ed4874eae83f34446ccc6339/execute/sync'
17:52:38.444 [Forwarding isElementDisplayed on session 894a5667ed4874eae83f34446ccc6339 to remote] DEBUG o.a.netty.request.NettyRequestSender - Using open Channel [id: 0x4555661c, L:/127.0.0.1:57365 - R:localhost/127.0.0.1:61800] for POST '/session/894a5667ed4874eae83f34446ccc6339/execute/sync'
17:52:38.460 [AsyncHttpClient-1-2] DEBUG o.a.netty.handler.HttpHandler - 

Request DefaultHttpRequest(decodeResult: success, version: HTTP/1.1)
POST /session/894a5667ed4874eae83f34446ccc6339/execute/sync HTTP/1.1
User-Agent: selenium/4.1.1 (java windows)
Content-Length: 48780
Content-Type: application/json; charset=utf-8
host: localhost:61800
accept: */*

Response DefaultHttpResponse(decodeResult: success, version: HTTP/1.1)
HTTP/1.1 200 OK
Content-Type: application/json; charset=utf-8
cache-control: no-cache
content-length: 14

17:52:38.460 [AsyncHttpClient-1-2] DEBUG o.a.netty.channel.ChannelManager - Adding key: http://localhost:61800 for channel [id: 0x4555661c, L:/127.0.0.1:57365 - R:localhost/127.0.0.1:61800]
17:52:38.460 [Forwarding isElementDisplayed on session 894a5667ed4874eae83f34446ccc6339 to remote] DEBUG o.a.netty.request.NettyRequestSender - Using pooled Channel '[id: 0x4555661c, L:/127.0.0.1:57365 - R:localhost/127.0.0.1:61800]' for 'POST' to 'http://localhost:61800/session/894a5667ed4874eae83f34446ccc6339/execute/sync'
17:52:38.460 [Forwarding isElementDisplayed on session 894a5667ed4874eae83f34446ccc6339 to remote] DEBUG o.a.netty.request.NettyRequestSender - Using open Channel [id: 0x4555661c, L:/127.0.0.1:57365 - R:localhost/127.0.0.1:61800] for POST '/session/894a5667ed4874eae83f34446ccc6339/execute/sync'
17:52:38.476 [AsyncHttpClient-1-2] DEBUG o.a.netty.handler.HttpHandler - 

Request DefaultHttpRequest(decodeResult: success, version: HTTP/1.1)
POST /session/894a5667ed4874eae83f34446ccc6339/execute/sync HTTP/1.1
User-Agent: selenium/4.1.1 (java windows)
Content-Length: 48780
Content-Type: application/json; charset=utf-8
host: localhost:61800
accept: */*

Response DefaultHttpResponse(decodeResult: success, version: HTTP/1.1)
HTTP/1.1 200 OK
Content-Type: application/json; charset=utf-8
cache-control: no-cache
content-length: 14

17:52:38.476 [AsyncHttpClient-1-2] DEBUG o.a.netty.channel.ChannelManager - Adding key: http://localhost:61800 for channel [id: 0x4555661c, L:/127.0.0.1:57365 - R:localhost/127.0.0.1:61800]
17:52:38.476 [Forwarding isElementDisplayed on session 894a5667ed4874eae83f34446ccc6339 to remote] DEBUG o.a.netty.request.NettyRequestSender - Using pooled Channel '[id: 0x4555661c, L:/127.0.0.1:57365 - R:localhost/127.0.0.1:61800]' for 'POST' to 'http://localhost:61800/session/894a5667ed4874eae83f34446ccc6339/execute/sync'
17:52:38.476 [Forwarding isElementDisplayed on session 894a5667ed4874eae83f34446ccc6339 to remote] DEBUG o.a.netty.request.NettyRequestSender - Using open Channel [id: 0x4555661c, L:/127.0.0.1:57365 - R:localhost/127.0.0.1:61800] for POST '/session/894a5667ed4874eae83f34446ccc6339/execute/sync'
17:52:38.491 [AsyncHttpClient-1-2] DEBUG o.a.netty.handler.HttpHandler - 

Request DefaultHttpRequest(decodeResult: success, version: HTTP/1.1)
POST /session/894a5667ed4874eae83f34446ccc6339/execute/sync HTTP/1.1
User-Agent: selenium/4.1.1 (java windows)
Content-Length: 48780
Content-Type: application/json; charset=utf-8
host: localhost:61800
accept: */*

Response DefaultHttpResponse(decodeResult: success, version: HTTP/1.1)
HTTP/1.1 200 OK
Content-Type: application/json; charset=utf-8
cache-control: no-cache
content-length: 14

17:52:38.491 [AsyncHttpClient-1-2] DEBUG o.a.netty.channel.ChannelManager - Adding key: http://localhost:61800 for channel [id: 0x4555661c, L:/127.0.0.1:57365 - R:localhost/127.0.0.1:61800]
17:52:38.491 [Forwarding isElementDisplayed on session 894a5667ed4874eae83f34446ccc6339 to remote] DEBUG o.a.netty.request.NettyRequestSender - Using pooled Channel '[id: 0x4555661c, L:/127.0.0.1:57365 - R:localhost/127.0.0.1:61800]' for 'POST' to 'http://localhost:61800/session/894a5667ed4874eae83f34446ccc6339/execute/sync'
17:52:38.491 [Forwarding isElementDisplayed on session 894a5667ed4874eae83f34446ccc6339 to remote] DEBUG o.a.netty.request.NettyRequestSender - Using open Channel [id: 0x4555661c, L:/127.0.0.1:57365 - R:localhost/127.0.0.1:61800] for POST '/session/894a5667ed4874eae83f34446ccc6339/execute/sync'
17:52:38.507 [AsyncHttpClient-1-2] DEBUG o.a.netty.handler.HttpHandler - 

Request DefaultHttpRequest(decodeResult: success, version: HTTP/1.1)
POST /session/894a5667ed4874eae83f34446ccc6339/execute/sync HTTP/1.1
User-Agent: selenium/4.1.1 (java windows)
Content-Length: 48780
Content-Type: application/json; charset=utf-8
host: localhost:61800
accept: */*

Response DefaultHttpResponse(decodeResult: success, version: HTTP/1.1)
HTTP/1.1 200 OK
Content-Type: application/json; charset=utf-8
cache-control: no-cache
content-length: 14

17:52:38.507 [AsyncHttpClient-1-2] DEBUG o.a.netty.channel.ChannelManager - Adding key: http://localhost:61800 for channel [id: 0x4555661c, L:/127.0.0.1:57365 - R:localhost/127.0.0.1:61800]
17:52:38.507 [Forwarding getElementAttribute on session 894a5667ed4874eae83f34446ccc6339 to remote] DEBUG o.a.netty.request.NettyRequestSender - Using pooled Channel '[id: 0x4555661c, L:/127.0.0.1:57365 - R:localhost/127.0.0.1:61800]' for 'POST' to 'http://localhost:61800/session/894a5667ed4874eae83f34446ccc6339/execute/sync'
17:52:38.507 [Forwarding getElementAttribute on session 894a5667ed4874eae83f34446ccc6339 to remote] DEBUG o.a.netty.request.NettyRequestSender - Using open Channel [id: 0x4555661c, L:/127.0.0.1:57365 - R:localhost/127.0.0.1:61800] for POST '/session/894a5667ed4874eae83f34446ccc6339/execute/sync'
17:52:38.523 [AsyncHttpClient-1-2] DEBUG o.a.netty.handler.HttpHandler - 

Request DefaultHttpRequest(decodeResult: success, version: HTTP/1.1)
POST /session/894a5667ed4874eae83f34446ccc6339/execute/sync HTTP/1.1
User-Agent: selenium/4.1.1 (java windows)
Content-Length: 47340
Content-Type: application/json; charset=utf-8
host: localhost:61800
accept: */*

Response DefaultHttpResponse(decodeResult: success, version: HTTP/1.1)
HTTP/1.1 200 OK
Content-Type: application/json; charset=utf-8
cache-control: no-cache
content-length: 14

17:52:38.523 [AsyncHttpClient-1-2] DEBUG o.a.netty.channel.ChannelManager - Adding key: http://localhost:61800 for channel [id: 0x4555661c, L:/127.0.0.1:57365 - R:localhost/127.0.0.1:61800]
17:52:38.523 [Forwarding getElementText on session 894a5667ed4874eae83f34446ccc6339 to remote] DEBUG o.a.netty.request.NettyRequestSender - Using pooled Channel '[id: 0x4555661c, L:/127.0.0.1:57365 - R:localhost/127.0.0.1:61800]' for 'GET' to 'http://localhost:61800/session/894a5667ed4874eae83f34446ccc6339/element/50a53eeb-fe8d-4a9f-8492-0cac859508b6/text'
17:52:38.523 [Forwarding getElementText on session 894a5667ed4874eae83f34446ccc6339 to remote] DEBUG o.a.netty.request.NettyRequestSender - Using open Channel [id: 0x4555661c, L:/127.0.0.1:57365 - R:localhost/127.0.0.1:61800] for GET '/session/894a5667ed4874eae83f34446ccc6339/element/50a53eeb-fe8d-4a9f-8492-0cac859508b6/text'
17:52:38.538 [AsyncHttpClient-1-2] DEBUG o.a.netty.handler.HttpHandler - 

Request DefaultFullHttpRequest(decodeResult: success, version: HTTP/1.1, content: EmptyByteBufBE)
GET /session/894a5667ed4874eae83f34446ccc6339/element/50a53eeb-fe8d-4a9f-8492-0cac859508b6/text HTTP/1.1
User-Agent: selenium/4.1.1 (java windows)
Cache-Control: no-cache
Content-Type: application/json; charset=utf-8
host: localhost:61800
accept: */*

Response DefaultHttpResponse(decodeResult: success, version: HTTP/1.1)
HTTP/1.1 200 OK
Content-Type: application/json; charset=utf-8
cache-control: no-cache
content-length: 22

17:52:38.538 [AsyncHttpClient-1-2] DEBUG o.a.netty.channel.ChannelManager - Adding key: http://localhost:61800 for channel [id: 0x4555661c, L:/127.0.0.1:57365 - R:localhost/127.0.0.1:61800]
17:52:38.538 [Forwarding getElementText on session 894a5667ed4874eae83f34446ccc6339 to remote] DEBUG o.a.netty.request.NettyRequestSender - Using pooled Channel '[id: 0x4555661c, L:/127.0.0.1:57365 - R:localhost/127.0.0.1:61800]' for 'GET' to 'http://localhost:61800/session/894a5667ed4874eae83f34446ccc6339/element/50a53eeb-fe8d-4a9f-8492-0cac859508b6/text'
17:52:38.538 [Forwarding getElementText on session 894a5667ed4874eae83f34446ccc6339 to remote] DEBUG o.a.netty.request.NettyRequestSender - Using open Channel [id: 0x4555661c, L:/127.0.0.1:57365 - R:localhost/127.0.0.1:61800] for GET '/session/894a5667ed4874eae83f34446ccc6339/element/50a53eeb-fe8d-4a9f-8492-0cac859508b6/text'
17:52:38.538 [AsyncHttpClient-1-2] DEBUG o.a.netty.handler.HttpHandler - 

Request DefaultFullHttpRequest(decodeResult: success, version: HTTP/1.1, content: EmptyByteBufBE)
GET /session/894a5667ed4874eae83f34446ccc6339/element/50a53eeb-fe8d-4a9f-8492-0cac859508b6/text HTTP/1.1
User-Agent: selenium/4.1.1 (java windows)
Cache-Control: no-cache
Content-Type: application/json; charset=utf-8
host: localhost:61800
accept: */*

Response DefaultHttpResponse(decodeResult: success, version: HTTP/1.1)
HTTP/1.1 200 OK
Content-Type: application/json; charset=utf-8
cache-control: no-cache
content-length: 22

17:52:38.554 [AsyncHttpClient-1-2] DEBUG o.a.netty.channel.ChannelManager - Adding key: http://localhost:61800 for channel [id: 0x4555661c, L:/127.0.0.1:57365 - R:localhost/127.0.0.1:61800]
17:52:38.556 [Forwarding screenshot on session 894a5667ed4874eae83f34446ccc6339 to remote] DEBUG o.a.netty.request.NettyRequestSender - Using pooled Channel '[id: 0x4555661c, L:/127.0.0.1:57365 - R:localhost/127.0.0.1:61800]' for 'GET' to 'http://localhost:61800/session/894a5667ed4874eae83f34446ccc6339/screenshot'
17:52:38.556 [Forwarding screenshot on session 894a5667ed4874eae83f34446ccc6339 to remote] DEBUG o.a.netty.request.NettyRequestSender - Using open Channel [id: 0x4555661c, L:/127.0.0.1:57365 - R:localhost/127.0.0.1:61800] for GET '/session/894a5667ed4874eae83f34446ccc6339/screenshot'
17:52:38.718 [AsyncHttpClient-1-2] DEBUG o.a.netty.handler.HttpHandler - 

Request DefaultFullHttpRequest(decodeResult: success, version: HTTP/1.1, content: EmptyByteBufBE)
GET /session/894a5667ed4874eae83f34446ccc6339/screenshot HTTP/1.1
User-Agent: selenium/4.1.1 (java windows)
Cache-Control: no-cache
Content-Type: application/json; charset=utf-8
host: localhost:61800
accept: */*

Response DefaultHttpResponse(decodeResult: success, version: HTTP/1.1)
HTTP/1.1 200 OK
Content-Type: application/json; charset=utf-8
cache-control: no-cache
content-length: 137720

17:52:38.718 [AsyncHttpClient-1-2] DEBUG o.a.netty.channel.ChannelManager - Adding key: http://localhost:61800 for channel [id: 0x4555661c, L:/127.0.0.1:57365 - R:localhost/127.0.0.1:61800]
17:52:38.734 [main] DEBUG n.s.core.photography.Darkroom - Send negative for processing for target\site\serenity\41b54c714df99a21ffdfd5554313dedbe03475c5246f8304b374ce90acf0c432.png
17:52:38.734 [Darkroom Processing Line] DEBUG n.s.c.p.DarkroomProcessingLine - Processing screenshot image in /var/screenshots/screenshot-14798869104125636586
17:52:38.734 [Darkroom Processing Line] DEBUG n.s.c.p.DarkroomProcessingLine - Saving screenshot to target\site\serenity\41b54c714df99a21ffdfd5554313dedbe03475c5246f8304b374ce90acf0c432.png
17:52:38.734 [main] DEBUG n.t.core.steps.StepInterceptor - STARTING STEP: Moisturizers_Selection.Moisturizer_select - {0} clicks on #target
17:52:38.734 [main] DEBUG n.s.s.targets.IFrameSwitcher - default content already selected for p
17:52:38.734 [Forwarding findElement on session 894a5667ed4874eae83f34446ccc6339 to remote] DEBUG o.a.netty.request.NettyRequestSender - Using pooled Channel '[id: 0x4555661c, L:/127.0.0.1:57365 - R:localhost/127.0.0.1:61800]' for 'POST' to 'http://localhost:61800/session/894a5667ed4874eae83f34446ccc6339/element'
17:52:38.734 [Forwarding findElement on session 894a5667ed4874eae83f34446ccc6339 to remote] DEBUG o.a.netty.request.NettyRequestSender - Using open Channel [id: 0x4555661c, L:/127.0.0.1:57365 - R:localhost/127.0.0.1:61800] for POST '/session/894a5667ed4874eae83f34446ccc6339/element'
17:52:38.750 [AsyncHttpClient-1-2] DEBUG o.a.netty.handler.HttpHandler - 

Request DefaultHttpRequest(decodeResult: success, version: HTTP/1.1)
POST /session/894a5667ed4874eae83f34446ccc6339/element HTTP/1.1
User-Agent: selenium/4.1.1 (java windows)
Content-Length: 158
Content-Type: application/json; charset=utf-8
host: localhost:61800
accept: */*

Response DefaultHttpResponse(decodeResult: success, version: HTTP/1.1)
HTTP/1.1 200 OK
Content-Type: application/json; charset=utf-8
cache-control: no-cache
content-length: 88

17:52:38.750 [AsyncHttpClient-1-2] DEBUG o.a.netty.channel.ChannelManager - Adding key: http://localhost:61800 for channel [id: 0x4555661c, L:/127.0.0.1:57365 - R:localhost/127.0.0.1:61800]
17:52:38.750 [Forwarding isElementDisplayed on session 894a5667ed4874eae83f34446ccc6339 to remote] DEBUG o.a.netty.request.NettyRequestSender - Using pooled Channel '[id: 0x4555661c, L:/127.0.0.1:57365 - R:localhost/127.0.0.1:61800]' for 'POST' to 'http://localhost:61800/session/894a5667ed4874eae83f34446ccc6339/execute/sync'
17:52:38.750 [Forwarding isElementDisplayed on session 894a5667ed4874eae83f34446ccc6339 to remote] DEBUG o.a.netty.request.NettyRequestSender - Using open Channel [id: 0x4555661c, L:/127.0.0.1:57365 - R:localhost/127.0.0.1:61800] for POST '/session/894a5667ed4874eae83f34446ccc6339/execute/sync'
17:52:38.765 [AsyncHttpClient-1-2] DEBUG o.a.netty.handler.HttpHandler - 

Request DefaultHttpRequest(decodeResult: success, version: HTTP/1.1)
POST /session/894a5667ed4874eae83f34446ccc6339/execute/sync HTTP/1.1
User-Agent: selenium/4.1.1 (java windows)
Content-Length: 48780
Content-Type: application/json; charset=utf-8
host: localhost:61800
accept: */*

Response DefaultHttpResponse(decodeResult: success, version: HTTP/1.1)
HTTP/1.1 200 OK
Content-Type: application/json; charset=utf-8
cache-control: no-cache
content-length: 14

17:52:38.765 [AsyncHttpClient-1-2] DEBUG o.a.netty.channel.ChannelManager - Adding key: http://localhost:61800 for channel [id: 0x4555661c, L:/127.0.0.1:57365 - R:localhost/127.0.0.1:61800]
17:52:38.765 [Forwarding findElement on session 894a5667ed4874eae83f34446ccc6339 to remote] DEBUG o.a.netty.request.NettyRequestSender - Using pooled Channel '[id: 0x4555661c, L:/127.0.0.1:57365 - R:localhost/127.0.0.1:61800]' for 'POST' to 'http://localhost:61800/session/894a5667ed4874eae83f34446ccc6339/element'
17:52:38.765 [Forwarding findElement on session 894a5667ed4874eae83f34446ccc6339 to remote] DEBUG o.a.netty.request.NettyRequestSender - Using open Channel [id: 0x4555661c, L:/127.0.0.1:57365 - R:localhost/127.0.0.1:61800] for POST '/session/894a5667ed4874eae83f34446ccc6339/element'
17:52:38.781 [AsyncHttpClient-1-2] DEBUG o.a.netty.handler.HttpHandler - 

Request DefaultHttpRequest(decodeResult: success, version: HTTP/1.1)
POST /session/894a5667ed4874eae83f34446ccc6339/element HTTP/1.1
User-Agent: selenium/4.1.1 (java windows)
Content-Length: 158
Content-Type: application/json; charset=utf-8
host: localhost:61800
accept: */*

Response DefaultHttpResponse(decodeResult: success, version: HTTP/1.1)
HTTP/1.1 200 OK
Content-Type: application/json; charset=utf-8
cache-control: no-cache
content-length: 88

17:52:38.781 [AsyncHttpClient-1-2] DEBUG o.a.netty.channel.ChannelManager - Adding key: http://localhost:61800 for channel [id: 0x4555661c, L:/127.0.0.1:57365 - R:localhost/127.0.0.1:61800]
17:52:38.781 [Forwarding clickElement on session 894a5667ed4874eae83f34446ccc6339 to remote] DEBUG o.a.netty.request.NettyRequestSender - Using pooled Channel '[id: 0x4555661c, L:/127.0.0.1:57365 - R:localhost/127.0.0.1:61800]' for 'POST' to 'http://localhost:61800/session/894a5667ed4874eae83f34446ccc6339/element/9fe26690-41c8-4425-a8f5-485950f937f7/click'
17:52:38.781 [Forwarding clickElement on session 894a5667ed4874eae83f34446ccc6339 to remote] DEBUG o.a.netty.request.NettyRequestSender - Using open Channel [id: 0x4555661c, L:/127.0.0.1:57365 - R:localhost/127.0.0.1:61800] for POST '/session/894a5667ed4874eae83f34446ccc6339/element/9fe26690-41c8-4425-a8f5-485950f937f7/click'
17:52:38.834 [AsyncHttpClient-1-2] DEBUG o.a.netty.handler.HttpHandler - 

Request DefaultHttpRequest(decodeResult: success, version: HTTP/1.1)
POST /session/894a5667ed4874eae83f34446ccc6339/element/9fe26690-41c8-4425-a8f5-485950f937f7/click HTTP/1.1
User-Agent: selenium/4.1.1 (java windows)
Content-Length: 50
Content-Type: application/json; charset=utf-8
host: localhost:61800
accept: */*

Response DefaultHttpResponse(decodeResult: success, version: HTTP/1.1)
HTTP/1.1 200 OK
Content-Type: application/json; charset=utf-8
cache-control: no-cache
content-length: 14

17:52:38.834 [AsyncHttpClient-1-2] DEBUG o.a.netty.channel.ChannelManager - Adding key: http://localhost:61800 for channel [id: 0x4555661c, L:/127.0.0.1:57365 - R:localhost/127.0.0.1:61800]
17:52:38.847 [Forwarding screenshot on session 894a5667ed4874eae83f34446ccc6339 to remote] DEBUG o.a.netty.request.NettyRequestSender - Using pooled Channel '[id: 0x4555661c, L:/127.0.0.1:57365 - R:localhost/127.0.0.1:61800]' for 'GET' to 'http://localhost:61800/session/894a5667ed4874eae83f34446ccc6339/screenshot'
17:52:38.847 [Forwarding screenshot on session 894a5667ed4874eae83f34446ccc6339 to remote] DEBUG o.a.netty.request.NettyRequestSender - Using open Channel [id: 0x4555661c, L:/127.0.0.1:57365 - R:localhost/127.0.0.1:61800] for GET '/session/894a5667ed4874eae83f34446ccc6339/screenshot'
17:52:39.058 [AsyncHttpClient-1-2] DEBUG o.a.netty.handler.HttpHandler - 

Request DefaultFullHttpRequest(decodeResult: success, version: HTTP/1.1, content: EmptyByteBufBE)
GET /session/894a5667ed4874eae83f34446ccc6339/screenshot HTTP/1.1
User-Agent: selenium/4.1.1 (java windows)
Cache-Control: no-cache
Content-Type: application/json; charset=utf-8
host: localhost:61800
accept: */*

Response DefaultHttpResponse(decodeResult: success, version: HTTP/1.1)
HTTP/1.1 200 OK
Content-Type: application/json; charset=utf-8
cache-control: no-cache
content-length: 158948

17:52:39.058 [AsyncHttpClient-1-2] DEBUG o.a.netty.channel.ChannelManager - Adding key: http://localhost:61800 for channel [id: 0x4555661c, L:/127.0.0.1:57365 - R:localhost/127.0.0.1:61800]
17:52:39.074 [main] DEBUG n.s.core.photography.Darkroom - Send negative for processing for target\site\serenity\bcd83065445c8cc834572df266578d0060f283f7ac5029e37dd702fd5647bdf1.png
17:52:39.074 [main] DEBUG n.t.core.steps.StepInterceptor - STEP DONE: {0} clicks on #target
17:52:39.074 [Darkroom Processing Line] DEBUG n.s.c.p.DarkroomProcessingLine - Processing screenshot image in /var/screenshots/screenshot-12075726588597639281
17:52:39.074 [Darkroom Processing Line] DEBUG n.s.c.p.DarkroomProcessingLine - Saving screenshot to target\site\serenity\bcd83065445c8cc834572df266578d0060f283f7ac5029e37dd702fd5647bdf1.png
17:52:39.089 [main] DEBUG n.t.core.steps.StepInterceptor - STARTING STEP: shopping.userSelectsItems - !#title
17:52:39.089 [main] DEBUG n.t.core.steps.StepInterceptor - STEP DONE: !#title
17:52:39.120 [main] DEBUG n.t.core.steps.StepInterceptor - STARTING STEP: shopping.clickCarts - !#title
17:52:39.136 [Forwarding screenshot on session 894a5667ed4874eae83f34446ccc6339 to remote] DEBUG o.a.netty.request.NettyRequestSender - Using pooled Channel '[id: 0x4555661c, L:/127.0.0.1:57365 - R:localhost/127.0.0.1:61800]' for 'GET' to 'http://localhost:61800/session/894a5667ed4874eae83f34446ccc6339/screenshot'
17:52:39.136 [Forwarding screenshot on session 894a5667ed4874eae83f34446ccc6339 to remote] DEBUG o.a.netty.request.NettyRequestSender - Using open Channel [id: 0x4555661c, L:/127.0.0.1:57365 - R:localhost/127.0.0.1:61800] for GET '/session/894a5667ed4874eae83f34446ccc6339/screenshot'
17:52:39.333 [AsyncHttpClient-1-2] DEBUG o.a.netty.handler.HttpHandler - 

Request DefaultFullHttpRequest(decodeResult: success, version: HTTP/1.1, content: EmptyByteBufBE)
GET /session/894a5667ed4874eae83f34446ccc6339/screenshot HTTP/1.1
User-Agent: selenium/4.1.1 (java windows)
Cache-Control: no-cache
Content-Type: application/json; charset=utf-8
host: localhost:61800
accept: */*

Response DefaultHttpResponse(decodeResult: success, version: HTTP/1.1)
HTTP/1.1 200 OK
Content-Type: application/json; charset=utf-8
cache-control: no-cache
content-length: 157344

17:52:39.333 [AsyncHttpClient-1-2] DEBUG o.a.netty.channel.ChannelManager - Adding key: http://localhost:61800 for channel [id: 0x4555661c, L:/127.0.0.1:57365 - R:localhost/127.0.0.1:61800]
17:52:39.333 [main] DEBUG n.s.core.photography.Darkroom - Send negative for processing for target\site\serenity\efb77db69417470bd76356a144e3c3024da8af25ac0ce281d4278f1e6dea4832.png
17:52:39.349 [Darkroom Processing Line] DEBUG n.s.c.p.DarkroomProcessingLine - Processing screenshot image in /var/screenshots/screenshot-13909507578181309522
17:52:39.349 [Darkroom Processing Line] DEBUG n.s.c.p.DarkroomProcessingLine - Saving screenshot to target\site\serenity\efb77db69417470bd76356a144e3c3024da8af25ac0ce281d4278f1e6dea4832.png
17:52:39.349 [main] DEBUG n.t.core.steps.StepInterceptor - STARTING STEP: shopping.clickCarts - {0} clicks on #target
17:52:39.349 [main] DEBUG n.s.s.targets.IFrameSwitcher - default content already selected for button
17:52:39.349 [Forwarding findElement on session 894a5667ed4874eae83f34446ccc6339 to remote] DEBUG o.a.netty.request.NettyRequestSender - Using pooled Channel '[id: 0x4555661c, L:/127.0.0.1:57365 - R:localhost/127.0.0.1:61800]' for 'POST' to 'http://localhost:61800/session/894a5667ed4874eae83f34446ccc6339/element'
17:52:39.349 [Forwarding findElement on session 894a5667ed4874eae83f34446ccc6339 to remote] DEBUG o.a.netty.request.NettyRequestSender - Using open Channel [id: 0x4555661c, L:/127.0.0.1:57365 - R:localhost/127.0.0.1:61800] for POST '/session/894a5667ed4874eae83f34446ccc6339/element'
17:52:39.365 [AsyncHttpClient-1-2] DEBUG o.a.netty.handler.HttpHandler - 

Request DefaultHttpRequest(decodeResult: success, version: HTTP/1.1)
POST /session/894a5667ed4874eae83f34446ccc6339/element HTTP/1.1
User-Agent: selenium/4.1.1 (java windows)
Content-Length: 78
Content-Type: application/json; charset=utf-8
host: localhost:61800
accept: */*

Response DefaultHttpResponse(decodeResult: success, version: HTTP/1.1)
HTTP/1.1 200 OK
Content-Type: application/json; charset=utf-8
cache-control: no-cache
content-length: 88

17:52:39.365 [AsyncHttpClient-1-2] DEBUG o.a.netty.channel.ChannelManager - Adding key: http://localhost:61800 for channel [id: 0x4555661c, L:/127.0.0.1:57365 - R:localhost/127.0.0.1:61800]
17:52:39.365 [Forwarding isElementDisplayed on session 894a5667ed4874eae83f34446ccc6339 to remote] DEBUG o.a.netty.request.NettyRequestSender - Using pooled Channel '[id: 0x4555661c, L:/127.0.0.1:57365 - R:localhost/127.0.0.1:61800]' for 'POST' to 'http://localhost:61800/session/894a5667ed4874eae83f34446ccc6339/execute/sync'
17:52:39.365 [Forwarding isElementDisplayed on session 894a5667ed4874eae83f34446ccc6339 to remote] DEBUG o.a.netty.request.NettyRequestSender - Using open Channel [id: 0x4555661c, L:/127.0.0.1:57365 - R:localhost/127.0.0.1:61800] for POST '/session/894a5667ed4874eae83f34446ccc6339/execute/sync'
17:52:39.381 [AsyncHttpClient-1-2] DEBUG o.a.netty.handler.HttpHandler - 

Request DefaultHttpRequest(decodeResult: success, version: HTTP/1.1)
POST /session/894a5667ed4874eae83f34446ccc6339/execute/sync HTTP/1.1
User-Agent: selenium/4.1.1 (java windows)
Content-Length: 48780
Content-Type: application/json; charset=utf-8
host: localhost:61800
accept: */*

Response DefaultHttpResponse(decodeResult: success, version: HTTP/1.1)
HTTP/1.1 200 OK
Content-Type: application/json; charset=utf-8
cache-control: no-cache
content-length: 14

17:52:39.381 [AsyncHttpClient-1-2] DEBUG o.a.netty.channel.ChannelManager - Adding key: http://localhost:61800 for channel [id: 0x4555661c, L:/127.0.0.1:57365 - R:localhost/127.0.0.1:61800]
17:52:39.381 [Forwarding findElement on session 894a5667ed4874eae83f34446ccc6339 to remote] DEBUG o.a.netty.request.NettyRequestSender - Using pooled Channel '[id: 0x4555661c, L:/127.0.0.1:57365 - R:localhost/127.0.0.1:61800]' for 'POST' to 'http://localhost:61800/session/894a5667ed4874eae83f34446ccc6339/element'
17:52:39.381 [Forwarding findElement on session 894a5667ed4874eae83f34446ccc6339 to remote] DEBUG o.a.netty.request.NettyRequestSender - Using open Channel [id: 0x4555661c, L:/127.0.0.1:57365 - R:localhost/127.0.0.1:61800] for POST '/session/894a5667ed4874eae83f34446ccc6339/element'
17:52:39.381 [AsyncHttpClient-1-2] DEBUG o.a.netty.handler.HttpHandler - 

Request DefaultHttpRequest(decodeResult: success, version: HTTP/1.1)
POST /session/894a5667ed4874eae83f34446ccc6339/element HTTP/1.1
User-Agent: selenium/4.1.1 (java windows)
Content-Length: 78
Content-Type: application/json; charset=utf-8
host: localhost:61800
accept: */*

Response DefaultHttpResponse(decodeResult: success, version: HTTP/1.1)
HTTP/1.1 200 OK
Content-Type: application/json; charset=utf-8
cache-control: no-cache
content-length: 88

17:52:39.381 [AsyncHttpClient-1-2] DEBUG o.a.netty.channel.ChannelManager - Adding key: http://localhost:61800 for channel [id: 0x4555661c, L:/127.0.0.1:57365 - R:localhost/127.0.0.1:61800]
17:52:39.396 [Forwarding clickElement on session 894a5667ed4874eae83f34446ccc6339 to remote] DEBUG o.a.netty.request.NettyRequestSender - Using pooled Channel '[id: 0x4555661c, L:/127.0.0.1:57365 - R:localhost/127.0.0.1:61800]' for 'POST' to 'http://localhost:61800/session/894a5667ed4874eae83f34446ccc6339/element/60f18703-0af4-46f1-bb2c-3e12b81eb665/click'
17:52:39.396 [Forwarding clickElement on session 894a5667ed4874eae83f34446ccc6339 to remote] DEBUG o.a.netty.request.NettyRequestSender - Using open Channel [id: 0x4555661c, L:/127.0.0.1:57365 - R:localhost/127.0.0.1:61800] for POST '/session/894a5667ed4874eae83f34446ccc6339/element/60f18703-0af4-46f1-bb2c-3e12b81eb665/click'
17:52:39.459 [AsyncHttpClient-1-1] DEBUG o.a.netty.channel.DefaultChannelPool - Entry count for : http://localhost:57366 : 1
17:52:40.557 [AsyncHttpClient-1-1] DEBUG o.a.netty.channel.DefaultChannelPool - Entry count for : http://localhost:57366 : 1
17:52:41.656 [AsyncHttpClient-1-1] DEBUG o.a.netty.channel.DefaultChannelPool - Entry count for : http://localhost:57366 : 1
17:52:42.756 [AsyncHttpClient-1-1] DEBUG o.a.netty.channel.DefaultChannelPool - Entry count for : http://localhost:57366 : 1
17:52:43.862 [AsyncHttpClient-1-1] DEBUG o.a.netty.channel.DefaultChannelPool - Entry count for : http://localhost:57366 : 1
17:52:44.956 [AsyncHttpClient-1-1] DEBUG o.a.netty.channel.DefaultChannelPool - Entry count for : http://localhost:57366 : 1
17:52:46.058 [AsyncHttpClient-1-1] DEBUG o.a.netty.channel.DefaultChannelPool - Entry count for : http://localhost:57366 : 1
17:52:46.386 [AsyncHttpClient-1-2] DEBUG o.a.netty.handler.HttpHandler - 

Request DefaultHttpRequest(decodeResult: success, version: HTTP/1.1)
POST /session/894a5667ed4874eae83f34446ccc6339/element/60f18703-0af4-46f1-bb2c-3e12b81eb665/click HTTP/1.1
User-Agent: selenium/4.1.1 (java windows)
Content-Length: 50
Content-Type: application/json; charset=utf-8
host: localhost:61800
accept: */*

Response DefaultHttpResponse(decodeResult: success, version: HTTP/1.1)
HTTP/1.1 200 OK
Content-Type: application/json; charset=utf-8
cache-control: no-cache
content-length: 14

17:52:46.386 [AsyncHttpClient-1-2] DEBUG o.a.netty.channel.ChannelManager - Adding key: http://localhost:61800 for channel [id: 0x4555661c, L:/127.0.0.1:57365 - R:localhost/127.0.0.1:61800]
17:52:46.407 [Forwarding screenshot on session 894a5667ed4874eae83f34446ccc6339 to remote] DEBUG o.a.netty.request.NettyRequestSender - Using pooled Channel '[id: 0x4555661c, L:/127.0.0.1:57365 - R:localhost/127.0.0.1:61800]' for 'GET' to 'http://localhost:61800/session/894a5667ed4874eae83f34446ccc6339/screenshot'
17:52:46.408 [Forwarding screenshot on session 894a5667ed4874eae83f34446ccc6339 to remote] DEBUG o.a.netty.request.NettyRequestSender - Using open Channel [id: 0x4555661c, L:/127.0.0.1:57365 - R:localhost/127.0.0.1:61800] for GET '/session/894a5667ed4874eae83f34446ccc6339/screenshot'
17:52:46.644 [AsyncHttpClient-1-2] DEBUG o.a.netty.handler.HttpHandler - 

Request DefaultFullHttpRequest(decodeResult: success, version: HTTP/1.1, content: EmptyByteBufBE)
GET /session/894a5667ed4874eae83f34446ccc6339/screenshot HTTP/1.1
User-Agent: selenium/4.1.1 (java windows)
Cache-Control: no-cache
Content-Type: application/json; charset=utf-8
host: localhost:61800
accept: */*

Response DefaultHttpResponse(decodeResult: success, version: HTTP/1.1)
HTTP/1.1 200 OK
Content-Type: application/json; charset=utf-8
cache-control: no-cache
content-length: 48524

17:52:46.645 [AsyncHttpClient-1-2] DEBUG o.a.netty.channel.ChannelManager - Adding key: http://localhost:61800 for channel [id: 0x4555661c, L:/127.0.0.1:57365 - R:localhost/127.0.0.1:61800]
17:52:46.648 [main] DEBUG n.s.core.photography.Darkroom - Send negative for processing for target\site\serenity\aed35ceff99b3f7ab2612981baffdc1acf91ffed08aa301fb49f5eb73cc8ee02.png
17:52:46.648 [main] DEBUG n.t.core.steps.StepInterceptor - STEP DONE: {0} clicks on #target
17:52:46.648 [Darkroom Processing Line] DEBUG n.s.c.p.DarkroomProcessingLine - Processing screenshot image in /var/screenshots/screenshot-10533237110129567897
17:52:46.648 [Darkroom Processing Line] DEBUG n.s.c.p.DarkroomProcessingLine - Saving screenshot to target\site\serenity\aed35ceff99b3f7ab2612981baffdc1acf91ffed08aa301fb49f5eb73cc8ee02.png
17:52:46.656 [main] DEBUG n.t.core.steps.StepInterceptor - STEP DONE: !#title
17:52:46.672 [main] DEBUG n.s.s.targets.IFrameSwitcher - default content already selected for h2
17:52:46.675 [Forwarding findElements on session 894a5667ed4874eae83f34446ccc6339 to remote] DEBUG o.a.netty.request.NettyRequestSender - Using pooled Channel '[id: 0x4555661c, L:/127.0.0.1:57365 - R:localhost/127.0.0.1:61800]' for 'POST' to 'http://localhost:61800/session/894a5667ed4874eae83f34446ccc6339/elements'
17:52:46.675 [Forwarding findElements on session 894a5667ed4874eae83f34446ccc6339 to remote] DEBUG o.a.netty.request.NettyRequestSender - Using open Channel [id: 0x4555661c, L:/127.0.0.1:57365 - R:localhost/127.0.0.1:61800] for POST '/session/894a5667ed4874eae83f34446ccc6339/elements'
17:52:46.690 [AsyncHttpClient-1-2] DEBUG o.a.netty.handler.HttpHandler - 

Request DefaultHttpRequest(decodeResult: success, version: HTTP/1.1)
POST /session/894a5667ed4874eae83f34446ccc6339/elements HTTP/1.1
User-Agent: selenium/4.1.1 (java windows)
Content-Length: 69
Content-Type: application/json; charset=utf-8
host: localhost:61800
accept: */*

Response DefaultHttpResponse(decodeResult: success, version: HTTP/1.1)
HTTP/1.1 200 OK
Content-Type: application/json; charset=utf-8
cache-control: no-cache
content-length: 90

17:52:46.690 [AsyncHttpClient-1-2] DEBUG o.a.netty.channel.ChannelManager - Adding key: http://localhost:61800 for channel [id: 0x4555661c, L:/127.0.0.1:57365 - R:localhost/127.0.0.1:61800]
17:52:46.692 [Forwarding getElementText on session 894a5667ed4874eae83f34446ccc6339 to remote] DEBUG o.a.netty.request.NettyRequestSender - Using pooled Channel '[id: 0x4555661c, L:/127.0.0.1:57365 - R:localhost/127.0.0.1:61800]' for 'GET' to 'http://localhost:61800/session/894a5667ed4874eae83f34446ccc6339/element/517d5cdf-f852-4ad5-ba03-c091d0aed70b/text'
17:52:46.693 [Forwarding getElementText on session 894a5667ed4874eae83f34446ccc6339 to remote] DEBUG o.a.netty.request.NettyRequestSender - Using open Channel [id: 0x4555661c, L:/127.0.0.1:57365 - R:localhost/127.0.0.1:61800] for GET '/session/894a5667ed4874eae83f34446ccc6339/element/517d5cdf-f852-4ad5-ba03-c091d0aed70b/text'
17:52:46.710 [AsyncHttpClient-1-2] DEBUG o.a.netty.handler.HttpHandler - 

Request DefaultFullHttpRequest(decodeResult: success, version: HTTP/1.1, content: EmptyByteBufBE)
GET /session/894a5667ed4874eae83f34446ccc6339/element/517d5cdf-f852-4ad5-ba03-c091d0aed70b/text HTTP/1.1
User-Agent: selenium/4.1.1 (java windows)
Cache-Control: no-cache
Content-Type: application/json; charset=utf-8
host: localhost:61800
accept: */*

Response DefaultHttpResponse(decodeResult: success, version: HTTP/1.1)
HTTP/1.1 200 OK
Content-Type: application/json; charset=utf-8
cache-control: no-cache
content-length: 20

17:52:46.710 [AsyncHttpClient-1-2] DEBUG o.a.netty.channel.ChannelManager - Adding key: http://localhost:61800 for channel [id: 0x4555661c, L:/127.0.0.1:57365 - R:localhost/127.0.0.1:61800]
17:52:46.730 [Forwarding screenshot on session 894a5667ed4874eae83f34446ccc6339 to remote] DEBUG o.a.netty.request.NettyRequestSender - Using pooled Channel '[id: 0x4555661c, L:/127.0.0.1:57365 - R:localhost/127.0.0.1:61800]' for 'GET' to 'http://localhost:61800/session/894a5667ed4874eae83f34446ccc6339/screenshot'
17:52:46.730 [Forwarding screenshot on session 894a5667ed4874eae83f34446ccc6339 to remote] DEBUG o.a.netty.request.NettyRequestSender - Using open Channel [id: 0x4555661c, L:/127.0.0.1:57365 - R:localhost/127.0.0.1:61800] for GET '/session/894a5667ed4874eae83f34446ccc6339/screenshot'
17:52:46.880 [AsyncHttpClient-1-2] DEBUG o.a.netty.handler.HttpHandler - 

Request DefaultFullHttpRequest(decodeResult: success, version: HTTP/1.1, content: EmptyByteBufBE)
GET /session/894a5667ed4874eae83f34446ccc6339/screenshot HTTP/1.1
User-Agent: selenium/4.1.1 (java windows)
Cache-Control: no-cache
Content-Type: application/json; charset=utf-8
host: localhost:61800
accept: */*

Response DefaultHttpResponse(decodeResult: success, version: HTTP/1.1)
HTTP/1.1 200 OK
Content-Type: application/json; charset=utf-8
cache-control: no-cache
content-length: 48524

17:52:46.880 [AsyncHttpClient-1-2] DEBUG o.a.netty.channel.ChannelManager - Adding key: http://localhost:61800 for channel [id: 0x4555661c, L:/127.0.0.1:57365 - R:localhost/127.0.0.1:61800]
17:52:46.880 [main] DEBUG n.s.core.photography.Darkroom - Send negative for processing for target\site\serenity\aed35ceff99b3f7ab2612981baffdc1acf91ffed08aa301fb49f5eb73cc8ee02.png
17:52:46.880 [main] DEBUG n.t.core.steps.StepInterceptor - STARTING STEP: shopping.verifyUserIsOnCheckoutPage - !#title
17:52:46.895 [main] DEBUG n.t.core.steps.StepInterceptor - STARTING STEP: shopping.verifyUserIsOnCheckoutPage - {0} should see #description
17:52:46.911 [main] DEBUG n.t.core.steps.StepInterceptor - STEP DONE: {0} should see #description
17:52:46.911 [main] DEBUG n.t.core.steps.StepInterceptor - STEP DONE: !#title
17:52:46.926 [main] DEBUG n.s.s.targets.IFrameSwitcher - default content already selected for p
17:52:46.926 [Forwarding findElements on session 894a5667ed4874eae83f34446ccc6339 to remote] DEBUG o.a.netty.request.NettyRequestSender - Using pooled Channel '[id: 0x4555661c, L:/127.0.0.1:57365 - R:localhost/127.0.0.1:61800]' for 'POST' to 'http://localhost:61800/session/894a5667ed4874eae83f34446ccc6339/elements'
17:52:46.926 [Forwarding findElements on session 894a5667ed4874eae83f34446ccc6339 to remote] DEBUG o.a.netty.request.NettyRequestSender - Using open Channel [id: 0x4555661c, L:/127.0.0.1:57365 - R:localhost/127.0.0.1:61800] for POST '/session/894a5667ed4874eae83f34446ccc6339/elements'
17:52:46.942 [AsyncHttpClient-1-2] DEBUG o.a.netty.handler.HttpHandler - 

Request DefaultHttpRequest(decodeResult: success, version: HTTP/1.1)
POST /session/894a5667ed4874eae83f34446ccc6339/elements HTTP/1.1
User-Agent: selenium/4.1.1 (java windows)
Content-Length: 63
Content-Type: application/json; charset=utf-8
host: localhost:61800
accept: */*

Response DefaultHttpResponse(decodeResult: success, version: HTTP/1.1)
HTTP/1.1 200 OK
Content-Type: application/json; charset=utf-8
cache-control: no-cache
content-length: 90

17:52:46.942 [AsyncHttpClient-1-2] DEBUG o.a.netty.channel.ChannelManager - Adding key: http://localhost:61800 for channel [id: 0x4555661c, L:/127.0.0.1:57365 - R:localhost/127.0.0.1:61800]
17:52:46.942 [Forwarding getElementText on session 894a5667ed4874eae83f34446ccc6339 to remote] DEBUG o.a.netty.request.NettyRequestSender - Using pooled Channel '[id: 0x4555661c, L:/127.0.0.1:57365 - R:localhost/127.0.0.1:61800]' for 'GET' to 'http://localhost:61800/session/894a5667ed4874eae83f34446ccc6339/element/76e17e98-3745-4402-9e46-4f5bd9b7edf2/text'
17:52:46.942 [Forwarding getElementText on session 894a5667ed4874eae83f34446ccc6339 to remote] DEBUG o.a.netty.request.NettyRequestSender - Using open Channel [id: 0x4555661c, L:/127.0.0.1:57365 - R:localhost/127.0.0.1:61800] for GET '/session/894a5667ed4874eae83f34446ccc6339/element/76e17e98-3745-4402-9e46-4f5bd9b7edf2/text'
17:52:46.958 [AsyncHttpClient-1-2] DEBUG o.a.netty.handler.HttpHandler - 

Request DefaultFullHttpRequest(decodeResult: success, version: HTTP/1.1, content: EmptyByteBufBE)
GET /session/894a5667ed4874eae83f34446ccc6339/element/76e17e98-3745-4402-9e46-4f5bd9b7edf2/text HTTP/1.1
User-Agent: selenium/4.1.1 (java windows)
Cache-Control: no-cache
Content-Type: application/json; charset=utf-8
host: localhost:61800
accept: */*

Response DefaultHttpResponse(decodeResult: success, version: HTTP/1.1)
HTTP/1.1 200 OK
Content-Type: application/json; charset=utf-8
cache-control: no-cache
content-length: 29

17:52:46.958 [AsyncHttpClient-1-2] DEBUG o.a.netty.channel.ChannelManager - Adding key: http://localhost:61800 for channel [id: 0x4555661c, L:/127.0.0.1:57365 - R:localhost/127.0.0.1:61800]
17:52:46.958 [main] DEBUG n.s.s.targets.IFrameSwitcher - default content already selected for td
17:52:46.958 [Forwarding findElements on session 894a5667ed4874eae83f34446ccc6339 to remote] DEBUG o.a.netty.request.NettyRequestSender - Using pooled Channel '[id: 0x4555661c, L:/127.0.0.1:57365 - R:localhost/127.0.0.1:61800]' for 'POST' to 'http://localhost:61800/session/894a5667ed4874eae83f34446ccc6339/elements'
17:52:46.958 [Forwarding findElements on session 894a5667ed4874eae83f34446ccc6339 to remote] DEBUG o.a.netty.request.NettyRequestSender - Using open Channel [id: 0x4555661c, L:/127.0.0.1:57365 - R:localhost/127.0.0.1:61800] for POST '/session/894a5667ed4874eae83f34446ccc6339/elements'
17:52:46.973 [AsyncHttpClient-1-2] DEBUG o.a.netty.handler.HttpHandler - 

Request DefaultHttpRequest(decodeResult: success, version: HTTP/1.1)
POST /session/894a5667ed4874eae83f34446ccc6339/elements HTTP/1.1
User-Agent: selenium/4.1.1 (java windows)
Content-Length: 116
Content-Type: application/json; charset=utf-8
host: localhost:61800
accept: */*

Response DefaultHttpResponse(decodeResult: success, version: HTTP/1.1)
HTTP/1.1 200 OK
Content-Type: application/json; charset=utf-8
cache-control: no-cache
content-length: 90

17:52:46.973 [AsyncHttpClient-1-2] DEBUG o.a.netty.channel.ChannelManager - Adding key: http://localhost:61800 for channel [id: 0x4555661c, L:/127.0.0.1:57365 - R:localhost/127.0.0.1:61800]
17:52:46.973 [Forwarding getElementText on session 894a5667ed4874eae83f34446ccc6339 to remote] DEBUG o.a.netty.request.NettyRequestSender - Using pooled Channel '[id: 0x4555661c, L:/127.0.0.1:57365 - R:localhost/127.0.0.1:61800]' for 'GET' to 'http://localhost:61800/session/894a5667ed4874eae83f34446ccc6339/element/a8eb8eab-60cc-47b4-90ce-0854859258f9/text'
17:52:46.973 [Forwarding getElementText on session 894a5667ed4874eae83f34446ccc6339 to remote] DEBUG o.a.netty.request.NettyRequestSender - Using open Channel [id: 0x4555661c, L:/127.0.0.1:57365 - R:localhost/127.0.0.1:61800] for GET '/session/894a5667ed4874eae83f34446ccc6339/element/a8eb8eab-60cc-47b4-90ce-0854859258f9/text'
17:52:46.989 [AsyncHttpClient-1-2] DEBUG o.a.netty.handler.HttpHandler - 

Request DefaultFullHttpRequest(decodeResult: success, version: HTTP/1.1, content: EmptyByteBufBE)
GET /session/894a5667ed4874eae83f34446ccc6339/element/a8eb8eab-60cc-47b4-90ce-0854859258f9/text HTTP/1.1
User-Agent: selenium/4.1.1 (java windows)
Cache-Control: no-cache
Content-Type: application/json; charset=utf-8
host: localhost:61800
accept: */*

Response DefaultHttpResponse(decodeResult: success, version: HTTP/1.1)
HTTP/1.1 200 OK
Content-Type: application/json; charset=utf-8
cache-control: no-cache
content-length: 15

17:52:46.989 [AsyncHttpClient-1-2] DEBUG o.a.netty.channel.ChannelManager - Adding key: http://localhost:61800 for channel [id: 0x4555661c, L:/127.0.0.1:57365 - R:localhost/127.0.0.1:61800]
17:52:46.989 [main] DEBUG n.s.s.targets.IFrameSwitcher - default content already selected for td
17:52:46.989 [Forwarding findElements on session 894a5667ed4874eae83f34446ccc6339 to remote] DEBUG o.a.netty.request.NettyRequestSender - Using pooled Channel '[id: 0x4555661c, L:/127.0.0.1:57365 - R:localhost/127.0.0.1:61800]' for 'POST' to 'http://localhost:61800/session/894a5667ed4874eae83f34446ccc6339/elements'
17:52:46.989 [Forwarding findElements on session 894a5667ed4874eae83f34446ccc6339 to remote] DEBUG o.a.netty.request.NettyRequestSender - Using open Channel [id: 0x4555661c, L:/127.0.0.1:57365 - R:localhost/127.0.0.1:61800] for POST '/session/894a5667ed4874eae83f34446ccc6339/elements'
17:52:47.005 [AsyncHttpClient-1-2] DEBUG o.a.netty.handler.HttpHandler - 

Request DefaultHttpRequest(decodeResult: success, version: HTTP/1.1)
POST /session/894a5667ed4874eae83f34446ccc6339/elements HTTP/1.1
User-Agent: selenium/4.1.1 (java windows)
Content-Length: 118
Content-Type: application/json; charset=utf-8
host: localhost:61800
accept: */*

Response DefaultHttpResponse(decodeResult: success, version: HTTP/1.1)
HTTP/1.1 200 OK
Content-Type: application/json; charset=utf-8
cache-control: no-cache
content-length: 90

17:52:47.005 [AsyncHttpClient-1-2] DEBUG o.a.netty.channel.ChannelManager - Adding key: http://localhost:61800 for channel [id: 0x4555661c, L:/127.0.0.1:57365 - R:localhost/127.0.0.1:61800]
17:52:47.005 [Forwarding getElementText on session 894a5667ed4874eae83f34446ccc6339 to remote] DEBUG o.a.netty.request.NettyRequestSender - Using pooled Channel '[id: 0x4555661c, L:/127.0.0.1:57365 - R:localhost/127.0.0.1:61800]' for 'GET' to 'http://localhost:61800/session/894a5667ed4874eae83f34446ccc6339/element/54246f22-d3ab-43fe-9736-2eb72c161dae/text'
17:52:47.005 [Forwarding getElementText on session 894a5667ed4874eae83f34446ccc6339 to remote] DEBUG o.a.netty.request.NettyRequestSender - Using open Channel [id: 0x4555661c, L:/127.0.0.1:57365 - R:localhost/127.0.0.1:61800] for GET '/session/894a5667ed4874eae83f34446ccc6339/element/54246f22-d3ab-43fe-9736-2eb72c161dae/text'
17:52:47.020 [AsyncHttpClient-1-2] DEBUG o.a.netty.handler.HttpHandler - 

Request DefaultFullHttpRequest(decodeResult: success, version: HTTP/1.1, content: EmptyByteBufBE)
GET /session/894a5667ed4874eae83f34446ccc6339/element/54246f22-d3ab-43fe-9736-2eb72c161dae/text HTTP/1.1
User-Agent: selenium/4.1.1 (java windows)
Cache-Control: no-cache
Content-Type: application/json; charset=utf-8
host: localhost:61800
accept: */*

Response DefaultHttpResponse(decodeResult: success, version: HTTP/1.1)
HTTP/1.1 200 OK
Content-Type: application/json; charset=utf-8
cache-control: no-cache
content-length: 15

17:52:47.020 [AsyncHttpClient-1-2] DEBUG o.a.netty.channel.ChannelManager - Adding key: http://localhost:61800 for channel [id: 0x4555661c, L:/127.0.0.1:57365 - R:localhost/127.0.0.1:61800]
17:52:47.036 [Forwarding screenshot on session 894a5667ed4874eae83f34446ccc6339 to remote] DEBUG o.a.netty.request.NettyRequestSender - Using pooled Channel '[id: 0x4555661c, L:/127.0.0.1:57365 - R:localhost/127.0.0.1:61800]' for 'GET' to 'http://localhost:61800/session/894a5667ed4874eae83f34446ccc6339/screenshot'
17:52:47.036 [Forwarding screenshot on session 894a5667ed4874eae83f34446ccc6339 to remote] DEBUG o.a.netty.request.NettyRequestSender - Using open Channel [id: 0x4555661c, L:/127.0.0.1:57365 - R:localhost/127.0.0.1:61800] for GET '/session/894a5667ed4874eae83f34446ccc6339/screenshot'
17:52:47.164 [AsyncHttpClient-1-1] DEBUG o.a.netty.channel.DefaultChannelPool - Entry count for : http://localhost:57366 : 1
17:52:47.195 [AsyncHttpClient-1-2] DEBUG o.a.netty.handler.HttpHandler - 

Request DefaultFullHttpRequest(decodeResult: success, version: HTTP/1.1, content: EmptyByteBufBE)
GET /session/894a5667ed4874eae83f34446ccc6339/screenshot HTTP/1.1
User-Agent: selenium/4.1.1 (java windows)
Cache-Control: no-cache
Content-Type: application/json; charset=utf-8
host: localhost:61800
accept: */*

Response DefaultHttpResponse(decodeResult: success, version: HTTP/1.1)
HTTP/1.1 200 OK
Content-Type: application/json; charset=utf-8
cache-control: no-cache
content-length: 48524

17:52:47.195 [AsyncHttpClient-1-2] DEBUG o.a.netty.channel.ChannelManager - Adding key: http://localhost:61800 for channel [id: 0x4555661c, L:/127.0.0.1:57365 - R:localhost/127.0.0.1:61800]
17:52:47.195 [main] DEBUG n.s.core.photography.Darkroom - Send negative for processing for target\site\serenity\aed35ceff99b3f7ab2612981baffdc1acf91ffed08aa301fb49f5eb73cc8ee02.png
17:52:47.195 [main] DEBUG n.t.core.steps.StepInterceptor - STARTING STEP: shopping.userVerifiesItemDetails - !#title
17:52:47.195 [main] DEBUG n.t.core.steps.StepInterceptor - STARTING STEP: shopping.userVerifiesItemDetails - {0} should see #description
17:52:47.210 [main] DEBUG n.t.core.steps.StepInterceptor - STEP DONE: {0} should see #description
17:52:47.210 [main] DEBUG n.t.core.steps.StepInterceptor - STARTING STEP: shopping.userVerifiesItemDetails - {0} should see #description
17:52:47.226 [main] DEBUG n.t.core.steps.StepInterceptor - STEP DONE: {0} should see #description
17:52:47.226 [main] DEBUG n.t.core.steps.StepInterceptor - STARTING STEP: shopping.userVerifiesItemDetails - {0} should see #description
17:52:47.242 [main] DEBUG n.t.core.steps.StepInterceptor - STEP DONE: {0} should see #description
17:52:47.242 [main] DEBUG n.t.core.steps.StepInterceptor - STEP DONE: !#title
17:52:47.257 [Forwarding screenshot on session 894a5667ed4874eae83f34446ccc6339 to remote] DEBUG o.a.netty.request.NettyRequestSender - Using pooled Channel '[id: 0x4555661c, L:/127.0.0.1:57365 - R:localhost/127.0.0.1:61800]' for 'GET' to 'http://localhost:61800/session/894a5667ed4874eae83f34446ccc6339/screenshot'
17:52:47.257 [Forwarding screenshot on session 894a5667ed4874eae83f34446ccc6339 to remote] DEBUG o.a.netty.request.NettyRequestSender - Using open Channel [id: 0x4555661c, L:/127.0.0.1:57365 - R:localhost/127.0.0.1:61800] for GET '/session/894a5667ed4874eae83f34446ccc6339/screenshot'
17:52:47.397 [AsyncHttpClient-1-2] DEBUG o.a.netty.handler.HttpHandler - 

Request DefaultFullHttpRequest(decodeResult: success, version: HTTP/1.1, content: EmptyByteBufBE)
GET /session/894a5667ed4874eae83f34446ccc6339/screenshot HTTP/1.1
User-Agent: selenium/4.1.1 (java windows)
Cache-Control: no-cache
Content-Type: application/json; charset=utf-8
host: localhost:61800
accept: */*

Response DefaultHttpResponse(decodeResult: success, version: HTTP/1.1)
HTTP/1.1 200 OK
Content-Type: application/json; charset=utf-8
cache-control: no-cache
content-length: 48524

17:52:47.397 [AsyncHttpClient-1-2] DEBUG o.a.netty.channel.ChannelManager - Adding key: http://localhost:61800 for channel [id: 0x4555661c, L:/127.0.0.1:57365 - R:localhost/127.0.0.1:61800]
17:52:47.412 [main] DEBUG n.s.core.photography.Darkroom - Send negative for processing for target\site\serenity\aed35ceff99b3f7ab2612981baffdc1acf91ffed08aa301fb49f5eb73cc8ee02.png
17:52:47.412 [main] DEBUG n.t.core.steps.StepInterceptor - STARTING STEP: shopping.userPaysWithCard - !#title
17:52:47.412 [main] DEBUG n.t.core.steps.StepInterceptor - STARTING STEP: shopping.userPaysWithCard - {0} clicks on #target
17:52:47.412 [main] DEBUG n.s.s.targets.IFrameSwitcher - default content already selected for button
17:52:47.412 [Forwarding findElement on session 894a5667ed4874eae83f34446ccc6339 to remote] DEBUG o.a.netty.request.NettyRequestSender - Using pooled Channel '[id: 0x4555661c, L:/127.0.0.1:57365 - R:localhost/127.0.0.1:61800]' for 'POST' to 'http://localhost:61800/session/894a5667ed4874eae83f34446ccc6339/element'
17:52:47.412 [Forwarding findElement on session 894a5667ed4874eae83f34446ccc6339 to remote] DEBUG o.a.netty.request.NettyRequestSender - Using open Channel [id: 0x4555661c, L:/127.0.0.1:57365 - R:localhost/127.0.0.1:61800] for POST '/session/894a5667ed4874eae83f34446ccc6339/element'
17:52:47.428 [AsyncHttpClient-1-2] DEBUG o.a.netty.handler.HttpHandler - 

Request DefaultHttpRequest(decodeResult: success, version: HTTP/1.1)
POST /session/894a5667ed4874eae83f34446ccc6339/element HTTP/1.1
User-Agent: selenium/4.1.1 (java windows)
Content-Length: 71
Content-Type: application/json; charset=utf-8
host: localhost:61800
accept: */*

Response DefaultHttpResponse(decodeResult: success, version: HTTP/1.1)
HTTP/1.1 200 OK
Content-Type: application/json; charset=utf-8
cache-control: no-cache
content-length: 88

17:52:47.428 [AsyncHttpClient-1-2] DEBUG o.a.netty.channel.ChannelManager - Adding key: http://localhost:61800 for channel [id: 0x4555661c, L:/127.0.0.1:57365 - R:localhost/127.0.0.1:61800]
17:52:47.428 [Forwarding isElementDisplayed on session 894a5667ed4874eae83f34446ccc6339 to remote] DEBUG o.a.netty.request.NettyRequestSender - Using pooled Channel '[id: 0x4555661c, L:/127.0.0.1:57365 - R:localhost/127.0.0.1:61800]' for 'POST' to 'http://localhost:61800/session/894a5667ed4874eae83f34446ccc6339/execute/sync'
17:52:47.428 [Forwarding isElementDisplayed on session 894a5667ed4874eae83f34446ccc6339 to remote] DEBUG o.a.netty.request.NettyRequestSender - Using open Channel [id: 0x4555661c, L:/127.0.0.1:57365 - R:localhost/127.0.0.1:61800] for POST '/session/894a5667ed4874eae83f34446ccc6339/execute/sync'
17:52:47.444 [AsyncHttpClient-1-2] DEBUG o.a.netty.handler.HttpHandler - 

Request DefaultHttpRequest(decodeResult: success, version: HTTP/1.1)
POST /session/894a5667ed4874eae83f34446ccc6339/execute/sync HTTP/1.1
User-Agent: selenium/4.1.1 (java windows)
Content-Length: 48780
Content-Type: application/json; charset=utf-8
host: localhost:61800
accept: */*

Response DefaultHttpResponse(decodeResult: success, version: HTTP/1.1)
HTTP/1.1 200 OK
Content-Type: application/json; charset=utf-8
cache-control: no-cache
content-length: 14

17:52:47.444 [AsyncHttpClient-1-2] DEBUG o.a.netty.channel.ChannelManager - Adding key: http://localhost:61800 for channel [id: 0x4555661c, L:/127.0.0.1:57365 - R:localhost/127.0.0.1:61800]
17:52:47.444 [Forwarding findElement on session 894a5667ed4874eae83f34446ccc6339 to remote] DEBUG o.a.netty.request.NettyRequestSender - Using pooled Channel '[id: 0x4555661c, L:/127.0.0.1:57365 - R:localhost/127.0.0.1:61800]' for 'POST' to 'http://localhost:61800/session/894a5667ed4874eae83f34446ccc6339/element'
17:52:47.444 [Forwarding findElement on session 894a5667ed4874eae83f34446ccc6339 to remote] DEBUG o.a.netty.request.NettyRequestSender - Using open Channel [id: 0x4555661c, L:/127.0.0.1:57365 - R:localhost/127.0.0.1:61800] for POST '/session/894a5667ed4874eae83f34446ccc6339/element'
17:52:47.459 [AsyncHttpClient-1-2] DEBUG o.a.netty.handler.HttpHandler - 

Request DefaultHttpRequest(decodeResult: success, version: HTTP/1.1)
POST /session/894a5667ed4874eae83f34446ccc6339/element HTTP/1.1
User-Agent: selenium/4.1.1 (java windows)
Content-Length: 71
Content-Type: application/json; charset=utf-8
host: localhost:61800
accept: */*

Response DefaultHttpResponse(decodeResult: success, version: HTTP/1.1)
HTTP/1.1 200 OK
Content-Type: application/json; charset=utf-8
cache-control: no-cache
content-length: 88

17:52:47.459 [AsyncHttpClient-1-2] DEBUG o.a.netty.channel.ChannelManager - Adding key: http://localhost:61800 for channel [id: 0x4555661c, L:/127.0.0.1:57365 - R:localhost/127.0.0.1:61800]
17:52:47.459 [Forwarding clickElement on session 894a5667ed4874eae83f34446ccc6339 to remote] DEBUG o.a.netty.request.NettyRequestSender - Using pooled Channel '[id: 0x4555661c, L:/127.0.0.1:57365 - R:localhost/127.0.0.1:61800]' for 'POST' to 'http://localhost:61800/session/894a5667ed4874eae83f34446ccc6339/element/60d7fb2e-3838-4ff5-9a2c-0032fc4d31e7/click'
17:52:47.459 [Forwarding clickElement on session 894a5667ed4874eae83f34446ccc6339 to remote] DEBUG o.a.netty.request.NettyRequestSender - Using open Channel [id: 0x4555661c, L:/127.0.0.1:57365 - R:localhost/127.0.0.1:61800] for POST '/session/894a5667ed4874eae83f34446ccc6339/element/60d7fb2e-3838-4ff5-9a2c-0032fc4d31e7/click'
17:52:47.507 [AsyncHttpClient-1-2] DEBUG o.a.netty.handler.HttpHandler - 

Request DefaultHttpRequest(decodeResult: success, version: HTTP/1.1)
POST /session/894a5667ed4874eae83f34446ccc6339/element/60d7fb2e-3838-4ff5-9a2c-0032fc4d31e7/click HTTP/1.1
User-Agent: selenium/4.1.1 (java windows)
Content-Length: 50
Content-Type: application/json; charset=utf-8
host: localhost:61800
accept: */*

Response DefaultHttpResponse(decodeResult: success, version: HTTP/1.1)
HTTP/1.1 200 OK
Content-Type: application/json; charset=utf-8
cache-control: no-cache
content-length: 14

17:52:47.508 [AsyncHttpClient-1-2] DEBUG o.a.netty.channel.ChannelManager - Adding key: http://localhost:61800 for channel [id: 0x4555661c, L:/127.0.0.1:57365 - R:localhost/127.0.0.1:61800]
17:52:47.524 [Forwarding screenshot on session 894a5667ed4874eae83f34446ccc6339 to remote] DEBUG o.a.netty.request.NettyRequestSender - Using pooled Channel '[id: 0x4555661c, L:/127.0.0.1:57365 - R:localhost/127.0.0.1:61800]' for 'GET' to 'http://localhost:61800/session/894a5667ed4874eae83f34446ccc6339/screenshot'
17:52:47.524 [Forwarding screenshot on session 894a5667ed4874eae83f34446ccc6339 to remote] DEBUG o.a.netty.request.NettyRequestSender - Using open Channel [id: 0x4555661c, L:/127.0.0.1:57365 - R:localhost/127.0.0.1:61800] for GET '/session/894a5667ed4874eae83f34446ccc6339/screenshot'
17:52:47.898 [AsyncHttpClient-1-2] DEBUG o.a.netty.handler.HttpHandler - 

Request DefaultFullHttpRequest(decodeResult: success, version: HTTP/1.1, content: EmptyByteBufBE)
GET /session/894a5667ed4874eae83f34446ccc6339/screenshot HTTP/1.1
User-Agent: selenium/4.1.1 (java windows)
Cache-Control: no-cache
Content-Type: application/json; charset=utf-8
host: localhost:61800
accept: */*

Response DefaultHttpResponse(decodeResult: success, version: HTTP/1.1)
HTTP/1.1 200 OK
Content-Type: application/json; charset=utf-8
cache-control: no-cache
content-length: 50816

17:52:47.898 [AsyncHttpClient-1-2] DEBUG o.a.netty.channel.ChannelManager - Adding key: http://localhost:61800 for channel [id: 0x4555661c, L:/127.0.0.1:57365 - R:localhost/127.0.0.1:61800]
17:52:47.898 [main] DEBUG n.s.core.photography.Darkroom - Send negative for processing for target\site\serenity\cf6b5c1d418ce2d9ca578b9b2e99be4349173028c8359dbdc5e87ddc3cd2e6ce.png
17:52:47.898 [main] DEBUG n.t.core.steps.StepInterceptor - STEP DONE: {0} clicks on #target
17:52:47.898 [Darkroom Processing Line] DEBUG n.s.c.p.DarkroomProcessingLine - Processing screenshot image in /var/screenshots/screenshot-17335795403039000640
17:52:47.898 [Darkroom Processing Line] DEBUG n.s.c.p.DarkroomProcessingLine - Saving screenshot to target\site\serenity\cf6b5c1d418ce2d9ca578b9b2e99be4349173028c8359dbdc5e87ddc3cd2e6ce.png
17:52:47.898 [main] DEBUG n.t.core.steps.StepInterceptor - STEP DONE: !#title
Substrings length:4
Str[0]:4000
Str[1]:0027
Str[2]:6000
Str[3]:3184
17:52:48.018 [Forwarding screenshot on session 894a5667ed4874eae83f34446ccc6339 to remote] DEBUG o.a.netty.request.NettyRequestSender - Using pooled Channel '[id: 0x4555661c, L:/127.0.0.1:57365 - R:localhost/127.0.0.1:61800]' for 'GET' to 'http://localhost:61800/session/894a5667ed4874eae83f34446ccc6339/screenshot'
17:52:48.018 [Forwarding screenshot on session 894a5667ed4874eae83f34446ccc6339 to remote] DEBUG o.a.netty.request.NettyRequestSender - Using open Channel [id: 0x4555661c, L:/127.0.0.1:57365 - R:localhost/127.0.0.1:61800] for GET '/session/894a5667ed4874eae83f34446ccc6339/screenshot'
17:52:48.256 [AsyncHttpClient-1-1] DEBUG o.a.netty.channel.DefaultChannelPool - Entry count for : http://localhost:57366 : 1
17:52:48.969 [AsyncHttpClient-1-2] DEBUG o.a.netty.handler.HttpHandler - 

Request DefaultFullHttpRequest(decodeResult: success, version: HTTP/1.1, content: EmptyByteBufBE)
GET /session/894a5667ed4874eae83f34446ccc6339/screenshot HTTP/1.1
User-Agent: selenium/4.1.1 (java windows)
Cache-Control: no-cache
Content-Type: application/json; charset=utf-8
host: localhost:61800
accept: */*

Response DefaultHttpResponse(decodeResult: success, version: HTTP/1.1)
HTTP/1.1 200 OK
Content-Type: application/json; charset=utf-8
cache-control: no-cache
content-length: 94560

17:52:48.969 [AsyncHttpClient-1-2] DEBUG o.a.netty.channel.ChannelManager - Adding key: http://localhost:61800 for channel [id: 0x4555661c, L:/127.0.0.1:57365 - R:localhost/127.0.0.1:61800]
17:52:48.972 [main] DEBUG n.s.core.photography.Darkroom - Send negative for processing for target\site\serenity\ea89139e0c96ea7596110b3a5ceeb239b363e05d7b2c843d87e8c34e6f2cbccb.png
17:52:48.973 [main] DEBUG n.t.core.steps.StepInterceptor - STARTING STEP: shopping.inputDetails - !#title
17:52:48.973 [Darkroom Processing Line] DEBUG n.s.c.p.DarkroomProcessingLine - Processing screenshot image in /var/screenshots/screenshot-12693465898775907660
17:52:48.973 [Darkroom Processing Line] DEBUG n.s.c.p.DarkroomProcessingLine - Saving screenshot to target\site\serenity\ea89139e0c96ea7596110b3a5ceeb239b363e05d7b2c843d87e8c34e6f2cbccb.png
17:52:48.977 [Forwarding findElements on session 894a5667ed4874eae83f34446ccc6339 to remote] DEBUG o.a.netty.request.NettyRequestSender - Using pooled Channel '[id: 0x4555661c, L:/127.0.0.1:57365 - R:localhost/127.0.0.1:61800]' for 'POST' to 'http://localhost:61800/session/894a5667ed4874eae83f34446ccc6339/elements'
17:52:48.977 [Forwarding findElements on session 894a5667ed4874eae83f34446ccc6339 to remote] DEBUG o.a.netty.request.NettyRequestSender - Using open Channel [id: 0x4555661c, L:/127.0.0.1:57365 - R:localhost/127.0.0.1:61800] for POST '/session/894a5667ed4874eae83f34446ccc6339/elements'
17:52:48.981 [AsyncHttpClient-1-2] DEBUG o.a.netty.handler.HttpHandler - 

Request DefaultHttpRequest(decodeResult: success, version: HTTP/1.1)
POST /session/894a5667ed4874eae83f34446ccc6339/elements HTTP/1.1
User-Agent: selenium/4.1.1 (java windows)
Content-Length: 112
Content-Type: application/json; charset=utf-8
host: localhost:61800
accept: */*

Response DefaultHttpResponse(decodeResult: success, version: HTTP/1.1)
HTTP/1.1 200 OK
Content-Type: application/json; charset=utf-8
cache-control: no-cache
content-length: 90

17:52:48.981 [AsyncHttpClient-1-2] DEBUG o.a.netty.channel.ChannelManager - Adding key: http://localhost:61800 for channel [id: 0x4555661c, L:/127.0.0.1:57365 - R:localhost/127.0.0.1:61800]
17:52:48.981 [Forwarding switchToFrame on session 894a5667ed4874eae83f34446ccc6339 to remote] DEBUG o.a.netty.request.NettyRequestSender - Using pooled Channel '[id: 0x4555661c, L:/127.0.0.1:57365 - R:localhost/127.0.0.1:61800]' for 'POST' to 'http://localhost:61800/session/894a5667ed4874eae83f34446ccc6339/frame'
17:52:48.981 [Forwarding switchToFrame on session 894a5667ed4874eae83f34446ccc6339 to remote] DEBUG o.a.netty.request.NettyRequestSender - Using open Channel [id: 0x4555661c, L:/127.0.0.1:57365 - R:localhost/127.0.0.1:61800] for POST '/session/894a5667ed4874eae83f34446ccc6339/frame'
17:52:48.997 [AsyncHttpClient-1-2] DEBUG o.a.netty.handler.HttpHandler - 

Request DefaultHttpRequest(decodeResult: success, version: HTTP/1.1)
POST /session/894a5667ed4874eae83f34446ccc6339/frame HTTP/1.1
User-Agent: selenium/4.1.1 (java windows)
Content-Length: 154
Content-Type: application/json; charset=utf-8
host: localhost:61800
accept: */*

Response DefaultHttpResponse(decodeResult: success, version: HTTP/1.1)
HTTP/1.1 200 OK
Content-Type: application/json; charset=utf-8
cache-control: no-cache
content-length: 14

17:52:48.997 [AsyncHttpClient-1-2] DEBUG o.a.netty.channel.ChannelManager - Adding key: http://localhost:61800 for channel [id: 0x4555661c, L:/127.0.0.1:57365 - R:localhost/127.0.0.1:61800]
17:52:49.012 [main] DEBUG n.t.core.steps.StepInterceptor - STARTING STEP: shopping.inputDetails - {0} enters #theTextAsAString into #target
17:52:49.012 [main] DEBUG n.s.s.targets.IFrameSwitcher - default content already selected for email
17:52:49.012 [Forwarding findElement on session 894a5667ed4874eae83f34446ccc6339 to remote] DEBUG o.a.netty.request.NettyRequestSender - Using pooled Channel '[id: 0x4555661c, L:/127.0.0.1:57365 - R:localhost/127.0.0.1:61800]' for 'POST' to 'http://localhost:61800/session/894a5667ed4874eae83f34446ccc6339/element'
17:52:49.012 [Forwarding findElement on session 894a5667ed4874eae83f34446ccc6339 to remote] DEBUG o.a.netty.request.NettyRequestSender - Using open Channel [id: 0x4555661c, L:/127.0.0.1:57365 - R:localhost/127.0.0.1:61800] for POST '/session/894a5667ed4874eae83f34446ccc6339/element'
17:52:49.028 [AsyncHttpClient-1-2] DEBUG o.a.netty.handler.HttpHandler - 

Request DefaultHttpRequest(decodeResult: success, version: HTTP/1.1)
POST /session/894a5667ed4874eae83f34446ccc6339/element HTTP/1.1
User-Agent: selenium/4.1.1 (java windows)
Content-Length: 83
Content-Type: application/json; charset=utf-8
host: localhost:61800
accept: */*

Response DefaultHttpResponse(decodeResult: success, version: HTTP/1.1)
HTTP/1.1 200 OK
Content-Type: application/json; charset=utf-8
cache-control: no-cache
content-length: 88

17:52:49.028 [AsyncHttpClient-1-2] DEBUG o.a.netty.channel.ChannelManager - Adding key: http://localhost:61800 for channel [id: 0x4555661c, L:/127.0.0.1:57365 - R:localhost/127.0.0.1:61800]
17:52:49.028 [Forwarding sendKeysToElement on session 894a5667ed4874eae83f34446ccc6339 to remote] DEBUG o.a.netty.request.NettyRequestSender - Using pooled Channel '[id: 0x4555661c, L:/127.0.0.1:57365 - R:localhost/127.0.0.1:61800]' for 'POST' to 'http://localhost:61800/session/894a5667ed4874eae83f34446ccc6339/element/8de6fcb8-e0a5-43ba-973b-5614c2ceb91d/value'
17:52:49.028 [Forwarding sendKeysToElement on session 894a5667ed4874eae83f34446ccc6339 to remote] DEBUG o.a.netty.request.NettyRequestSender - Using open Channel [id: 0x4555661c, L:/127.0.0.1:57365 - R:localhost/127.0.0.1:61800] for POST '/session/894a5667ed4874eae83f34446ccc6339/element/8de6fcb8-e0a5-43ba-973b-5614c2ceb91d/value'
17:52:49.133 [AsyncHttpClient-1-2] DEBUG o.a.netty.handler.HttpHandler - 

Request DefaultHttpRequest(decodeResult: success, version: HTTP/1.1)
POST /session/894a5667ed4874eae83f34446ccc6339/element/8de6fcb8-e0a5-43ba-973b-5614c2ceb91d/value HTTP/1.1
User-Agent: selenium/4.1.1 (java windows)
Content-Length: 351
Content-Type: application/json; charset=utf-8
host: localhost:61800
accept: */*

Response DefaultHttpResponse(decodeResult: success, version: HTTP/1.1)
HTTP/1.1 200 OK
Content-Type: application/json; charset=utf-8
cache-control: no-cache
content-length: 14

17:52:49.133 [AsyncHttpClient-1-2] DEBUG o.a.netty.channel.ChannelManager - Adding key: http://localhost:61800 for channel [id: 0x4555661c, L:/127.0.0.1:57365 - R:localhost/127.0.0.1:61800]
17:52:49.146 [Forwarding screenshot on session 894a5667ed4874eae83f34446ccc6339 to remote] DEBUG o.a.netty.request.NettyRequestSender - Using pooled Channel '[id: 0x4555661c, L:/127.0.0.1:57365 - R:localhost/127.0.0.1:61800]' for 'GET' to 'http://localhost:61800/session/894a5667ed4874eae83f34446ccc6339/screenshot'
17:52:49.146 [Forwarding screenshot on session 894a5667ed4874eae83f34446ccc6339 to remote] DEBUG o.a.netty.request.NettyRequestSender - Using open Channel [id: 0x4555661c, L:/127.0.0.1:57365 - R:localhost/127.0.0.1:61800] for GET '/session/894a5667ed4874eae83f34446ccc6339/screenshot'
17:52:49.350 [AsyncHttpClient-1-2] DEBUG o.a.netty.handler.HttpHandler - 

Request DefaultFullHttpRequest(decodeResult: success, version: HTTP/1.1, content: EmptyByteBufBE)
GET /session/894a5667ed4874eae83f34446ccc6339/screenshot HTTP/1.1
User-Agent: selenium/4.1.1 (java windows)
Cache-Control: no-cache
Content-Type: application/json; charset=utf-8
host: localhost:61800
accept: */*

Response DefaultHttpResponse(decodeResult: success, version: HTTP/1.1)
HTTP/1.1 200 OK
Content-Type: application/json; charset=utf-8
cache-control: no-cache
content-length: 107604

17:52:49.350 [AsyncHttpClient-1-2] DEBUG o.a.netty.channel.ChannelManager - Adding key: http://localhost:61800 for channel [id: 0x4555661c, L:/127.0.0.1:57365 - R:localhost/127.0.0.1:61800]
17:52:49.350 [main] DEBUG n.s.core.photography.Darkroom - Send negative for processing for target\site\serenity\9ea6fdd08c4c9b9cd09201aef1e0e42b305e343cb8d300b104b3056eaba193e5.png
17:52:49.350 [main] DEBUG n.t.core.steps.StepInterceptor - STEP DONE: {0} enters #theTextAsAString into #target
17:52:49.350 [Darkroom Processing Line] DEBUG n.s.c.p.DarkroomProcessingLine - Processing screenshot image in /var/screenshots/screenshot-12489723413527690855
17:52:49.350 [Darkroom Processing Line] DEBUG n.s.c.p.DarkroomProcessingLine - Saving screenshot to target\site\serenity\9ea6fdd08c4c9b9cd09201aef1e0e42b305e343cb8d300b104b3056eaba193e5.png
17:52:49.366 [AsyncHttpClient-1-1] DEBUG o.a.netty.channel.DefaultChannelPool - Entry count for : http://localhost:61800 : 1
17:52:49.367 [AsyncHttpClient-1-1] DEBUG o.a.netty.channel.DefaultChannelPool - Entry count for : http://localhost:57366 : 1
17:52:49.367 [main] DEBUG n.t.core.steps.StepInterceptor - STARTING STEP: shopping.inputDetails - {0} enters #theTextAsAString into #target
17:52:49.367 [main] DEBUG n.s.s.targets.IFrameSwitcher - default content already selected for card_number
17:52:49.367 [Forwarding findElement on session 894a5667ed4874eae83f34446ccc6339 to remote] DEBUG o.a.netty.request.NettyRequestSender - Using pooled Channel '[id: 0x4555661c, L:/127.0.0.1:57365 - R:localhost/127.0.0.1:61800]' for 'POST' to 'http://localhost:61800/session/894a5667ed4874eae83f34446ccc6339/element'
17:52:49.367 [Forwarding findElement on session 894a5667ed4874eae83f34446ccc6339 to remote] DEBUG o.a.netty.request.NettyRequestSender - Using open Channel [id: 0x4555661c, L:/127.0.0.1:57365 - R:localhost/127.0.0.1:61800] for POST '/session/894a5667ed4874eae83f34446ccc6339/element'
17:52:49.382 [AsyncHttpClient-1-2] DEBUG o.a.netty.handler.HttpHandler - 

Request DefaultHttpRequest(decodeResult: success, version: HTTP/1.1)
POST /session/894a5667ed4874eae83f34446ccc6339/element HTTP/1.1
User-Agent: selenium/4.1.1 (java windows)
Content-Length: 99
Content-Type: application/json; charset=utf-8
host: localhost:61800
accept: */*

Response DefaultHttpResponse(decodeResult: success, version: HTTP/1.1)
HTTP/1.1 200 OK
Content-Type: application/json; charset=utf-8
cache-control: no-cache
content-length: 88

17:52:49.382 [AsyncHttpClient-1-2] DEBUG o.a.netty.channel.ChannelManager - Adding key: http://localhost:61800 for channel [id: 0x4555661c, L:/127.0.0.1:57365 - R:localhost/127.0.0.1:61800]
17:52:49.382 [Forwarding sendKeysToElement on session 894a5667ed4874eae83f34446ccc6339 to remote] DEBUG o.a.netty.request.NettyRequestSender - Using pooled Channel '[id: 0x4555661c, L:/127.0.0.1:57365 - R:localhost/127.0.0.1:61800]' for 'POST' to 'http://localhost:61800/session/894a5667ed4874eae83f34446ccc6339/element/6ee3ea01-c273-4bd9-a9e9-2ecc9c116acb/value'
17:52:49.382 [Forwarding sendKeysToElement on session 894a5667ed4874eae83f34446ccc6339 to remote] DEBUG o.a.netty.request.NettyRequestSender - Using open Channel [id: 0x4555661c, L:/127.0.0.1:57365 - R:localhost/127.0.0.1:61800] for POST '/session/894a5667ed4874eae83f34446ccc6339/element/6ee3ea01-c273-4bd9-a9e9-2ecc9c116acb/value'
17:52:49.456 [AsyncHttpClient-1-2] DEBUG o.a.netty.handler.HttpHandler - 

Request DefaultHttpRequest(decodeResult: success, version: HTTP/1.1)
POST /session/894a5667ed4874eae83f34446ccc6339/element/6ee3ea01-c273-4bd9-a9e9-2ecc9c116acb/value HTTP/1.1
User-Agent: selenium/4.1.1 (java windows)
Content-Length: 121
Content-Type: application/json; charset=utf-8
host: localhost:61800
accept: */*

Response DefaultHttpResponse(decodeResult: success, version: HTTP/1.1)
HTTP/1.1 200 OK
Content-Type: application/json; charset=utf-8
cache-control: no-cache
content-length: 14

17:52:49.456 [AsyncHttpClient-1-2] DEBUG o.a.netty.channel.ChannelManager - Adding key: http://localhost:61800 for channel [id: 0x4555661c, L:/127.0.0.1:57365 - R:localhost/127.0.0.1:61800]
17:52:49.470 [Forwarding screenshot on session 894a5667ed4874eae83f34446ccc6339 to remote] DEBUG o.a.netty.request.NettyRequestSender - Using pooled Channel '[id: 0x4555661c, L:/127.0.0.1:57365 - R:localhost/127.0.0.1:61800]' for 'GET' to 'http://localhost:61800/session/894a5667ed4874eae83f34446ccc6339/screenshot'
17:52:49.471 [Forwarding screenshot on session 894a5667ed4874eae83f34446ccc6339 to remote] DEBUG o.a.netty.request.NettyRequestSender - Using open Channel [id: 0x4555661c, L:/127.0.0.1:57365 - R:localhost/127.0.0.1:61800] for GET '/session/894a5667ed4874eae83f34446ccc6339/screenshot'
17:52:49.665 [AsyncHttpClient-1-2] DEBUG o.a.netty.handler.HttpHandler - 

Request DefaultFullHttpRequest(decodeResult: success, version: HTTP/1.1, content: EmptyByteBufBE)
GET /session/894a5667ed4874eae83f34446ccc6339/screenshot HTTP/1.1
User-Agent: selenium/4.1.1 (java windows)
Cache-Control: no-cache
Content-Type: application/json; charset=utf-8
host: localhost:61800
accept: */*

Response DefaultHttpResponse(decodeResult: success, version: HTTP/1.1)
HTTP/1.1 200 OK
Content-Type: application/json; charset=utf-8
cache-control: no-cache
content-length: 109724

17:52:49.666 [AsyncHttpClient-1-2] DEBUG o.a.netty.channel.ChannelManager - Adding key: http://localhost:61800 for channel [id: 0x4555661c, L:/127.0.0.1:57365 - R:localhost/127.0.0.1:61800]
17:52:49.672 [main] DEBUG n.s.core.photography.Darkroom - Send negative for processing for target\site\serenity\472fe3c090a684010743fd3d455422be587a383df1c3d3421df30b868eb505e5.png
17:52:49.672 [main] DEBUG n.t.core.steps.StepInterceptor - STEP DONE: {0} enters #theTextAsAString into #target
17:52:49.672 [Darkroom Processing Line] DEBUG n.s.c.p.DarkroomProcessingLine - Processing screenshot image in /var/screenshots/screenshot-3043304573289927264
17:52:49.672 [Darkroom Processing Line] DEBUG n.s.c.p.DarkroomProcessingLine - Saving screenshot to target\site\serenity\472fe3c090a684010743fd3d455422be587a383df1c3d3421df30b868eb505e5.png
17:52:49.686 [main] DEBUG n.t.core.steps.StepInterceptor - STARTING STEP: shopping.inputDetails - {0} enters #theTextAsAString into #target
17:52:49.687 [main] DEBUG n.s.s.targets.IFrameSwitcher - default content already selected for card_number
17:52:49.691 [Forwarding findElement on session 894a5667ed4874eae83f34446ccc6339 to remote] DEBUG o.a.netty.request.NettyRequestSender - Using pooled Channel '[id: 0x4555661c, L:/127.0.0.1:57365 - R:localhost/127.0.0.1:61800]' for 'POST' to 'http://localhost:61800/session/894a5667ed4874eae83f34446ccc6339/element'
17:52:49.691 [Forwarding findElement on session 894a5667ed4874eae83f34446ccc6339 to remote] DEBUG o.a.netty.request.NettyRequestSender - Using open Channel [id: 0x4555661c, L:/127.0.0.1:57365 - R:localhost/127.0.0.1:61800] for POST '/session/894a5667ed4874eae83f34446ccc6339/element'
17:52:49.701 [AsyncHttpClient-1-2] DEBUG o.a.netty.handler.HttpHandler - 

Request DefaultHttpRequest(decodeResult: success, version: HTTP/1.1)
POST /session/894a5667ed4874eae83f34446ccc6339/element HTTP/1.1
User-Agent: selenium/4.1.1 (java windows)
Content-Length: 99
Content-Type: application/json; charset=utf-8
host: localhost:61800
accept: */*

Response DefaultHttpResponse(decodeResult: success, version: HTTP/1.1)
HTTP/1.1 200 OK
Content-Type: application/json; charset=utf-8
cache-control: no-cache
content-length: 88

17:52:49.702 [AsyncHttpClient-1-2] DEBUG o.a.netty.channel.ChannelManager - Adding key: http://localhost:61800 for channel [id: 0x4555661c, L:/127.0.0.1:57365 - R:localhost/127.0.0.1:61800]
17:52:49.705 [Forwarding sendKeysToElement on session 894a5667ed4874eae83f34446ccc6339 to remote] DEBUG o.a.netty.request.NettyRequestSender - Using pooled Channel '[id: 0x4555661c, L:/127.0.0.1:57365 - R:localhost/127.0.0.1:61800]' for 'POST' to 'http://localhost:61800/session/894a5667ed4874eae83f34446ccc6339/element/6ee3ea01-c273-4bd9-a9e9-2ecc9c116acb/value'
17:52:49.706 [Forwarding sendKeysToElement on session 894a5667ed4874eae83f34446ccc6339 to remote] DEBUG o.a.netty.request.NettyRequestSender - Using open Channel [id: 0x4555661c, L:/127.0.0.1:57365 - R:localhost/127.0.0.1:61800] for POST '/session/894a5667ed4874eae83f34446ccc6339/element/6ee3ea01-c273-4bd9-a9e9-2ecc9c116acb/value'
17:52:49.758 [AsyncHttpClient-1-2] DEBUG o.a.netty.handler.HttpHandler - 

Request DefaultHttpRequest(decodeResult: success, version: HTTP/1.1)
POST /session/894a5667ed4874eae83f34446ccc6339/element/6ee3ea01-c273-4bd9-a9e9-2ecc9c116acb/value HTTP/1.1
User-Agent: selenium/4.1.1 (java windows)
Content-Length: 121
Content-Type: application/json; charset=utf-8
host: localhost:61800
accept: */*

Response DefaultHttpResponse(decodeResult: success, version: HTTP/1.1)
HTTP/1.1 200 OK
Content-Type: application/json; charset=utf-8
cache-control: no-cache
content-length: 14

17:52:49.758 [AsyncHttpClient-1-2] DEBUG o.a.netty.channel.ChannelManager - Adding key: http://localhost:61800 for channel [id: 0x4555661c, L:/127.0.0.1:57365 - R:localhost/127.0.0.1:61800]
17:52:49.771 [Forwarding screenshot on session 894a5667ed4874eae83f34446ccc6339 to remote] DEBUG o.a.netty.request.NettyRequestSender - Using pooled Channel '[id: 0x4555661c, L:/127.0.0.1:57365 - R:localhost/127.0.0.1:61800]' for 'GET' to 'http://localhost:61800/session/894a5667ed4874eae83f34446ccc6339/screenshot'
17:52:49.771 [Forwarding screenshot on session 894a5667ed4874eae83f34446ccc6339 to remote] DEBUG o.a.netty.request.NettyRequestSender - Using open Channel [id: 0x4555661c, L:/127.0.0.1:57365 - R:localhost/127.0.0.1:61800] for GET '/session/894a5667ed4874eae83f34446ccc6339/screenshot'
17:52:50.033 [AsyncHttpClient-1-2] DEBUG o.a.netty.handler.HttpHandler - 

Request DefaultFullHttpRequest(decodeResult: success, version: HTTP/1.1, content: EmptyByteBufBE)
GET /session/894a5667ed4874eae83f34446ccc6339/screenshot HTTP/1.1
User-Agent: selenium/4.1.1 (java windows)
Cache-Control: no-cache
Content-Type: application/json; charset=utf-8
host: localhost:61800
accept: */*

Response DefaultHttpResponse(decodeResult: success, version: HTTP/1.1)
HTTP/1.1 200 OK
Content-Type: application/json; charset=utf-8
cache-control: no-cache
content-length: 111548

17:52:50.033 [AsyncHttpClient-1-2] DEBUG o.a.netty.channel.ChannelManager - Adding key: http://localhost:61800 for channel [id: 0x4555661c, L:/127.0.0.1:57365 - R:localhost/127.0.0.1:61800]
17:52:50.037 [main] DEBUG n.s.core.photography.Darkroom - Send negative for processing for target\site\serenity\843f0aa0e043102c04a8b7dc39e6832711a0018acf67ca32087d2fa8db550636.png
17:52:50.037 [main] DEBUG n.t.core.steps.StepInterceptor - STEP DONE: {0} enters #theTextAsAString into #target
17:52:50.038 [Darkroom Processing Line] DEBUG n.s.c.p.DarkroomProcessingLine - Processing screenshot image in /var/screenshots/screenshot-11742830479968792817
17:52:50.038 [Darkroom Processing Line] DEBUG n.s.c.p.DarkroomProcessingLine - Saving screenshot to target\site\serenity\843f0aa0e043102c04a8b7dc39e6832711a0018acf67ca32087d2fa8db550636.png
17:52:50.045 [main] DEBUG n.t.core.steps.StepInterceptor - STARTING STEP: shopping.inputDetails - {0} enters #theTextAsAString into #target
17:52:50.045 [main] DEBUG n.s.s.targets.IFrameSwitcher - default content already selected for card_number
17:52:50.049 [Forwarding findElement on session 894a5667ed4874eae83f34446ccc6339 to remote] DEBUG o.a.netty.request.NettyRequestSender - Using pooled Channel '[id: 0x4555661c, L:/127.0.0.1:57365 - R:localhost/127.0.0.1:61800]' for 'POST' to 'http://localhost:61800/session/894a5667ed4874eae83f34446ccc6339/element'
17:52:50.049 [Forwarding findElement on session 894a5667ed4874eae83f34446ccc6339 to remote] DEBUG o.a.netty.request.NettyRequestSender - Using open Channel [id: 0x4555661c, L:/127.0.0.1:57365 - R:localhost/127.0.0.1:61800] for POST '/session/894a5667ed4874eae83f34446ccc6339/element'
17:52:50.057 [AsyncHttpClient-1-2] DEBUG o.a.netty.handler.HttpHandler - 

Request DefaultHttpRequest(decodeResult: success, version: HTTP/1.1)
POST /session/894a5667ed4874eae83f34446ccc6339/element HTTP/1.1
User-Agent: selenium/4.1.1 (java windows)
Content-Length: 99
Content-Type: application/json; charset=utf-8
host: localhost:61800
accept: */*

Response DefaultHttpResponse(decodeResult: success, version: HTTP/1.1)
HTTP/1.1 200 OK
Content-Type: application/json; charset=utf-8
cache-control: no-cache
content-length: 88

17:52:50.057 [AsyncHttpClient-1-2] DEBUG o.a.netty.channel.ChannelManager - Adding key: http://localhost:61800 for channel [id: 0x4555661c, L:/127.0.0.1:57365 - R:localhost/127.0.0.1:61800]
17:52:50.060 [Forwarding sendKeysToElement on session 894a5667ed4874eae83f34446ccc6339 to remote] DEBUG o.a.netty.request.NettyRequestSender - Using pooled Channel '[id: 0x4555661c, L:/127.0.0.1:57365 - R:localhost/127.0.0.1:61800]' for 'POST' to 'http://localhost:61800/session/894a5667ed4874eae83f34446ccc6339/element/6ee3ea01-c273-4bd9-a9e9-2ecc9c116acb/value'
17:52:50.060 [Forwarding sendKeysToElement on session 894a5667ed4874eae83f34446ccc6339 to remote] DEBUG o.a.netty.request.NettyRequestSender - Using open Channel [id: 0x4555661c, L:/127.0.0.1:57365 - R:localhost/127.0.0.1:61800] for POST '/session/894a5667ed4874eae83f34446ccc6339/element/6ee3ea01-c273-4bd9-a9e9-2ecc9c116acb/value'
17:52:50.088 [AsyncHttpClient-1-2] DEBUG o.a.netty.handler.HttpHandler - 

Request DefaultHttpRequest(decodeResult: success, version: HTTP/1.1)
POST /session/894a5667ed4874eae83f34446ccc6339/element/6ee3ea01-c273-4bd9-a9e9-2ecc9c116acb/value HTTP/1.1
User-Agent: selenium/4.1.1 (java windows)
Content-Length: 121
Content-Type: application/json; charset=utf-8
host: localhost:61800
accept: */*

Response DefaultHttpResponse(decodeResult: success, version: HTTP/1.1)
HTTP/1.1 200 OK
Content-Type: application/json; charset=utf-8
cache-control: no-cache
content-length: 14

17:52:50.089 [AsyncHttpClient-1-2] DEBUG o.a.netty.channel.ChannelManager - Adding key: http://localhost:61800 for channel [id: 0x4555661c, L:/127.0.0.1:57365 - R:localhost/127.0.0.1:61800]
17:52:50.099 [Forwarding screenshot on session 894a5667ed4874eae83f34446ccc6339 to remote] DEBUG o.a.netty.request.NettyRequestSender - Using pooled Channel '[id: 0x4555661c, L:/127.0.0.1:57365 - R:localhost/127.0.0.1:61800]' for 'GET' to 'http://localhost:61800/session/894a5667ed4874eae83f34446ccc6339/screenshot'
17:52:50.099 [Forwarding screenshot on session 894a5667ed4874eae83f34446ccc6339 to remote] DEBUG o.a.netty.request.NettyRequestSender - Using open Channel [id: 0x4555661c, L:/127.0.0.1:57365 - R:localhost/127.0.0.1:61800] for GET '/session/894a5667ed4874eae83f34446ccc6339/screenshot'
17:52:50.347 [AsyncHttpClient-1-2] DEBUG o.a.netty.handler.HttpHandler - 

Request DefaultFullHttpRequest(decodeResult: success, version: HTTP/1.1, content: EmptyByteBufBE)
GET /session/894a5667ed4874eae83f34446ccc6339/screenshot HTTP/1.1
User-Agent: selenium/4.1.1 (java windows)
Cache-Control: no-cache
Content-Type: application/json; charset=utf-8
host: localhost:61800
accept: */*

Response DefaultHttpResponse(decodeResult: success, version: HTTP/1.1)
HTTP/1.1 200 OK
Content-Type: application/json; charset=utf-8
cache-control: no-cache
content-length: 116056

17:52:50.347 [AsyncHttpClient-1-2] DEBUG o.a.netty.channel.ChannelManager - Adding key: http://localhost:61800 for channel [id: 0x4555661c, L:/127.0.0.1:57365 - R:localhost/127.0.0.1:61800]
17:52:50.347 [main] DEBUG n.s.core.photography.Darkroom - Send negative for processing for target\site\serenity\d1f852e3f282ed88feacf942ec4a1ddeb7547c456c6601575a44a5451384403b.png
17:52:50.347 [main] DEBUG n.t.core.steps.StepInterceptor - STEP DONE: {0} enters #theTextAsAString into #target
17:52:50.347 [Darkroom Processing Line] DEBUG n.s.c.p.DarkroomProcessingLine - Processing screenshot image in /var/screenshots/screenshot-18395907530315451416
17:52:50.347 [Darkroom Processing Line] DEBUG n.s.c.p.DarkroomProcessingLine - Saving screenshot to target\site\serenity\d1f852e3f282ed88feacf942ec4a1ddeb7547c456c6601575a44a5451384403b.png
17:52:50.347 [main] DEBUG n.t.core.steps.StepInterceptor - STARTING STEP: shopping.inputDetails - {0} enters #theTextAsAString into #target
17:52:50.347 [main] DEBUG n.s.s.targets.IFrameSwitcher - default content already selected for card_number
17:52:50.363 [Forwarding findElement on session 894a5667ed4874eae83f34446ccc6339 to remote] DEBUG o.a.netty.request.NettyRequestSender - Using pooled Channel '[id: 0x4555661c, L:/127.0.0.1:57365 - R:localhost/127.0.0.1:61800]' for 'POST' to 'http://localhost:61800/session/894a5667ed4874eae83f34446ccc6339/element'
17:52:50.363 [Forwarding findElement on session 894a5667ed4874eae83f34446ccc6339 to remote] DEBUG o.a.netty.request.NettyRequestSender - Using open Channel [id: 0x4555661c, L:/127.0.0.1:57365 - R:localhost/127.0.0.1:61800] for POST '/session/894a5667ed4874eae83f34446ccc6339/element'
17:52:50.363 [AsyncHttpClient-1-2] DEBUG o.a.netty.handler.HttpHandler - 

Request DefaultHttpRequest(decodeResult: success, version: HTTP/1.1)
POST /session/894a5667ed4874eae83f34446ccc6339/element HTTP/1.1
User-Agent: selenium/4.1.1 (java windows)
Content-Length: 99
Content-Type: application/json; charset=utf-8
host: localhost:61800
accept: */*

Response DefaultHttpResponse(decodeResult: success, version: HTTP/1.1)
HTTP/1.1 200 OK
Content-Type: application/json; charset=utf-8
cache-control: no-cache
content-length: 88

17:52:50.363 [AsyncHttpClient-1-2] DEBUG o.a.netty.channel.ChannelManager - Adding key: http://localhost:61800 for channel [id: 0x4555661c, L:/127.0.0.1:57365 - R:localhost/127.0.0.1:61800]
17:52:50.363 [Forwarding sendKeysToElement on session 894a5667ed4874eae83f34446ccc6339 to remote] DEBUG o.a.netty.request.NettyRequestSender - Using pooled Channel '[id: 0x4555661c, L:/127.0.0.1:57365 - R:localhost/127.0.0.1:61800]' for 'POST' to 'http://localhost:61800/session/894a5667ed4874eae83f34446ccc6339/element/6ee3ea01-c273-4bd9-a9e9-2ecc9c116acb/value'
17:52:50.363 [Forwarding sendKeysToElement on session 894a5667ed4874eae83f34446ccc6339 to remote] DEBUG o.a.netty.request.NettyRequestSender - Using open Channel [id: 0x4555661c, L:/127.0.0.1:57365 - R:localhost/127.0.0.1:61800] for POST '/session/894a5667ed4874eae83f34446ccc6339/element/6ee3ea01-c273-4bd9-a9e9-2ecc9c116acb/value'
17:52:50.403 [AsyncHttpClient-1-2] DEBUG o.a.netty.handler.HttpHandler - 

Request DefaultHttpRequest(decodeResult: success, version: HTTP/1.1)
POST /session/894a5667ed4874eae83f34446ccc6339/element/6ee3ea01-c273-4bd9-a9e9-2ecc9c116acb/value HTTP/1.1
User-Agent: selenium/4.1.1 (java windows)
Content-Length: 121
Content-Type: application/json; charset=utf-8
host: localhost:61800
accept: */*

Response DefaultHttpResponse(decodeResult: success, version: HTTP/1.1)
HTTP/1.1 200 OK
Content-Type: application/json; charset=utf-8
cache-control: no-cache
content-length: 14

17:52:50.403 [AsyncHttpClient-1-2] DEBUG o.a.netty.channel.ChannelManager - Adding key: http://localhost:61800 for channel [id: 0x4555661c, L:/127.0.0.1:57365 - R:localhost/127.0.0.1:61800]
17:52:50.411 [Forwarding screenshot on session 894a5667ed4874eae83f34446ccc6339 to remote] DEBUG o.a.netty.request.NettyRequestSender - Using pooled Channel '[id: 0x4555661c, L:/127.0.0.1:57365 - R:localhost/127.0.0.1:61800]' for 'GET' to 'http://localhost:61800/session/894a5667ed4874eae83f34446ccc6339/screenshot'
17:52:50.411 [Forwarding screenshot on session 894a5667ed4874eae83f34446ccc6339 to remote] DEBUG o.a.netty.request.NettyRequestSender - Using open Channel [id: 0x4555661c, L:/127.0.0.1:57365 - R:localhost/127.0.0.1:61800] for GET '/session/894a5667ed4874eae83f34446ccc6339/screenshot'
17:52:50.457 [AsyncHttpClient-1-1] DEBUG o.a.netty.channel.DefaultChannelPool - Entry count for : http://localhost:57366 : 1
17:52:50.563 [AsyncHttpClient-1-2] DEBUG o.a.netty.handler.HttpHandler - 

Request DefaultFullHttpRequest(decodeResult: success, version: HTTP/1.1, content: EmptyByteBufBE)
GET /session/894a5667ed4874eae83f34446ccc6339/screenshot HTTP/1.1
User-Agent: selenium/4.1.1 (java windows)
Cache-Control: no-cache
Content-Type: application/json; charset=utf-8
host: localhost:61800
accept: */*

Response DefaultHttpResponse(decodeResult: success, version: HTTP/1.1)
HTTP/1.1 200 OK
Content-Type: application/json; charset=utf-8
cache-control: no-cache
content-length: 116048

17:52:50.563 [AsyncHttpClient-1-2] DEBUG o.a.netty.channel.ChannelManager - Adding key: http://localhost:61800 for channel [id: 0x4555661c, L:/127.0.0.1:57365 - R:localhost/127.0.0.1:61800]
17:52:50.563 [main] DEBUG n.s.core.photography.Darkroom - Send negative for processing for target\site\serenity\2dda5a0d0b8e08413e0baf6c6bd5e9136e616c66d0f787483c0c9d834269430c.png
17:52:50.563 [main] DEBUG n.t.core.steps.StepInterceptor - STEP DONE: {0} enters #theTextAsAString into #target
17:52:50.563 [Darkroom Processing Line] DEBUG n.s.c.p.DarkroomProcessingLine - Processing screenshot image in /var/screenshots/screenshot-17751986398949974817
17:52:50.563 [Darkroom Processing Line] DEBUG n.s.c.p.DarkroomProcessingLine - Saving screenshot to target\site\serenity\2dda5a0d0b8e08413e0baf6c6bd5e9136e616c66d0f787483c0c9d834269430c.png
17:52:50.579 [main] DEBUG n.t.core.steps.StepInterceptor - STARTING STEP: shopping.inputDetails - {0} enters #theTextAsAString into #target
17:52:50.579 [main] DEBUG n.s.s.targets.IFrameSwitcher - default content already selected for cc-exp
17:52:50.579 [Forwarding findElement on session 894a5667ed4874eae83f34446ccc6339 to remote] DEBUG o.a.netty.request.NettyRequestSender - Using pooled Channel '[id: 0x4555661c, L:/127.0.0.1:57365 - R:localhost/127.0.0.1:61800]' for 'POST' to 'http://localhost:61800/session/894a5667ed4874eae83f34446ccc6339/element'
17:52:50.579 [Forwarding findElement on session 894a5667ed4874eae83f34446ccc6339 to remote] DEBUG o.a.netty.request.NettyRequestSender - Using open Channel [id: 0x4555661c, L:/127.0.0.1:57365 - R:localhost/127.0.0.1:61800] for POST '/session/894a5667ed4874eae83f34446ccc6339/element'
17:52:50.594 [AsyncHttpClient-1-2] DEBUG o.a.netty.handler.HttpHandler - 

Request DefaultHttpRequest(decodeResult: success, version: HTTP/1.1)
POST /session/894a5667ed4874eae83f34446ccc6339/element HTTP/1.1
User-Agent: selenium/4.1.1 (java windows)
Content-Length: 94
Content-Type: application/json; charset=utf-8
host: localhost:61800
accept: */*

Response DefaultHttpResponse(decodeResult: success, version: HTTP/1.1)
HTTP/1.1 200 OK
Content-Type: application/json; charset=utf-8
cache-control: no-cache
content-length: 88

17:52:50.594 [AsyncHttpClient-1-2] DEBUG o.a.netty.channel.ChannelManager - Adding key: http://localhost:61800 for channel [id: 0x4555661c, L:/127.0.0.1:57365 - R:localhost/127.0.0.1:61800]
17:52:50.594 [Forwarding sendKeysToElement on session 894a5667ed4874eae83f34446ccc6339 to remote] DEBUG o.a.netty.request.NettyRequestSender - Using pooled Channel '[id: 0x4555661c, L:/127.0.0.1:57365 - R:localhost/127.0.0.1:61800]' for 'POST' to 'http://localhost:61800/session/894a5667ed4874eae83f34446ccc6339/element/760370cb-ec41-4002-8d4a-5e0251aee3fc/value'
17:52:50.594 [Forwarding sendKeysToElement on session 894a5667ed4874eae83f34446ccc6339 to remote] DEBUG o.a.netty.request.NettyRequestSender - Using open Channel [id: 0x4555661c, L:/127.0.0.1:57365 - R:localhost/127.0.0.1:61800] for POST '/session/894a5667ed4874eae83f34446ccc6339/element/760370cb-ec41-4002-8d4a-5e0251aee3fc/value'
17:52:50.693 [AsyncHttpClient-1-2] DEBUG o.a.netty.handler.HttpHandler - 

Request DefaultHttpRequest(decodeResult: success, version: HTTP/1.1)
POST /session/894a5667ed4874eae83f34446ccc6339/element/760370cb-ec41-4002-8d4a-5e0251aee3fc/value HTTP/1.1
User-Agent: selenium/4.1.1 (java windows)
Content-Length: 101
Content-Type: application/json; charset=utf-8
host: localhost:61800
accept: */*

Response DefaultHttpResponse(decodeResult: success, version: HTTP/1.1)
HTTP/1.1 200 OK
Content-Type: application/json; charset=utf-8
cache-control: no-cache
content-length: 14

17:52:50.695 [AsyncHttpClient-1-2] DEBUG o.a.netty.channel.ChannelManager - Adding key: http://localhost:61800 for channel [id: 0x4555661c, L:/127.0.0.1:57365 - R:localhost/127.0.0.1:61800]
17:52:50.704 [Forwarding screenshot on session 894a5667ed4874eae83f34446ccc6339 to remote] DEBUG o.a.netty.request.NettyRequestSender - Using pooled Channel '[id: 0x4555661c, L:/127.0.0.1:57365 - R:localhost/127.0.0.1:61800]' for 'GET' to 'http://localhost:61800/session/894a5667ed4874eae83f34446ccc6339/screenshot'
17:52:50.704 [Forwarding screenshot on session 894a5667ed4874eae83f34446ccc6339 to remote] DEBUG o.a.netty.request.NettyRequestSender - Using open Channel [id: 0x4555661c, L:/127.0.0.1:57365 - R:localhost/127.0.0.1:61800] for GET '/session/894a5667ed4874eae83f34446ccc6339/screenshot'
17:52:50.958 [AsyncHttpClient-1-2] DEBUG o.a.netty.handler.HttpHandler - 

Request DefaultFullHttpRequest(decodeResult: success, version: HTTP/1.1, content: EmptyByteBufBE)
GET /session/894a5667ed4874eae83f34446ccc6339/screenshot HTTP/1.1
User-Agent: selenium/4.1.1 (java windows)
Cache-Control: no-cache
Content-Type: application/json; charset=utf-8
host: localhost:61800
accept: */*

Response DefaultHttpResponse(decodeResult: success, version: HTTP/1.1)
HTTP/1.1 200 OK
Content-Type: application/json; charset=utf-8
cache-control: no-cache
content-length: 116388

17:52:50.958 [AsyncHttpClient-1-2] DEBUG o.a.netty.channel.ChannelManager - Adding key: http://localhost:61800 for channel [id: 0x4555661c, L:/127.0.0.1:57365 - R:localhost/127.0.0.1:61800]
17:52:50.958 [main] DEBUG n.s.core.photography.Darkroom - Send negative for processing for target\site\serenity\537abca4bb9c8fe677c1da8fcce7fa25dc5a6afb2d6c5de03fb6189a0f85e962.png
17:52:50.958 [main] DEBUG n.t.core.steps.StepInterceptor - STEP DONE: {0} enters #theTextAsAString into #target
17:52:50.958 [Darkroom Processing Line] DEBUG n.s.c.p.DarkroomProcessingLine - Processing screenshot image in /var/screenshots/screenshot-10295292644314907271
17:52:50.958 [Darkroom Processing Line] DEBUG n.s.c.p.DarkroomProcessingLine - Saving screenshot to target\site\serenity\537abca4bb9c8fe677c1da8fcce7fa25dc5a6afb2d6c5de03fb6189a0f85e962.png
17:52:50.974 [main] DEBUG n.t.core.steps.StepInterceptor - STARTING STEP: shopping.inputDetails - {0} enters #theTextAsAString into #target
17:52:50.974 [main] DEBUG n.s.s.targets.IFrameSwitcher - default content already selected for cc-exp
17:52:50.974 [Forwarding findElement on session 894a5667ed4874eae83f34446ccc6339 to remote] DEBUG o.a.netty.request.NettyRequestSender - Using pooled Channel '[id: 0x4555661c, L:/127.0.0.1:57365 - R:localhost/127.0.0.1:61800]' for 'POST' to 'http://localhost:61800/session/894a5667ed4874eae83f34446ccc6339/element'
17:52:50.974 [Forwarding findElement on session 894a5667ed4874eae83f34446ccc6339 to remote] DEBUG o.a.netty.request.NettyRequestSender - Using open Channel [id: 0x4555661c, L:/127.0.0.1:57365 - R:localhost/127.0.0.1:61800] for POST '/session/894a5667ed4874eae83f34446ccc6339/element'
17:52:50.990 [AsyncHttpClient-1-2] DEBUG o.a.netty.handler.HttpHandler - 

Request DefaultHttpRequest(decodeResult: success, version: HTTP/1.1)
POST /session/894a5667ed4874eae83f34446ccc6339/element HTTP/1.1
User-Agent: selenium/4.1.1 (java windows)
Content-Length: 94
Content-Type: application/json; charset=utf-8
host: localhost:61800
accept: */*

Response DefaultHttpResponse(decodeResult: success, version: HTTP/1.1)
HTTP/1.1 200 OK
Content-Type: application/json; charset=utf-8
cache-control: no-cache
content-length: 88

17:52:50.990 [AsyncHttpClient-1-2] DEBUG o.a.netty.channel.ChannelManager - Adding key: http://localhost:61800 for channel [id: 0x4555661c, L:/127.0.0.1:57365 - R:localhost/127.0.0.1:61800]
17:52:50.990 [Forwarding sendKeysToElement on session 894a5667ed4874eae83f34446ccc6339 to remote] DEBUG o.a.netty.request.NettyRequestSender - Using pooled Channel '[id: 0x4555661c, L:/127.0.0.1:57365 - R:localhost/127.0.0.1:61800]' for 'POST' to 'http://localhost:61800/session/894a5667ed4874eae83f34446ccc6339/element/760370cb-ec41-4002-8d4a-5e0251aee3fc/value'
17:52:50.990 [Forwarding sendKeysToElement on session 894a5667ed4874eae83f34446ccc6339 to remote] DEBUG o.a.netty.request.NettyRequestSender - Using open Channel [id: 0x4555661c, L:/127.0.0.1:57365 - R:localhost/127.0.0.1:61800] for POST '/session/894a5667ed4874eae83f34446ccc6339/element/760370cb-ec41-4002-8d4a-5e0251aee3fc/value'
17:52:51.032 [AsyncHttpClient-1-2] DEBUG o.a.netty.handler.HttpHandler - 

Request DefaultHttpRequest(decodeResult: success, version: HTTP/1.1)
POST /session/894a5667ed4874eae83f34446ccc6339/element/760370cb-ec41-4002-8d4a-5e0251aee3fc/value HTTP/1.1
User-Agent: selenium/4.1.1 (java windows)
Content-Length: 121
Content-Type: application/json; charset=utf-8
host: localhost:61800
accept: */*

Response DefaultHttpResponse(decodeResult: success, version: HTTP/1.1)
HTTP/1.1 200 OK
Content-Type: application/json; charset=utf-8
cache-control: no-cache
content-length: 14

17:52:51.032 [AsyncHttpClient-1-2] DEBUG o.a.netty.channel.ChannelManager - Adding key: http://localhost:61800 for channel [id: 0x4555661c, L:/127.0.0.1:57365 - R:localhost/127.0.0.1:61800]
17:52:51.041 [Forwarding screenshot on session 894a5667ed4874eae83f34446ccc6339 to remote] DEBUG o.a.netty.request.NettyRequestSender - Using pooled Channel '[id: 0x4555661c, L:/127.0.0.1:57365 - R:localhost/127.0.0.1:61800]' for 'GET' to 'http://localhost:61800/session/894a5667ed4874eae83f34446ccc6339/screenshot'
17:52:51.041 [Forwarding screenshot on session 894a5667ed4874eae83f34446ccc6339 to remote] DEBUG o.a.netty.request.NettyRequestSender - Using open Channel [id: 0x4555661c, L:/127.0.0.1:57365 - R:localhost/127.0.0.1:61800] for GET '/session/894a5667ed4874eae83f34446ccc6339/screenshot'
17:52:51.208 [AsyncHttpClient-1-2] DEBUG o.a.netty.handler.HttpHandler - 

Request DefaultFullHttpRequest(decodeResult: success, version: HTTP/1.1, content: EmptyByteBufBE)
GET /session/894a5667ed4874eae83f34446ccc6339/screenshot HTTP/1.1
User-Agent: selenium/4.1.1 (java windows)
Cache-Control: no-cache
Content-Type: application/json; charset=utf-8
host: localhost:61800
accept: */*

Response DefaultHttpResponse(decodeResult: success, version: HTTP/1.1)
HTTP/1.1 200 OK
Content-Type: application/json; charset=utf-8
cache-control: no-cache
content-length: 117484

17:52:51.208 [AsyncHttpClient-1-2] DEBUG o.a.netty.channel.ChannelManager - Adding key: http://localhost:61800 for channel [id: 0x4555661c, L:/127.0.0.1:57365 - R:localhost/127.0.0.1:61800]
17:52:51.224 [main] DEBUG n.s.core.photography.Darkroom - Send negative for processing for target\site\serenity\f07bae1af5557c018c1341fbe22f7df8684c18130c25c5ddabb7d890755c518f.png
17:52:51.224 [main] DEBUG n.t.core.steps.StepInterceptor - STEP DONE: {0} enters #theTextAsAString into #target
17:52:51.224 [Darkroom Processing Line] DEBUG n.s.c.p.DarkroomProcessingLine - Processing screenshot image in /var/screenshots/screenshot-11338751592590647447
17:52:51.224 [Darkroom Processing Line] DEBUG n.s.c.p.DarkroomProcessingLine - Saving screenshot to target\site\serenity\f07bae1af5557c018c1341fbe22f7df8684c18130c25c5ddabb7d890755c518f.png
17:52:51.224 [main] DEBUG n.t.core.steps.StepInterceptor - STARTING STEP: shopping.inputDetails - {0} enters #theTextAsAString into #target
17:52:51.256 [main] DEBUG n.s.s.targets.IFrameSwitcher - default content already selected for cc-csc
17:52:51.257 [Forwarding findElement on session 894a5667ed4874eae83f34446ccc6339 to remote] DEBUG o.a.netty.request.NettyRequestSender - Using pooled Channel '[id: 0x4555661c, L:/127.0.0.1:57365 - R:localhost/127.0.0.1:61800]' for 'POST' to 'http://localhost:61800/session/894a5667ed4874eae83f34446ccc6339/element'
17:52:51.257 [Forwarding findElement on session 894a5667ed4874eae83f34446ccc6339 to remote] DEBUG o.a.netty.request.NettyRequestSender - Using open Channel [id: 0x4555661c, L:/127.0.0.1:57365 - R:localhost/127.0.0.1:61800] for POST '/session/894a5667ed4874eae83f34446ccc6339/element'
17:52:51.272 [AsyncHttpClient-1-2] DEBUG o.a.netty.handler.HttpHandler - 

Request DefaultHttpRequest(decodeResult: success, version: HTTP/1.1)
POST /session/894a5667ed4874eae83f34446ccc6339/element HTTP/1.1
User-Agent: selenium/4.1.1 (java windows)
Content-Length: 94
Content-Type: application/json; charset=utf-8
host: localhost:61800
accept: */*

Response DefaultHttpResponse(decodeResult: success, version: HTTP/1.1)
HTTP/1.1 200 OK
Content-Type: application/json; charset=utf-8
cache-control: no-cache
content-length: 88

17:52:51.272 [AsyncHttpClient-1-2] DEBUG o.a.netty.channel.ChannelManager - Adding key: http://localhost:61800 for channel [id: 0x4555661c, L:/127.0.0.1:57365 - R:localhost/127.0.0.1:61800]
17:52:51.272 [Forwarding sendKeysToElement on session 894a5667ed4874eae83f34446ccc6339 to remote] DEBUG o.a.netty.request.NettyRequestSender - Using pooled Channel '[id: 0x4555661c, L:/127.0.0.1:57365 - R:localhost/127.0.0.1:61800]' for 'POST' to 'http://localhost:61800/session/894a5667ed4874eae83f34446ccc6339/element/48991485-3fda-47b8-a3fd-1b19af71f736/value'
17:52:51.272 [Forwarding sendKeysToElement on session 894a5667ed4874eae83f34446ccc6339 to remote] DEBUG o.a.netty.request.NettyRequestSender - Using open Channel [id: 0x4555661c, L:/127.0.0.1:57365 - R:localhost/127.0.0.1:61800] for POST '/session/894a5667ed4874eae83f34446ccc6339/element/48991485-3fda-47b8-a3fd-1b19af71f736/value'
17:52:51.361 [AsyncHttpClient-1-2] DEBUG o.a.netty.handler.HttpHandler - 

Request DefaultHttpRequest(decodeResult: success, version: HTTP/1.1)
POST /session/894a5667ed4874eae83f34446ccc6339/element/48991485-3fda-47b8-a3fd-1b19af71f736/value HTTP/1.1
User-Agent: selenium/4.1.1 (java windows)
Content-Length: 111
Content-Type: application/json; charset=utf-8
host: localhost:61800
accept: */*

Response DefaultHttpResponse(decodeResult: success, version: HTTP/1.1)
HTTP/1.1 200 OK
Content-Type: application/json; charset=utf-8
cache-control: no-cache
content-length: 14

17:52:51.361 [AsyncHttpClient-1-2] DEBUG o.a.netty.channel.ChannelManager - Adding key: http://localhost:61800 for channel [id: 0x4555661c, L:/127.0.0.1:57365 - R:localhost/127.0.0.1:61800]
17:52:51.377 [Forwarding screenshot on session 894a5667ed4874eae83f34446ccc6339 to remote] DEBUG o.a.netty.request.NettyRequestSender - Using pooled Channel '[id: 0x4555661c, L:/127.0.0.1:57365 - R:localhost/127.0.0.1:61800]' for 'GET' to 'http://localhost:61800/session/894a5667ed4874eae83f34446ccc6339/screenshot'
17:52:51.377 [Forwarding screenshot on session 894a5667ed4874eae83f34446ccc6339 to remote] DEBUG o.a.netty.request.NettyRequestSender - Using open Channel [id: 0x4555661c, L:/127.0.0.1:57365 - R:localhost/127.0.0.1:61800] for GET '/session/894a5667ed4874eae83f34446ccc6339/screenshot'
17:52:51.561 [AsyncHttpClient-1-1] DEBUG o.a.netty.channel.DefaultChannelPool - Entry count for : http://localhost:57366 : 1
17:52:51.592 [AsyncHttpClient-1-2] DEBUG o.a.netty.handler.HttpHandler - 

Request DefaultFullHttpRequest(decodeResult: success, version: HTTP/1.1, content: EmptyByteBufBE)
GET /session/894a5667ed4874eae83f34446ccc6339/screenshot HTTP/1.1
User-Agent: selenium/4.1.1 (java windows)
Cache-Control: no-cache
Content-Type: application/json; charset=utf-8
host: localhost:61800
accept: */*

Response DefaultHttpResponse(decodeResult: success, version: HTTP/1.1)
HTTP/1.1 200 OK
Content-Type: application/json; charset=utf-8
cache-control: no-cache
content-length: 118040

17:52:51.592 [AsyncHttpClient-1-2] DEBUG o.a.netty.channel.ChannelManager - Adding key: http://localhost:61800 for channel [id: 0x4555661c, L:/127.0.0.1:57365 - R:localhost/127.0.0.1:61800]
17:52:51.608 [main] DEBUG n.s.core.photography.Darkroom - Send negative for processing for target\site\serenity\58aed232802631ca840a38ee909321659a3019d6f4e4ae5e35de0d8ba3e51b1c.png
17:52:51.608 [main] DEBUG n.t.core.steps.StepInterceptor - STEP DONE: {0} enters #theTextAsAString into #target
17:52:51.608 [Darkroom Processing Line] DEBUG n.s.c.p.DarkroomProcessingLine - Processing screenshot image in /var/screenshots/screenshot-3566432188926875286
17:52:51.608 [Darkroom Processing Line] DEBUG n.s.c.p.DarkroomProcessingLine - Saving screenshot to target\site\serenity\58aed232802631ca840a38ee909321659a3019d6f4e4ae5e35de0d8ba3e51b1c.png
17:52:51.608 [main] DEBUG n.t.core.steps.StepInterceptor - STARTING STEP: shopping.inputDetails - {0} enters #theTextAsAString into #target
17:52:51.608 [main] DEBUG n.s.s.targets.IFrameSwitcher - default content already selected for postal-code
17:52:51.608 [Forwarding findElement on session 894a5667ed4874eae83f34446ccc6339 to remote] DEBUG o.a.netty.request.NettyRequestSender - Using pooled Channel '[id: 0x4555661c, L:/127.0.0.1:57365 - R:localhost/127.0.0.1:61800]' for 'POST' to 'http://localhost:61800/session/894a5667ed4874eae83f34446ccc6339/element'
17:52:51.608 [Forwarding findElement on session 894a5667ed4874eae83f34446ccc6339 to remote] DEBUG o.a.netty.request.NettyRequestSender - Using open Channel [id: 0x4555661c, L:/127.0.0.1:57365 - R:localhost/127.0.0.1:61800] for POST '/session/894a5667ed4874eae83f34446ccc6339/element'
17:52:51.639 [AsyncHttpClient-1-2] DEBUG o.a.netty.handler.HttpHandler - 

Request DefaultHttpRequest(decodeResult: success, version: HTTP/1.1)
POST /session/894a5667ed4874eae83f34446ccc6339/element HTTP/1.1
User-Agent: selenium/4.1.1 (java windows)
Content-Length: 87
Content-Type: application/json; charset=utf-8
host: localhost:61800
accept: */*

Response DefaultHttpResponse(decodeResult: success, version: HTTP/1.1)
HTTP/1.1 200 OK
Content-Type: application/json; charset=utf-8
cache-control: no-cache
content-length: 88

17:52:51.639 [AsyncHttpClient-1-2] DEBUG o.a.netty.channel.ChannelManager - Adding key: http://localhost:61800 for channel [id: 0x4555661c, L:/127.0.0.1:57365 - R:localhost/127.0.0.1:61800]
17:52:51.639 [Forwarding sendKeysToElement on session 894a5667ed4874eae83f34446ccc6339 to remote] DEBUG o.a.netty.request.NettyRequestSender - Using pooled Channel '[id: 0x4555661c, L:/127.0.0.1:57365 - R:localhost/127.0.0.1:61800]' for 'POST' to 'http://localhost:61800/session/894a5667ed4874eae83f34446ccc6339/element/866e5a90-87ee-42a0-a98d-916830d6c8e8/value'
17:52:51.639 [Forwarding sendKeysToElement on session 894a5667ed4874eae83f34446ccc6339 to remote] DEBUG o.a.netty.request.NettyRequestSender - Using open Channel [id: 0x4555661c, L:/127.0.0.1:57365 - R:localhost/127.0.0.1:61800] for POST '/session/894a5667ed4874eae83f34446ccc6339/element/866e5a90-87ee-42a0-a98d-916830d6c8e8/value'
17:52:51.720 [AsyncHttpClient-1-2] DEBUG o.a.netty.handler.HttpHandler - 

Request DefaultHttpRequest(decodeResult: success, version: HTTP/1.1)
POST /session/894a5667ed4874eae83f34446ccc6339/element/866e5a90-87ee-42a0-a98d-916830d6c8e8/value HTTP/1.1
User-Agent: selenium/4.1.1 (java windows)
Content-Length: 131
Content-Type: application/json; charset=utf-8
host: localhost:61800
accept: */*

Response DefaultHttpResponse(decodeResult: success, version: HTTP/1.1)
HTTP/1.1 200 OK
Content-Type: application/json; charset=utf-8
cache-control: no-cache
content-length: 14

17:52:51.721 [AsyncHttpClient-1-2] DEBUG o.a.netty.channel.ChannelManager - Adding key: http://localhost:61800 for channel [id: 0x4555661c, L:/127.0.0.1:57365 - R:localhost/127.0.0.1:61800]
17:52:51.731 [Forwarding screenshot on session 894a5667ed4874eae83f34446ccc6339 to remote] DEBUG o.a.netty.request.NettyRequestSender - Using pooled Channel '[id: 0x4555661c, L:/127.0.0.1:57365 - R:localhost/127.0.0.1:61800]' for 'GET' to 'http://localhost:61800/session/894a5667ed4874eae83f34446ccc6339/screenshot'
17:52:51.731 [Forwarding screenshot on session 894a5667ed4874eae83f34446ccc6339 to remote] DEBUG o.a.netty.request.NettyRequestSender - Using open Channel [id: 0x4555661c, L:/127.0.0.1:57365 - R:localhost/127.0.0.1:61800] for GET '/session/894a5667ed4874eae83f34446ccc6339/screenshot'
17:52:51.928 [AsyncHttpClient-1-2] DEBUG o.a.netty.handler.HttpHandler - 

Request DefaultFullHttpRequest(decodeResult: success, version: HTTP/1.1, content: EmptyByteBufBE)
GET /session/894a5667ed4874eae83f34446ccc6339/screenshot HTTP/1.1
User-Agent: selenium/4.1.1 (java windows)
Cache-Control: no-cache
Content-Type: application/json; charset=utf-8
host: localhost:61800
accept: */*

Response DefaultHttpResponse(decodeResult: success, version: HTTP/1.1)
HTTP/1.1 200 OK
Content-Type: application/json; charset=utf-8
cache-control: no-cache
content-length: 116128

17:52:51.928 [AsyncHttpClient-1-2] DEBUG o.a.netty.channel.ChannelManager - Adding key: http://localhost:61800 for channel [id: 0x4555661c, L:/127.0.0.1:57365 - R:localhost/127.0.0.1:61800]
17:52:51.932 [main] DEBUG n.s.core.photography.Darkroom - Send negative for processing for target\site\serenity\28574cf16c61b541e37b54533696db72d66c77fbd57b0df5efa1c86d2f987d94.png
17:52:51.932 [main] DEBUG n.t.core.steps.StepInterceptor - STEP DONE: {0} enters #theTextAsAString into #target
17:52:51.932 [Darkroom Processing Line] DEBUG n.s.c.p.DarkroomProcessingLine - Processing screenshot image in /var/screenshots/screenshot-17247277690982548233
17:52:51.933 [Darkroom Processing Line] DEBUG n.s.c.p.DarkroomProcessingLine - Saving screenshot to target\site\serenity\28574cf16c61b541e37b54533696db72d66c77fbd57b0df5efa1c86d2f987d94.png
17:52:51.941 [main] DEBUG n.t.core.steps.StepInterceptor - STARTING STEP: shopping.inputDetails - {0} clicks on #target
17:52:51.941 [main] DEBUG n.s.s.targets.IFrameSwitcher - default content already selected for button
17:52:51.945 [Forwarding findElement on session 894a5667ed4874eae83f34446ccc6339 to remote] DEBUG o.a.netty.request.NettyRequestSender - Using pooled Channel '[id: 0x4555661c, L:/127.0.0.1:57365 - R:localhost/127.0.0.1:61800]' for 'POST' to 'http://localhost:61800/session/894a5667ed4874eae83f34446ccc6339/element'
17:52:51.946 [Forwarding findElement on session 894a5667ed4874eae83f34446ccc6339 to remote] DEBUG o.a.netty.request.NettyRequestSender - Using open Channel [id: 0x4555661c, L:/127.0.0.1:57365 - R:localhost/127.0.0.1:61800] for POST '/session/894a5667ed4874eae83f34446ccc6339/element'
17:52:51.957 [AsyncHttpClient-1-2] DEBUG o.a.netty.handler.HttpHandler - 

Request DefaultHttpRequest(decodeResult: success, version: HTTP/1.1)
POST /session/894a5667ed4874eae83f34446ccc6339/element HTTP/1.1
User-Agent: selenium/4.1.1 (java windows)
Content-Length: 91
Content-Type: application/json; charset=utf-8
host: localhost:61800
accept: */*

Response DefaultHttpResponse(decodeResult: success, version: HTTP/1.1)
HTTP/1.1 200 OK
Content-Type: application/json; charset=utf-8
cache-control: no-cache
content-length: 88

17:52:51.957 [AsyncHttpClient-1-2] DEBUG o.a.netty.channel.ChannelManager - Adding key: http://localhost:61800 for channel [id: 0x4555661c, L:/127.0.0.1:57365 - R:localhost/127.0.0.1:61800]
17:52:51.962 [Forwarding isElementDisplayed on session 894a5667ed4874eae83f34446ccc6339 to remote] DEBUG o.a.netty.request.NettyRequestSender - Using pooled Channel '[id: 0x4555661c, L:/127.0.0.1:57365 - R:localhost/127.0.0.1:61800]' for 'POST' to 'http://localhost:61800/session/894a5667ed4874eae83f34446ccc6339/execute/sync'
17:52:51.962 [Forwarding isElementDisplayed on session 894a5667ed4874eae83f34446ccc6339 to remote] DEBUG o.a.netty.request.NettyRequestSender - Using open Channel [id: 0x4555661c, L:/127.0.0.1:57365 - R:localhost/127.0.0.1:61800] for POST '/session/894a5667ed4874eae83f34446ccc6339/execute/sync'
17:52:51.975 [AsyncHttpClient-1-2] DEBUG o.a.netty.handler.HttpHandler - 

Request DefaultHttpRequest(decodeResult: success, version: HTTP/1.1)
POST /session/894a5667ed4874eae83f34446ccc6339/execute/sync HTTP/1.1
User-Agent: selenium/4.1.1 (java windows)
Content-Length: 48780
Content-Type: application/json; charset=utf-8
host: localhost:61800
accept: */*

Response DefaultHttpResponse(decodeResult: success, version: HTTP/1.1)
HTTP/1.1 200 OK
Content-Type: application/json; charset=utf-8
cache-control: no-cache
content-length: 14

17:52:51.975 [AsyncHttpClient-1-2] DEBUG o.a.netty.channel.ChannelManager - Adding key: http://localhost:61800 for channel [id: 0x4555661c, L:/127.0.0.1:57365 - R:localhost/127.0.0.1:61800]
17:52:51.977 [Forwarding findElement on session 894a5667ed4874eae83f34446ccc6339 to remote] DEBUG o.a.netty.request.NettyRequestSender - Using pooled Channel '[id: 0x4555661c, L:/127.0.0.1:57365 - R:localhost/127.0.0.1:61800]' for 'POST' to 'http://localhost:61800/session/894a5667ed4874eae83f34446ccc6339/element'
17:52:51.977 [Forwarding findElement on session 894a5667ed4874eae83f34446ccc6339 to remote] DEBUG o.a.netty.request.NettyRequestSender - Using open Channel [id: 0x4555661c, L:/127.0.0.1:57365 - R:localhost/127.0.0.1:61800] for POST '/session/894a5667ed4874eae83f34446ccc6339/element'
17:52:51.984 [AsyncHttpClient-1-2] DEBUG o.a.netty.handler.HttpHandler - 

Request DefaultHttpRequest(decodeResult: success, version: HTTP/1.1)
POST /session/894a5667ed4874eae83f34446ccc6339/element HTTP/1.1
User-Agent: selenium/4.1.1 (java windows)
Content-Length: 91
Content-Type: application/json; charset=utf-8
host: localhost:61800
accept: */*

Response DefaultHttpResponse(decodeResult: success, version: HTTP/1.1)
HTTP/1.1 200 OK
Content-Type: application/json; charset=utf-8
cache-control: no-cache
content-length: 88

17:52:51.984 [AsyncHttpClient-1-2] DEBUG o.a.netty.channel.ChannelManager - Adding key: http://localhost:61800 for channel [id: 0x4555661c, L:/127.0.0.1:57365 - R:localhost/127.0.0.1:61800]
17:52:51.986 [Forwarding clickElement on session 894a5667ed4874eae83f34446ccc6339 to remote] DEBUG o.a.netty.request.NettyRequestSender - Using pooled Channel '[id: 0x4555661c, L:/127.0.0.1:57365 - R:localhost/127.0.0.1:61800]' for 'POST' to 'http://localhost:61800/session/894a5667ed4874eae83f34446ccc6339/element/16284a9f-6c44-4164-8f60-e570da73ef06/click'
17:52:51.986 [Forwarding clickElement on session 894a5667ed4874eae83f34446ccc6339 to remote] DEBUG o.a.netty.request.NettyRequestSender - Using open Channel [id: 0x4555661c, L:/127.0.0.1:57365 - R:localhost/127.0.0.1:61800] for POST '/session/894a5667ed4874eae83f34446ccc6339/element/16284a9f-6c44-4164-8f60-e570da73ef06/click'
17:52:52.067 [AsyncHttpClient-1-2] DEBUG o.a.netty.handler.HttpHandler - 

Request DefaultHttpRequest(decodeResult: success, version: HTTP/1.1)
POST /session/894a5667ed4874eae83f34446ccc6339/element/16284a9f-6c44-4164-8f60-e570da73ef06/click HTTP/1.1
User-Agent: selenium/4.1.1 (java windows)
Content-Length: 50
Content-Type: application/json; charset=utf-8
host: localhost:61800
accept: */*

Response DefaultHttpResponse(decodeResult: success, version: HTTP/1.1)
HTTP/1.1 200 OK
Content-Type: application/json; charset=utf-8
cache-control: no-cache
content-length: 14

17:52:52.068 [AsyncHttpClient-1-2] DEBUG o.a.netty.channel.ChannelManager - Adding key: http://localhost:61800 for channel [id: 0x4555661c, L:/127.0.0.1:57365 - R:localhost/127.0.0.1:61800]
17:52:52.090 [Forwarding screenshot on session 894a5667ed4874eae83f34446ccc6339 to remote] DEBUG o.a.netty.request.NettyRequestSender - Using pooled Channel '[id: 0x4555661c, L:/127.0.0.1:57365 - R:localhost/127.0.0.1:61800]' for 'GET' to 'http://localhost:61800/session/894a5667ed4874eae83f34446ccc6339/screenshot'
17:52:52.090 [Forwarding screenshot on session 894a5667ed4874eae83f34446ccc6339 to remote] DEBUG o.a.netty.request.NettyRequestSender - Using open Channel [id: 0x4555661c, L:/127.0.0.1:57365 - R:localhost/127.0.0.1:61800] for GET '/session/894a5667ed4874eae83f34446ccc6339/screenshot'
17:52:52.341 [AsyncHttpClient-1-2] DEBUG o.a.netty.handler.HttpHandler - 

Request DefaultFullHttpRequest(decodeResult: success, version: HTTP/1.1, content: EmptyByteBufBE)
GET /session/894a5667ed4874eae83f34446ccc6339/screenshot HTTP/1.1
User-Agent: selenium/4.1.1 (java windows)
Cache-Control: no-cache
Content-Type: application/json; charset=utf-8
host: localhost:61800
accept: */*

Response DefaultHttpResponse(decodeResult: success, version: HTTP/1.1)
HTTP/1.1 200 OK
Content-Type: application/json; charset=utf-8
cache-control: no-cache
content-length: 115816

17:52:52.342 [AsyncHttpClient-1-2] DEBUG o.a.netty.channel.ChannelManager - Adding key: http://localhost:61800 for channel [id: 0x4555661c, L:/127.0.0.1:57365 - R:localhost/127.0.0.1:61800]
17:52:52.348 [main] DEBUG n.s.core.photography.Darkroom - Send negative for processing for target\site\serenity\0e05fb3c405b2c46b226509be6aab3876b7a53aaa87155bc37256dedae45aeab.png
17:52:52.349 [main] DEBUG n.t.core.steps.StepInterceptor - STEP DONE: {0} clicks on #target
17:52:52.350 [Darkroom Processing Line] DEBUG n.s.c.p.DarkroomProcessingLine - Processing screenshot image in /var/screenshots/screenshot-10119992358806577497
17:52:52.350 [Darkroom Processing Line] DEBUG n.s.c.p.DarkroomProcessingLine - Saving screenshot to target\site\serenity\0e05fb3c405b2c46b226509be6aab3876b7a53aaa87155bc37256dedae45aeab.png
17:52:52.352 [Forwarding switchToFrame on session 894a5667ed4874eae83f34446ccc6339 to remote] DEBUG o.a.netty.request.NettyRequestSender - Using pooled Channel '[id: 0x4555661c, L:/127.0.0.1:57365 - R:localhost/127.0.0.1:61800]' for 'POST' to 'http://localhost:61800/session/894a5667ed4874eae83f34446ccc6339/frame'
17:52:52.352 [Forwarding switchToFrame on session 894a5667ed4874eae83f34446ccc6339 to remote] DEBUG o.a.netty.request.NettyRequestSender - Using open Channel [id: 0x4555661c, L:/127.0.0.1:57365 - R:localhost/127.0.0.1:61800] for POST '/session/894a5667ed4874eae83f34446ccc6339/frame'
17:52:52.355 [AsyncHttpClient-1-2] DEBUG o.a.netty.handler.HttpHandler - 

Request DefaultHttpRequest(decodeResult: success, version: HTTP/1.1)
POST /session/894a5667ed4874eae83f34446ccc6339/frame HTTP/1.1
User-Agent: selenium/4.1.1 (java windows)
Content-Length: 16
Content-Type: application/json; charset=utf-8
host: localhost:61800
accept: */*

Response DefaultHttpResponse(decodeResult: success, version: HTTP/1.1)
HTTP/1.1 200 OK
Content-Type: application/json; charset=utf-8
cache-control: no-cache
content-length: 14

17:52:52.355 [AsyncHttpClient-1-2] DEBUG o.a.netty.channel.ChannelManager - Adding key: http://localhost:61800 for channel [id: 0x4555661c, L:/127.0.0.1:57365 - R:localhost/127.0.0.1:61800]
17:52:52.364 [main] DEBUG n.t.core.steps.StepInterceptor - STEP DONE: !#title
17:52:52.419 [Forwarding screenshot on session 894a5667ed4874eae83f34446ccc6339 to remote] DEBUG o.a.netty.request.NettyRequestSender - Using pooled Channel '[id: 0x4555661c, L:/127.0.0.1:57365 - R:localhost/127.0.0.1:61800]' for 'GET' to 'http://localhost:61800/session/894a5667ed4874eae83f34446ccc6339/screenshot'
17:52:52.419 [Forwarding screenshot on session 894a5667ed4874eae83f34446ccc6339 to remote] DEBUG o.a.netty.request.NettyRequestSender - Using open Channel [id: 0x4555661c, L:/127.0.0.1:57365 - R:localhost/127.0.0.1:61800] for GET '/session/894a5667ed4874eae83f34446ccc6339/screenshot'
17:52:52.629 [AsyncHttpClient-1-2] DEBUG o.a.netty.handler.HttpHandler - 

Request DefaultFullHttpRequest(decodeResult: success, version: HTTP/1.1, content: EmptyByteBufBE)
GET /session/894a5667ed4874eae83f34446ccc6339/screenshot HTTP/1.1
User-Agent: selenium/4.1.1 (java windows)
Cache-Control: no-cache
Content-Type: application/json; charset=utf-8
host: localhost:61800
accept: */*

Response DefaultHttpResponse(decodeResult: success, version: HTTP/1.1)
HTTP/1.1 200 OK
Content-Type: application/json; charset=utf-8
cache-control: no-cache
content-length: 109464

17:52:52.630 [AsyncHttpClient-1-2] DEBUG o.a.netty.channel.ChannelManager - Adding key: http://localhost:61800 for channel [id: 0x4555661c, L:/127.0.0.1:57365 - R:localhost/127.0.0.1:61800]
17:52:52.634 [main] DEBUG n.s.core.photography.Darkroom - Send negative for processing for target\site\serenity\f2e49978f49f667e9e4d470ffa6b47dc7026dcc1aa3799bbee19df1d0b55a462.png
17:52:52.634 [Darkroom Processing Line] DEBUG n.s.c.p.DarkroomProcessingLine - Processing screenshot image in /var/screenshots/screenshot-101692840123383494
17:52:52.634 [main] DEBUG n.t.core.steps.StepInterceptor - STARTING STEP: shopping.paymentShouldBeSuccessful - !#title
17:52:52.634 [Darkroom Processing Line] DEBUG n.s.c.p.DarkroomProcessingLine - Saving screenshot to target\site\serenity\f2e49978f49f667e9e4d470ffa6b47dc7026dcc1aa3799bbee19df1d0b55a462.png
17:52:52.641 [main] DEBUG n.s.s.targets.IFrameSwitcher - default content already selected for h2
17:52:52.647 [Forwarding findElement on session 894a5667ed4874eae83f34446ccc6339 to remote] DEBUG o.a.netty.request.NettyRequestSender - Using pooled Channel '[id: 0x4555661c, L:/127.0.0.1:57365 - R:localhost/127.0.0.1:61800]' for 'POST' to 'http://localhost:61800/session/894a5667ed4874eae83f34446ccc6339/element'
17:52:52.647 [Forwarding findElement on session 894a5667ed4874eae83f34446ccc6339 to remote] DEBUG o.a.netty.request.NettyRequestSender - Using open Channel [id: 0x4555661c, L:/127.0.0.1:57365 - R:localhost/127.0.0.1:61800] for POST '/session/894a5667ed4874eae83f34446ccc6339/element'
17:52:52.661 [AsyncHttpClient-1-1] DEBUG o.a.netty.channel.DefaultChannelPool - Entry count for : http://localhost:57366 : 1
17:52:53.757 [AsyncHttpClient-1-1] DEBUG o.a.netty.channel.DefaultChannelPool - Entry count for : http://localhost:57366 : 1
17:52:54.658 [AsyncHttpClient-1-2] DEBUG o.a.netty.handler.HttpHandler - 

Request DefaultHttpRequest(decodeResult: success, version: HTTP/1.1)
POST /session/894a5667ed4874eae83f34446ccc6339/element HTTP/1.1
User-Agent: selenium/4.1.1 (java windows)
Content-Length: 87
Content-Type: application/json; charset=utf-8
host: localhost:61800
accept: */*

Response DefaultHttpResponse(decodeResult: success, version: HTTP/1.1)
HTTP/1.1 404 Not Found
Content-Type: application/json; charset=utf-8
cache-control: no-cache
content-length: 1048

17:52:54.658 [AsyncHttpClient-1-2] DEBUG o.a.netty.channel.ChannelManager - Adding key: http://localhost:61800 for channel [id: 0x4555661c, L:/127.0.0.1:57365 - R:localhost/127.0.0.1:61800]
17:52:54.673 [Forwarding findElement on session 894a5667ed4874eae83f34446ccc6339 to remote] DEBUG o.a.netty.request.NettyRequestSender - Using pooled Channel '[id: 0x4555661c, L:/127.0.0.1:57365 - R:localhost/127.0.0.1:61800]' for 'POST' to 'http://localhost:61800/session/894a5667ed4874eae83f34446ccc6339/element'
17:52:54.673 [Forwarding findElement on session 894a5667ed4874eae83f34446ccc6339 to remote] DEBUG o.a.netty.request.NettyRequestSender - Using open Channel [id: 0x4555661c, L:/127.0.0.1:57365 - R:localhost/127.0.0.1:61800] for POST '/session/894a5667ed4874eae83f34446ccc6339/element'
17:52:54.861 [AsyncHttpClient-1-1] DEBUG o.a.netty.channel.DefaultChannelPool - Entry count for : http://localhost:57366 : 1
17:52:55.959 [AsyncHttpClient-1-1] DEBUG o.a.netty.channel.DefaultChannelPool - Entry count for : http://localhost:57366 : 1
17:52:56.470 [AsyncHttpClient-1-2] DEBUG o.a.netty.handler.HttpHandler - 

Request DefaultHttpRequest(decodeResult: success, version: HTTP/1.1)
POST /session/894a5667ed4874eae83f34446ccc6339/element HTTP/1.1
User-Agent: selenium/4.1.1 (java windows)
Content-Length: 87
Content-Type: application/json; charset=utf-8
host: localhost:61800
accept: */*

Response DefaultHttpResponse(decodeResult: success, version: HTTP/1.1)
HTTP/1.1 200 OK
Content-Type: application/json; charset=utf-8
cache-control: no-cache
content-length: 88

17:52:56.470 [AsyncHttpClient-1-2] DEBUG o.a.netty.channel.ChannelManager - Adding key: http://localhost:61800 for channel [id: 0x4555661c, L:/127.0.0.1:57365 - R:localhost/127.0.0.1:61800]
17:52:56.478 [Forwarding isElementDisplayed on session 894a5667ed4874eae83f34446ccc6339 to remote] DEBUG o.a.netty.request.NettyRequestSender - Using pooled Channel '[id: 0x4555661c, L:/127.0.0.1:57365 - R:localhost/127.0.0.1:61800]' for 'POST' to 'http://localhost:61800/session/894a5667ed4874eae83f34446ccc6339/execute/sync'
17:52:56.478 [Forwarding isElementDisplayed on session 894a5667ed4874eae83f34446ccc6339 to remote] DEBUG o.a.netty.request.NettyRequestSender - Using open Channel [id: 0x4555661c, L:/127.0.0.1:57365 - R:localhost/127.0.0.1:61800] for POST '/session/894a5667ed4874eae83f34446ccc6339/execute/sync'
17:52:56.490 [AsyncHttpClient-1-2] DEBUG o.a.netty.handler.HttpHandler - 

Request DefaultHttpRequest(decodeResult: success, version: HTTP/1.1)
POST /session/894a5667ed4874eae83f34446ccc6339/execute/sync HTTP/1.1
User-Agent: selenium/4.1.1 (java windows)
Content-Length: 48780
Content-Type: application/json; charset=utf-8
host: localhost:61800
accept: */*

Response DefaultHttpResponse(decodeResult: success, version: HTTP/1.1)
HTTP/1.1 200 OK
Content-Type: application/json; charset=utf-8
cache-control: no-cache
content-length: 14

17:52:56.490 [AsyncHttpClient-1-2] DEBUG o.a.netty.channel.ChannelManager - Adding key: http://localhost:61800 for channel [id: 0x4555661c, L:/127.0.0.1:57365 - R:localhost/127.0.0.1:61800]
17:52:56.494 [Forwarding isElementDisplayed on session 894a5667ed4874eae83f34446ccc6339 to remote] DEBUG o.a.netty.request.NettyRequestSender - Using pooled Channel '[id: 0x4555661c, L:/127.0.0.1:57365 - R:localhost/127.0.0.1:61800]' for 'POST' to 'http://localhost:61800/session/894a5667ed4874eae83f34446ccc6339/execute/sync'
17:52:56.494 [Forwarding isElementDisplayed on session 894a5667ed4874eae83f34446ccc6339 to remote] DEBUG o.a.netty.request.NettyRequestSender - Using open Channel [id: 0x4555661c, L:/127.0.0.1:57365 - R:localhost/127.0.0.1:61800] for POST '/session/894a5667ed4874eae83f34446ccc6339/execute/sync'
17:52:56.504 [AsyncHttpClient-1-2] DEBUG o.a.netty.handler.HttpHandler - 

Request DefaultHttpRequest(decodeResult: success, version: HTTP/1.1)
POST /session/894a5667ed4874eae83f34446ccc6339/execute/sync HTTP/1.1
User-Agent: selenium/4.1.1 (java windows)
Content-Length: 48780
Content-Type: application/json; charset=utf-8
host: localhost:61800
accept: */*

Response DefaultHttpResponse(decodeResult: success, version: HTTP/1.1)
HTTP/1.1 200 OK
Content-Type: application/json; charset=utf-8
cache-control: no-cache
content-length: 14

17:52:56.504 [AsyncHttpClient-1-2] DEBUG o.a.netty.channel.ChannelManager - Adding key: http://localhost:61800 for channel [id: 0x4555661c, L:/127.0.0.1:57365 - R:localhost/127.0.0.1:61800]
17:52:56.508 [Forwarding isElementDisplayed on session 894a5667ed4874eae83f34446ccc6339 to remote] DEBUG o.a.netty.request.NettyRequestSender - Using pooled Channel '[id: 0x4555661c, L:/127.0.0.1:57365 - R:localhost/127.0.0.1:61800]' for 'POST' to 'http://localhost:61800/session/894a5667ed4874eae83f34446ccc6339/execute/sync'
17:52:56.508 [Forwarding isElementDisplayed on session 894a5667ed4874eae83f34446ccc6339 to remote] DEBUG o.a.netty.request.NettyRequestSender - Using open Channel [id: 0x4555661c, L:/127.0.0.1:57365 - R:localhost/127.0.0.1:61800] for POST '/session/894a5667ed4874eae83f34446ccc6339/execute/sync'
17:52:56.508 [AsyncHttpClient-1-2] DEBUG o.a.netty.handler.HttpHandler - 

Request DefaultHttpRequest(decodeResult: success, version: HTTP/1.1)
POST /session/894a5667ed4874eae83f34446ccc6339/execute/sync HTTP/1.1
User-Agent: selenium/4.1.1 (java windows)
Content-Length: 48780
Content-Type: application/json; charset=utf-8
host: localhost:61800
accept: */*

Response DefaultHttpResponse(decodeResult: success, version: HTTP/1.1)
HTTP/1.1 200 OK
Content-Type: application/json; charset=utf-8
cache-control: no-cache
content-length: 14

17:52:56.508 [AsyncHttpClient-1-2] DEBUG o.a.netty.channel.ChannelManager - Adding key: http://localhost:61800 for channel [id: 0x4555661c, L:/127.0.0.1:57365 - R:localhost/127.0.0.1:61800]
17:52:56.524 [Forwarding isElementDisplayed on session 894a5667ed4874eae83f34446ccc6339 to remote] DEBUG o.a.netty.request.NettyRequestSender - Using pooled Channel '[id: 0x4555661c, L:/127.0.0.1:57365 - R:localhost/127.0.0.1:61800]' for 'POST' to 'http://localhost:61800/session/894a5667ed4874eae83f34446ccc6339/execute/sync'
17:52:56.524 [Forwarding isElementDisplayed on session 894a5667ed4874eae83f34446ccc6339 to remote] DEBUG o.a.netty.request.NettyRequestSender - Using open Channel [id: 0x4555661c, L:/127.0.0.1:57365 - R:localhost/127.0.0.1:61800] for POST '/session/894a5667ed4874eae83f34446ccc6339/execute/sync'
17:52:56.524 [AsyncHttpClient-1-2] DEBUG o.a.netty.handler.HttpHandler - 

Request DefaultHttpRequest(decodeResult: success, version: HTTP/1.1)
POST /session/894a5667ed4874eae83f34446ccc6339/execute/sync HTTP/1.1
User-Agent: selenium/4.1.1 (java windows)
Content-Length: 48780
Content-Type: application/json; charset=utf-8
host: localhost:61800
accept: */*

Response DefaultHttpResponse(decodeResult: success, version: HTTP/1.1)
HTTP/1.1 200 OK
Content-Type: application/json; charset=utf-8
cache-control: no-cache
content-length: 14

17:52:56.524 [AsyncHttpClient-1-2] DEBUG o.a.netty.channel.ChannelManager - Adding key: http://localhost:61800 for channel [id: 0x4555661c, L:/127.0.0.1:57365 - R:localhost/127.0.0.1:61800]
17:52:56.540 [Forwarding isElementDisplayed on session 894a5667ed4874eae83f34446ccc6339 to remote] DEBUG o.a.netty.request.NettyRequestSender - Using pooled Channel '[id: 0x4555661c, L:/127.0.0.1:57365 - R:localhost/127.0.0.1:61800]' for 'POST' to 'http://localhost:61800/session/894a5667ed4874eae83f34446ccc6339/execute/sync'
17:52:56.540 [Forwarding isElementDisplayed on session 894a5667ed4874eae83f34446ccc6339 to remote] DEBUG o.a.netty.request.NettyRequestSender - Using open Channel [id: 0x4555661c, L:/127.0.0.1:57365 - R:localhost/127.0.0.1:61800] for POST '/session/894a5667ed4874eae83f34446ccc6339/execute/sync'
17:52:56.540 [AsyncHttpClient-1-2] DEBUG o.a.netty.handler.HttpHandler - 

Request DefaultHttpRequest(decodeResult: success, version: HTTP/1.1)
POST /session/894a5667ed4874eae83f34446ccc6339/execute/sync HTTP/1.1
User-Agent: selenium/4.1.1 (java windows)
Content-Length: 48780
Content-Type: application/json; charset=utf-8
host: localhost:61800
accept: */*

Response DefaultHttpResponse(decodeResult: success, version: HTTP/1.1)
HTTP/1.1 200 OK
Content-Type: application/json; charset=utf-8
cache-control: no-cache
content-length: 14

17:52:56.540 [AsyncHttpClient-1-2] DEBUG o.a.netty.channel.ChannelManager - Adding key: http://localhost:61800 for channel [id: 0x4555661c, L:/127.0.0.1:57365 - R:localhost/127.0.0.1:61800]
17:52:56.540 [Forwarding isElementDisplayed on session 894a5667ed4874eae83f34446ccc6339 to remote] DEBUG o.a.netty.request.NettyRequestSender - Using pooled Channel '[id: 0x4555661c, L:/127.0.0.1:57365 - R:localhost/127.0.0.1:61800]' for 'POST' to 'http://localhost:61800/session/894a5667ed4874eae83f34446ccc6339/execute/sync'
17:52:56.540 [Forwarding isElementDisplayed on session 894a5667ed4874eae83f34446ccc6339 to remote] DEBUG o.a.netty.request.NettyRequestSender - Using open Channel [id: 0x4555661c, L:/127.0.0.1:57365 - R:localhost/127.0.0.1:61800] for POST '/session/894a5667ed4874eae83f34446ccc6339/execute/sync'
17:52:56.557 [AsyncHttpClient-1-2] DEBUG o.a.netty.handler.HttpHandler - 

Request DefaultHttpRequest(decodeResult: success, version: HTTP/1.1)
POST /session/894a5667ed4874eae83f34446ccc6339/execute/sync HTTP/1.1
User-Agent: selenium/4.1.1 (java windows)
Content-Length: 48780
Content-Type: application/json; charset=utf-8
host: localhost:61800
accept: */*

Response DefaultHttpResponse(decodeResult: success, version: HTTP/1.1)
HTTP/1.1 200 OK
Content-Type: application/json; charset=utf-8
cache-control: no-cache
content-length: 14

17:52:56.557 [AsyncHttpClient-1-2] DEBUG o.a.netty.channel.ChannelManager - Adding key: http://localhost:61800 for channel [id: 0x4555661c, L:/127.0.0.1:57365 - R:localhost/127.0.0.1:61800]
17:52:56.557 [Forwarding getElementAttribute on session 894a5667ed4874eae83f34446ccc6339 to remote] DEBUG o.a.netty.request.NettyRequestSender - Using pooled Channel '[id: 0x4555661c, L:/127.0.0.1:57365 - R:localhost/127.0.0.1:61800]' for 'POST' to 'http://localhost:61800/session/894a5667ed4874eae83f34446ccc6339/execute/sync'
17:52:56.557 [Forwarding getElementAttribute on session 894a5667ed4874eae83f34446ccc6339 to remote] DEBUG o.a.netty.request.NettyRequestSender - Using open Channel [id: 0x4555661c, L:/127.0.0.1:57365 - R:localhost/127.0.0.1:61800] for POST '/session/894a5667ed4874eae83f34446ccc6339/execute/sync'
17:52:56.573 [AsyncHttpClient-1-2] DEBUG o.a.netty.handler.HttpHandler - 

Request DefaultHttpRequest(decodeResult: success, version: HTTP/1.1)
POST /session/894a5667ed4874eae83f34446ccc6339/execute/sync HTTP/1.1
User-Agent: selenium/4.1.1 (java windows)
Content-Length: 47340
Content-Type: application/json; charset=utf-8
host: localhost:61800
accept: */*

Response DefaultHttpResponse(decodeResult: success, version: HTTP/1.1)
HTTP/1.1 200 OK
Content-Type: application/json; charset=utf-8
cache-control: no-cache
content-length: 14

17:52:56.573 [AsyncHttpClient-1-2] DEBUG o.a.netty.channel.ChannelManager - Adding key: http://localhost:61800 for channel [id: 0x4555661c, L:/127.0.0.1:57365 - R:localhost/127.0.0.1:61800]
17:52:56.573 [Forwarding getElementText on session 894a5667ed4874eae83f34446ccc6339 to remote] DEBUG o.a.netty.request.NettyRequestSender - Using pooled Channel '[id: 0x4555661c, L:/127.0.0.1:57365 - R:localhost/127.0.0.1:61800]' for 'GET' to 'http://localhost:61800/session/894a5667ed4874eae83f34446ccc6339/element/1ae3cc73-6668-4633-a4c3-8f87cdfd588e/text'
17:52:56.573 [Forwarding getElementText on session 894a5667ed4874eae83f34446ccc6339 to remote] DEBUG o.a.netty.request.NettyRequestSender - Using open Channel [id: 0x4555661c, L:/127.0.0.1:57365 - R:localhost/127.0.0.1:61800] for GET '/session/894a5667ed4874eae83f34446ccc6339/element/1ae3cc73-6668-4633-a4c3-8f87cdfd588e/text'
17:52:56.589 [AsyncHttpClient-1-2] DEBUG o.a.netty.handler.HttpHandler - 

Request DefaultFullHttpRequest(decodeResult: success, version: HTTP/1.1, content: EmptyByteBufBE)
GET /session/894a5667ed4874eae83f34446ccc6339/element/1ae3cc73-6668-4633-a4c3-8f87cdfd588e/text HTTP/1.1
User-Agent: selenium/4.1.1 (java windows)
Cache-Control: no-cache
Content-Type: application/json; charset=utf-8
host: localhost:61800
accept: */*

Response DefaultHttpResponse(decodeResult: success, version: HTTP/1.1)
HTTP/1.1 200 OK
Content-Type: application/json; charset=utf-8
cache-control: no-cache
content-length: 27

17:52:56.589 [AsyncHttpClient-1-2] DEBUG o.a.netty.channel.ChannelManager - Adding key: http://localhost:61800 for channel [id: 0x4555661c, L:/127.0.0.1:57365 - R:localhost/127.0.0.1:61800]
17:52:56.589 [Forwarding getElementText on session 894a5667ed4874eae83f34446ccc6339 to remote] DEBUG o.a.netty.request.NettyRequestSender - Using pooled Channel '[id: 0x4555661c, L:/127.0.0.1:57365 - R:localhost/127.0.0.1:61800]' for 'GET' to 'http://localhost:61800/session/894a5667ed4874eae83f34446ccc6339/element/1ae3cc73-6668-4633-a4c3-8f87cdfd588e/text'
17:52:56.589 [Forwarding getElementText on session 894a5667ed4874eae83f34446ccc6339 to remote] DEBUG o.a.netty.request.NettyRequestSender - Using open Channel [id: 0x4555661c, L:/127.0.0.1:57365 - R:localhost/127.0.0.1:61800] for GET '/session/894a5667ed4874eae83f34446ccc6339/element/1ae3cc73-6668-4633-a4c3-8f87cdfd588e/text'
17:52:56.589 [AsyncHttpClient-1-2] DEBUG o.a.netty.handler.HttpHandler - 

Request DefaultFullHttpRequest(decodeResult: success, version: HTTP/1.1, content: EmptyByteBufBE)
GET /session/894a5667ed4874eae83f34446ccc6339/element/1ae3cc73-6668-4633-a4c3-8f87cdfd588e/text HTTP/1.1
User-Agent: selenium/4.1.1 (java windows)
Cache-Control: no-cache
Content-Type: application/json; charset=utf-8
host: localhost:61800
accept: */*

Response DefaultHttpResponse(decodeResult: success, version: HTTP/1.1)
HTTP/1.1 200 OK
Content-Type: application/json; charset=utf-8
cache-control: no-cache
content-length: 27

17:52:56.589 [AsyncHttpClient-1-2] DEBUG o.a.netty.channel.ChannelManager - Adding key: http://localhost:61800 for channel [id: 0x4555661c, L:/127.0.0.1:57365 - R:localhost/127.0.0.1:61800]
17:52:56.712 [main] DEBUG n.s.s.targets.IFrameSwitcher - default content already selected for h2
17:52:56.728 [Forwarding findElement on session 894a5667ed4874eae83f34446ccc6339 to remote] DEBUG o.a.netty.request.NettyRequestSender - Using pooled Channel '[id: 0x4555661c, L:/127.0.0.1:57365 - R:localhost/127.0.0.1:61800]' for 'POST' to 'http://localhost:61800/session/894a5667ed4874eae83f34446ccc6339/element'
17:52:56.728 [Forwarding findElement on session 894a5667ed4874eae83f34446ccc6339 to remote] DEBUG o.a.netty.request.NettyRequestSender - Using open Channel [id: 0x4555661c, L:/127.0.0.1:57365 - R:localhost/127.0.0.1:61800] for POST '/session/894a5667ed4874eae83f34446ccc6339/element'
17:52:56.754 [AsyncHttpClient-1-2] DEBUG o.a.netty.handler.HttpHandler - 

Request DefaultHttpRequest(decodeResult: success, version: HTTP/1.1)
POST /session/894a5667ed4874eae83f34446ccc6339/element HTTP/1.1
User-Agent: selenium/4.1.1 (java windows)
Content-Length: 87
Content-Type: application/json; charset=utf-8
host: localhost:61800
accept: */*

Response DefaultHttpResponse(decodeResult: success, version: HTTP/1.1)
HTTP/1.1 200 OK
Content-Type: application/json; charset=utf-8
cache-control: no-cache
content-length: 88

17:52:56.754 [AsyncHttpClient-1-2] DEBUG o.a.netty.channel.ChannelManager - Adding key: http://localhost:61800 for channel [id: 0x4555661c, L:/127.0.0.1:57365 - R:localhost/127.0.0.1:61800]
17:52:56.763 [Forwarding isElementDisplayed on session 894a5667ed4874eae83f34446ccc6339 to remote] DEBUG o.a.netty.request.NettyRequestSender - Using pooled Channel '[id: 0x4555661c, L:/127.0.0.1:57365 - R:localhost/127.0.0.1:61800]' for 'POST' to 'http://localhost:61800/session/894a5667ed4874eae83f34446ccc6339/execute/sync'
17:52:56.763 [Forwarding isElementDisplayed on session 894a5667ed4874eae83f34446ccc6339 to remote] DEBUG o.a.netty.request.NettyRequestSender - Using open Channel [id: 0x4555661c, L:/127.0.0.1:57365 - R:localhost/127.0.0.1:61800] for POST '/session/894a5667ed4874eae83f34446ccc6339/execute/sync'
17:52:56.777 [AsyncHttpClient-1-2] DEBUG o.a.netty.handler.HttpHandler - 

Request DefaultHttpRequest(decodeResult: success, version: HTTP/1.1)
POST /session/894a5667ed4874eae83f34446ccc6339/execute/sync HTTP/1.1
User-Agent: selenium/4.1.1 (java windows)
Content-Length: 48780
Content-Type: application/json; charset=utf-8
host: localhost:61800
accept: */*

Response DefaultHttpResponse(decodeResult: success, version: HTTP/1.1)
HTTP/1.1 200 OK
Content-Type: application/json; charset=utf-8
cache-control: no-cache
content-length: 14

17:52:56.777 [AsyncHttpClient-1-2] DEBUG o.a.netty.channel.ChannelManager - Adding key: http://localhost:61800 for channel [id: 0x4555661c, L:/127.0.0.1:57365 - R:localhost/127.0.0.1:61800]
17:52:56.785 [Forwarding screenshot on session 894a5667ed4874eae83f34446ccc6339 to remote] DEBUG o.a.netty.request.NettyRequestSender - Using pooled Channel '[id: 0x4555661c, L:/127.0.0.1:57365 - R:localhost/127.0.0.1:61800]' for 'GET' to 'http://localhost:61800/session/894a5667ed4874eae83f34446ccc6339/screenshot'
17:52:56.785 [Forwarding screenshot on session 894a5667ed4874eae83f34446ccc6339 to remote] DEBUG o.a.netty.request.NettyRequestSender - Using open Channel [id: 0x4555661c, L:/127.0.0.1:57365 - R:localhost/127.0.0.1:61800] for GET '/session/894a5667ed4874eae83f34446ccc6339/screenshot'
17:52:56.979 [AsyncHttpClient-1-2] DEBUG o.a.netty.handler.HttpHandler - 

Request DefaultFullHttpRequest(decodeResult: success, version: HTTP/1.1, content: EmptyByteBufBE)
GET /session/894a5667ed4874eae83f34446ccc6339/screenshot HTTP/1.1
User-Agent: selenium/4.1.1 (java windows)
Cache-Control: no-cache
Content-Type: application/json; charset=utf-8
host: localhost:61800
accept: */*

Response DefaultHttpResponse(decodeResult: success, version: HTTP/1.1)
HTTP/1.1 200 OK
Content-Type: application/json; charset=utf-8
cache-control: no-cache
content-length: 41040

17:52:56.980 [AsyncHttpClient-1-2] DEBUG o.a.netty.channel.ChannelManager - Adding key: http://localhost:61800 for channel [id: 0x4555661c, L:/127.0.0.1:57365 - R:localhost/127.0.0.1:61800]
17:52:56.984 [main] DEBUG n.s.core.photography.Darkroom - Send negative for processing for target\site\serenity\c196354812b85a14d97d93dd7fac95f23824b66f3a6a5c9484bd934729561515.png
17:52:56.984 [main] DEBUG n.t.core.steps.StepInterceptor - STEP DONE: !#title
17:52:56.984 [Darkroom Processing Line] DEBUG n.s.c.p.DarkroomProcessingLine - Processing screenshot image in /var/screenshots/screenshot-5412317036126997205
17:52:56.984 [Darkroom Processing Line] DEBUG n.s.c.p.DarkroomProcessingLine - Saving screenshot to target\site\serenity\c196354812b85a14d97d93dd7fac95f23824b66f3a6a5c9484bd934729561515.png
17:52:57.069 [AsyncHttpClient-1-1] DEBUG o.a.netty.channel.DefaultChannelPool - Entry count for : http://localhost:61800 : 1
17:52:57.069 [AsyncHttpClient-1-1] DEBUG o.a.netty.channel.DefaultChannelPool - Entry count for : http://localhost:57366 : 1
17:52:57.100 [Forwarding screenshot on session 894a5667ed4874eae83f34446ccc6339 to remote] DEBUG o.a.netty.request.NettyRequestSender - Using pooled Channel '[id: 0x4555661c, L:/127.0.0.1:57365 - R:localhost/127.0.0.1:61800]' for 'GET' to 'http://localhost:61800/session/894a5667ed4874eae83f34446ccc6339/screenshot'
17:52:57.101 [Forwarding screenshot on session 894a5667ed4874eae83f34446ccc6339 to remote] DEBUG o.a.netty.request.NettyRequestSender - Using open Channel [id: 0x4555661c, L:/127.0.0.1:57365 - R:localhost/127.0.0.1:61800] for GET '/session/894a5667ed4874eae83f34446ccc6339/screenshot'
17:52:57.280 [AsyncHttpClient-1-2] DEBUG o.a.netty.handler.HttpHandler - 

Request DefaultFullHttpRequest(decodeResult: success, version: HTTP/1.1, content: EmptyByteBufBE)
GET /session/894a5667ed4874eae83f34446ccc6339/screenshot HTTP/1.1
User-Agent: selenium/4.1.1 (java windows)
Cache-Control: no-cache
Content-Type: application/json; charset=utf-8
host: localhost:61800
accept: */*

Response DefaultHttpResponse(decodeResult: success, version: HTTP/1.1)
HTTP/1.1 200 OK
Content-Type: application/json; charset=utf-8
cache-control: no-cache
content-length: 41040

17:52:57.280 [AsyncHttpClient-1-2] DEBUG o.a.netty.channel.ChannelManager - Adding key: http://localhost:61800 for channel [id: 0x4555661c, L:/127.0.0.1:57365 - R:localhost/127.0.0.1:61800]
17:52:57.283 [main] DEBUG n.s.core.photography.Darkroom - Send negative for processing for target\site\serenity\c196354812b85a14d97d93dd7fac95f23824b66f3a6a5c9484bd934729561515.png
17:52:57.285 [main] DEBUG n.s.s.targets.IFrameSwitcher - default content already selected for h2
17:52:57.288 [Forwarding findElement on session 894a5667ed4874eae83f34446ccc6339 to remote] DEBUG o.a.netty.request.NettyRequestSender - Using pooled Channel '[id: 0x4555661c, L:/127.0.0.1:57365 - R:localhost/127.0.0.1:61800]' for 'POST' to 'http://localhost:61800/session/894a5667ed4874eae83f34446ccc6339/element'
17:52:57.288 [Forwarding findElement on session 894a5667ed4874eae83f34446ccc6339 to remote] DEBUG o.a.netty.request.NettyRequestSender - Using open Channel [id: 0x4555661c, L:/127.0.0.1:57365 - R:localhost/127.0.0.1:61800] for POST '/session/894a5667ed4874eae83f34446ccc6339/element'
17:52:57.297 [AsyncHttpClient-1-2] DEBUG o.a.netty.handler.HttpHandler - 

Request DefaultHttpRequest(decodeResult: success, version: HTTP/1.1)
POST /session/894a5667ed4874eae83f34446ccc6339/element HTTP/1.1
User-Agent: selenium/4.1.1 (java windows)
Content-Length: 87
Content-Type: application/json; charset=utf-8
host: localhost:61800
accept: */*

Response DefaultHttpResponse(decodeResult: success, version: HTTP/1.1)
HTTP/1.1 200 OK
Content-Type: application/json; charset=utf-8
cache-control: no-cache
content-length: 88

17:52:57.297 [AsyncHttpClient-1-2] DEBUG o.a.netty.channel.ChannelManager - Adding key: http://localhost:61800 for channel [id: 0x4555661c, L:/127.0.0.1:57365 - R:localhost/127.0.0.1:61800]
17:52:57.301 [Forwarding isElementDisplayed on session 894a5667ed4874eae83f34446ccc6339 to remote] DEBUG o.a.netty.request.NettyRequestSender - Using pooled Channel '[id: 0x4555661c, L:/127.0.0.1:57365 - R:localhost/127.0.0.1:61800]' for 'POST' to 'http://localhost:61800/session/894a5667ed4874eae83f34446ccc6339/execute/sync'
17:52:57.301 [Forwarding isElementDisplayed on session 894a5667ed4874eae83f34446ccc6339 to remote] DEBUG o.a.netty.request.NettyRequestSender - Using open Channel [id: 0x4555661c, L:/127.0.0.1:57365 - R:localhost/127.0.0.1:61800] for POST '/session/894a5667ed4874eae83f34446ccc6339/execute/sync'
17:52:57.314 [AsyncHttpClient-1-2] DEBUG o.a.netty.handler.HttpHandler - 

Request DefaultHttpRequest(decodeResult: success, version: HTTP/1.1)
POST /session/894a5667ed4874eae83f34446ccc6339/execute/sync HTTP/1.1
User-Agent: selenium/4.1.1 (java windows)
Content-Length: 48780
Content-Type: application/json; charset=utf-8
host: localhost:61800
accept: */*

Response DefaultHttpResponse(decodeResult: success, version: HTTP/1.1)
HTTP/1.1 200 OK
Content-Type: application/json; charset=utf-8
cache-control: no-cache
content-length: 14

17:52:57.314 [AsyncHttpClient-1-2] DEBUG o.a.netty.channel.ChannelManager - Adding key: http://localhost:61800 for channel [id: 0x4555661c, L:/127.0.0.1:57365 - R:localhost/127.0.0.1:61800]
17:52:57.454 [main] INFO   - 
  _____   ___   ___   _____     ___     _     ___   ___   ___   ___  
 |_   _| | __| / __| |_   _|   | _ \   /_\   / __| / __| | __| |   \ 
   | |   | _|  \__ \   | |     |  _/  / _ \  \__ \ \__ \ | _|  | |) |
   |_|   |___| |___/   |_|     |_|   /_/ \_\ |___/ |___/ |___| |___/ 

User buy items
----------------------------------------------------------------------
]]></system-out>
    <system-err><![CDATA[Starting ChromeDriver 98.0.4758.80 (7f0488e8ba0d8e019187c6325a16c29d9b7f4989-refs/branch-heads/4758@{#972}) on port 61800
Only local connections are allowed.
Please see https://chromedriver.chromium.org/security-considerations for suggestions on keeping ChromeDriver safe.
ChromeDriver was started successfully.
Feb 15, 2022 5:52:28 PM org.openqa.selenium.remote.ProtocolHandshake createSession
INFO: Detected dialect: W3C
Feb 15, 2022 5:52:29 PM org.openqa.selenium.devtools.CdpVersionFinder findNearestMatch
WARNING: Unable to find an exact match for CDP version 98, so returning the closest version found: 96
Feb 15, 2022 5:52:29 PM org.openqa.selenium.devtools.CdpVersionFinder findNearestMatch
INFO: Found CDP implementation for version 98 of 96
]]></system-err>
  </testcase>
</testsuite>